#
# A fatal error has been detected by the Java Runtime Environment:
#
#  EXCEPTION_ACCESS_VIOLATION (0xc0000005) at pc=0x00007ffaef6ecefc, pid=6436, tid=17284
#
# JRE version: Java(TM) SE Runtime Environment (20.0.2+9) (build 20.0.2+9-78)
# Java VM: Java HotSpot(TM) 64-Bit Server VM (20.0.2+9-78, mixed mode, sharing, tiered, compressed oops, compressed class ptrs, g1 gc, windows-amd64)
# Problematic frame:
# C  [lwjgl_opengl.dll+0xcefc]
#
# No core dump will be written. Minidumps are not enabled by default on client versions of Windows
#
# If you would like to submit a bug report, please visit:
#   https://bugreport.java.com/bugreport/crash.jsp
# The crash happened outside the Java Virtual Machine in native code.
# See problematic frame for where to report the bug.
#

---------------  S U M M A R Y ------------

Command Line: -javaagent:D:\Nikita_WeW\coding\intellij idea\lib\idea_rt.jar=60642:D:\Nikita_WeW\coding\intellij idea\bin -Dfile.encoding=UTF-8 -Dsun.stdout.encoding=UTF-8 -Dsun.stderr.encoding=UTF-8 Main

Host: Intel(R) Core(TM) i5-8265U CPU @ 1.60GHz, 8 cores, 7G,  Windows 10 , 64 bit Build 19041 (10.0.19041.3155)
Time: Fri Aug  4 14:31:22 2023 RTZ 2 (s 10 , 64 bit Build 19041 (10.0.19041.3155) elapsed time: 0.359788 seconds (0d 0h 0m 0s)

---------------  T H R E A D  ---------------

Current thread (0x000001ca6d8b9ba0):  JavaThread "Thread-0" [_thread_in_native, id=17284, stack(0x0000007853c00000,0x0000007853d00000)]

Stack: [0x0000007853c00000,0x0000007853d00000],  sp=0x0000007853cff1a8,  free space=1020k
Native frames: (J=compiled Java code, j=interpreted, Vv=VM code, C=native code)
C  [lwjgl_opengl.dll+0xcefc]

Java frames: (J=compiled Java code, j=interpreted, Vv=VM code)
j  org.lwjgl.opengl.GL11C.glViewport(IIII)V+0
j  org.lwjgl.opengl.GL11.glViewport(IIII)V+4
j  Engine.Window.run()V+92
j  java.lang.Thread.runWith(Ljava/lang/Object;Ljava/lang/Runnable;)V+5 java.base@20.0.2
j  java.lang.Thread.run()V+19 java.base@20.0.2
v  ~StubRoutines::call_stub 0x000001ca1b06100d

siginfo: EXCEPTION_ACCESS_VIOLATION (0xc0000005), reading address 0x0000000000000a78


Registers:
RAX=0x000001ca6dbaf080, RBX=0x000001ca69d2e958, RCX=0x0000000000000000, RDX=0x0000000000000000
RSP=0x0000007853cff1a8, RBP=0x0000007853cff240, RSI=0x0000000000000000, RDI=0x000001ca1b07de8a
R8 =0x00000000000004b0, R9 =0x00000000000004b0, R10=0x0000000000000000, R11=0x000000008976a9c0
R12=0x0000000000000000, R13=0x000001ca69d2e950, R14=0x0000007853cff278, R15=0x000001ca6d8b9ba0
RIP=0x00007ffaef6ecefc, EFLAGS=0x0000000000010283


Register to memory mapping:

RIP=0x00007ffaef6ecefc lwjgl_opengl.dll
RAX=0x000001ca6dbaf080 points into unknown readable memory: 0x0000000000000000 | 00 00 00 00 00 00 00 00
RBX={method} {0x000001ca69d2e960} 'glViewport' '(IIII)V' in 'org/lwjgl/opengl/GL11C'
RCX=0x0 is NULL
RDX=0x0 is NULL
RSP=0x0000007853cff1a8 is pointing into the stack for thread: 0x000001ca6d8b9ba0
RBP=0x0000007853cff240 is pointing into the stack for thread: 0x000001ca6d8b9ba0
RSI=0x0 is NULL
RDI=0x000001ca1b07de8a is at code_begin+1098 in an Interpreter codelet
return entry points  [0x000001ca1b07da40, 0x000001ca1b07e508]  2760 bytes
R8 =0x00000000000004b0 is an unknown value
R9 =0x00000000000004b0 is an unknown value
R10=0x0 is NULL
R11=0x000000008976a9c0 is an oop: java.lang.Class 
{0x000000008976a9c0} - klass: 'java/lang/Class'
 - ---- fields (total size 116 words):
 - private volatile transient 'classRedefinedCount' 'I' @12  0 (0x00000000)
 - abstract internal 'klass' 'J' @16  1967791371192 (0x000001ca298173b8)
 - abstract internal 'array_klass' 'J' @24  0 (0x0000000000000000)
 - abstract internal 'oop_size' 'I' @32  116 (0x00000074)
 - abstract internal 'static_oop_field_count' 'I' @36  0 (0x00000000)
 - private volatile transient 'cachedConstructor' 'Ljava/lang/reflect/Constructor;' @40  NULL (0x00000000)
 - private transient 'name' 'Ljava/lang/String;' @44  "org.lwjgl.opengl.GL11C"{0x000000008976ad60} (0x8976ad60)
 - private transient 'module' 'Ljava/lang/Module;' @48  a 'java/lang/Module'{0x0000000089d67a60} (0x89d67a60)
 - private final 'classLoader' 'Ljava/lang/ClassLoader;' @52  a 'jdk/internal/loader/ClassLoaders$AppClassLoader'{0x0000000089d678a0} (0x89d678a0)
 - private transient 'classData' 'Ljava/lang/Object;' @56  NULL (0x00000000)
 - private transient 'packageName' 'Ljava/lang/String;' @60  "org.lwjgl.opengl"{0x00000000898b4808} (0x898b4808)
 - private final 'componentType' 'Ljava/lang/Class;' @64  NULL (0x00000000)
 - private volatile transient 'reflectionData' 'Ljava/lang/ref/SoftReference;' @68  NULL (0x00000000)
 - private volatile transient 'genericInfo' 'Lsun/reflect/generics/repository/ClassRepository;' @72  NULL (0x00000000)
 - private volatile transient 'enumConstants' '[Ljava/lang/Object;' @76  NULL (0x00000000)
 - private volatile transient 'enumConstantDirectory' 'Ljava/util/Map;' @80  NULL (0x00000000)
 - private volatile transient 'annotationData' 'Ljava/lang/Class$AnnotationData;' @84  NULL (0x00000000)
 - private volatile transient 'annotationType' 'Lsun/reflect/annotation/AnnotationType;' @88  NULL (0x00000000)
 - transient 'classValueMap' 'Ljava/lang/ClassValue$ClassValueMap;' @92  NULL (0x00000000)
 - abstract internal 'protection_domain' 'Ljava/lang/Object;' @96  a 'java/security/ProtectionDomain'{0x00000000898f4218} (0x898f4218)
 - abstract internal 'signers_name' 'Ljava/lang/Object;' @100  NULL (0x00000000)
 - abstract internal 'source_file' 'Ljava/lang/Object;' @104  NULL (0x00000000)
 - signature: Lorg/lwjgl/opengl/GL11C;
 - ---- static fields (0):
 - public static final 'GL_NEVER' 'I' @112  512 (0x00000200)
 - public static final 'GL_LESS' 'I' @116  513 (0x00000201)
 - public static final 'GL_EQUAL' 'I' @120  514 (0x00000202)
 - public static final 'GL_LEQUAL' 'I' @124  515 (0x00000203)
 - public static final 'GL_GREATER' 'I' @128  516 (0x00000204)
 - public static final 'GL_NOTEQUAL' 'I' @132  517 (0x00000205)
 - public static final 'GL_GEQUAL' 'I' @136  518 (0x00000206)
 - public static final 'GL_ALWAYS' 'I' @140  519 (0x00000207)
 - public static final 'GL_DEPTH_BUFFER_BIT' 'I' @144  256 (0x00000100)
 - public static final 'GL_STENCIL_BUFFER_BIT' 'I' @148  1024 (0x00000400)
 - public static final 'GL_COLOR_BUFFER_BIT' 'I' @152  16384 (0x00004000)
 - public static final 'GL_POINTS' 'I' @156  0 (0x00000000)
 - public static final 'GL_LINES' 'I' @160  1 (0x00000001)
 - public static final 'GL_LINE_LOOP' 'I' @164  2 (0x00000002)
 - public static final 'GL_LINE_STRIP' 'I' @168  3 (0x00000003)
 - public static final 'GL_TRIANGLES' 'I' @172  4 (0x00000004)
 - public static final 'GL_TRIANGLE_STRIP' 'I' @176  5 (0x00000005)
 - public static final 'GL_TRIANGLE_FAN' 'I' @180  6 (0x00000006)
 - public static final 'GL_QUADS' 'I' @184  7 (0x00000007)
 - public static final 'GL_ZERO' 'I' @188  0 (0x00000000)
 - public static final 'GL_ONE' 'I' @192  1 (0x00000001)
 - public static final 'GL_SRC_COLOR' 'I' @196  768 (0x00000300)
 - public static final 'GL_ONE_MINUS_SRC_COLOR' 'I' @200  769 (0x00000301)
 - public static final 'GL_SRC_ALPHA' 'I' @204  770 (0x00000302)
 - public static final 'GL_ONE_MINUS_SRC_ALPHA' 'I' @208  771 (0x00000303)
 - public static final 'GL_DST_ALPHA' 'I' @212  772 (0x00000304)
 - public static final 'GL_ONE_MINUS_DST_ALPHA' 'I' @216  773 (0x00000305)
 - public static final 'GL_DST_COLOR' 'I' @220  774 (0x00000306)
 - public static final 'GL_ONE_MINUS_DST_COLOR' 'I' @224  775 (0x00000307)
 - public static final 'GL_SRC_ALPHA_SATURATE' 'I' @228  776 (0x00000308)
 - public static final 'GL_TRUE' 'I' @232  1 (0x00000001)
 - public static final 'GL_FALSE' 'I' @236  0 (0x00000000)
 - public static final 'GL_BYTE' 'I' @240  5120 (0x00001400)
 - public static final 'GL_UNSIGNED_BYTE' 'I' @244  5121 (0x00001401)
 - public static final 'GL_SHORT' 'I' @248  5122 (0x00001402)
 - public static final 'GL_UNSIGNED_SHORT' 'I' @252  5123 (0x00001403)
 - public static final 'GL_INT' 'I' @256  5124 (0x00001404)
 - public static final 'GL_UNSIGNED_INT' 'I' @260  5125 (0x00001405)
 - public static final 'GL_FLOAT' 'I' @264  5126 (0x00001406)
 - public static final 'GL_DOUBLE' 'I' @268  5130 (0x0000140a)
 - public static final 'GL_NONE' 'I' @272  0 (0x00000000)
 - public static final 'GL_FRONT_LEFT' 'I' @276  1024 (0x00000400)
 - public static final 'GL_FRONT_RIGHT' 'I' @280  1025 (0x00000401)
 - public static final 'GL_BACK_LEFT' 'I' @284  1026 (0x00000402)
 - public static final 'GL_BACK_RIGHT' 'I' @288  1027 (0x00000403)
 - public static final 'GL_FRONT' 'I' @292  1028 (0x00000404)
 - public static final 'GL_BACK' 'I' @296  1029 (0x00000405)
 - public static final 'GL_LEFT' 'I' @300  1030 (0x00000406)
 - public static final 'GL_RIGHT' 'I' @304  1031 (0x00000407)
 - public static final 'GL_FRONT_AND_BACK' 'I' @308  1032 (0x00000408)
 - public static final 'GL_NO_ERROR' 'I' @312  0 (0x00000000)
 - public static final 'GL_INVALID_ENUM' 'I' @316  1280 (0x00000500)
 - public static final 'GL_INVALID_VALUE' 'I' @320  1281 (0x00000501)
 - public static final 'GL_INVALID_OPERATION' 'I' @324  1282 (0x00000502)
 - public static final 'GL_STACK_OVERFLOW' 'I' @328  1283 (0x00000503)
 - public static final 'GL_STACK_UNDERFLOW' 'I' @332  1284 (0x00000504)
 - public static final 'GL_OUT_OF_MEMORY' 'I' @336  1285 (0x00000505)
 - public static final 'GL_CW' 'I' @340  2304 (0x00000900)
 - public static final 'GL_CCW' 'I' @344  2305 (0x00000901)
 - public static final 'GL_POINT_SIZE' 'I' @348  2833 (0x00000b11)
 - public static final 'GL_POINT_SIZE_RANGE' 'I' @352  2834 (0x00000b12)
 - public static final 'GL_POINT_SIZE_GRANULARITY' 'I' @356  2835 (0x00000b13)
 - public static final 'GL_LINE_SMOOTH' 'I' @360  2848 (0x00000b20)
 - public static final 'GL_LINE_WIDTH' 'I' @364  2849 (0x00000b21)
 - public static final 'GL_LINE_WIDTH_RANGE' 'I' @368  2850 (0x00000b22)
 - public static final 'GL_LINE_WIDTH_GRANULARITY' 'I' @372  2851 (0x00000b23)
 - public static final 'GL_POLYGON_MODE' 'I' @376  2880 (0x00000b40)
 - public static final 'GL_POLYGON_SMOOTH' 'I' @380  2881 (0x00000b41)
 - public static final 'GL_CULL_FACE' 'I' @384  2884 (0x00000b44)
 - public static final 'GL_CULL_FACE_MODE' 'I' @388  2885 (0x00000b45)
 - public static final 'GL_FRONT_FACE' 'I' @392  2886 (0x00000b46)
 - public static final 'GL_DEPTH_RANGE' 'I' @396  2928 (0x00000b70)
 - public static final 'GL_DEPTH_TEST' 'I' @400  2929 (0x00000b71)
 - public static final 'GL_DEPTH_WRITEMASK' 'I' @404  2930 (0x00000b72)
 - public static final 'GL_DEPTH_CLEAR_VALUE' 'I' @408  2931 (0x00000b73)
 - public static final 'GL_DEPTH_FUNC' 'I' @412  2932 (0x00000b74)
 - public static final 'GL_STENCIL_TEST' 'I' @416  2960 (0x00000b90)
 - public static final 'GL_STENCIL_CLEAR_VALUE' 'I' @420  2961 (0x00000b91)
 - public static final 'GL_STENCIL_FUNC' 'I' @424  2962 (0x00000b92)
 - public static final 'GL_STENCIL_VALUE_MASK' 'I' @428  2963 (0x00000b93)
 - public static final 'GL_STENCIL_FAIL' 'I' @432  2964 (0x00000b94)
 - public static final 'GL_STENCIL_PASS_DEPTH_FAIL' 'I' @436  2965 (0x00000b95)
 - public static final 'GL_STENCIL_PASS_DEPTH_PASS' 'I' @440  2966 (0x00000b96)
 - public static final 'GL_STENCIL_REF' 'I' @444  2967 (0x00000b97)
 - public static final 'GL_STENCIL_WRITEMASK' 'I' @448  2968 (0x00000b98)
 - public static final 'GL_VIEWPORT' 'I' @452  2978 (0x00000ba2)
 - public static final 'GL_DITHER' 'I' @456  3024 (0x00000bd0)
 - public static final 'GL_BLEND_DST' 'I' @460  3040 (0x00000be0)
 - public static final 'GL_BLEND_SRC' 'I' @464  3041 (0x00000be1)
 - public static final 'GL_BLEND' 'I' @468  3042 (0x00000be2)
 - public static final 'GL_LOGIC_OP_MODE' 'I' @472  3056 (0x00000bf0)
 - public static final 'GL_COLOR_LOGIC_OP' 'I' @476  3058 (0x00000bf2)
 - public static final 'GL_DRAW_BUFFER' 'I' @480  3073 (0x00000c01)
 - public static final 'GL_READ_BUFFER' 'I' @484  3074 (0x00000c02)
 - public static final 'GL_SCISSOR_BOX' 'I' @488  3088 (0x00000c10)
 - public static final 'GL_SCISSOR_TEST' 'I' @492  3089 (0x00000c11)
 - public static final 'GL_COLOR_CLEAR_VALUE' 'I' @496  3106 (0x00000c22)
 - public static final 'GL_COLOR_WRITEMASK' 'I' @500  3107 (0x00000c23)
 - public static final 'GL_DOUBLEBUFFER' 'I' @504  3122 (0x00000c32)
 - public static final 'GL_STEREO' 'I' @508  3123 (0x00000c33)
 - public static final 'GL_LINE_SMOOTH_HINT' 'I' @512  3154 (0x00000c52)
 - public static final 'GL_POLYGON_SMOOTH_HINT' 'I' @516  3155 (0x00000c53)
 - public static final 'GL_UNPACK_SWAP_BYTES' 'I' @520  3312 (0x00000cf0)
 - public static final 'GL_UNPACK_LSB_FIRST' 'I' @524  3313 (0x00000cf1)
 - public static final 'GL_UNPACK_ROW_LENGTH' 'I' @528  3314 (0x00000cf2)
 - public static final 'GL_UNPACK_SKIP_ROWS' 'I' @532  3315 (0x00000cf3)
 - public static final 'GL_UNPACK_SKIP_PIXELS' 'I' @536  3316 (0x00000cf4)
 - public static final 'GL_UNPACK_ALIGNMENT' 'I' @540  3317 (0x00000cf5)
 - public static final 'GL_PACK_SWAP_BYTES' 'I' @544  3328 (0x00000d00)
 - public static final 'GL_PACK_LSB_FIRST' 'I' @548  3329 (0x00000d01)
 - public static final 'GL_PACK_ROW_LENGTH' 'I' @552  3330 (0x00000d02)
 - public static final 'GL_PACK_SKIP_ROWS' 'I' @556  3331 (0x00000d03)
 - public static final 'GL_PACK_SKIP_PIXELS' 'I' @560  3332 (0x00000d04)
 - public static final 'GL_PACK_ALIGNMENT' 'I' @564  3333 (0x00000d05)
 - public static final 'GL_MAX_TEXTURE_SIZE' 'I' @568  3379 (0x00000d33)
 - public static final 'GL_MAX_VIEWPORT_DIMS' 'I' @572  3386 (0x00000d3a)
 - public static final 'GL_SUBPIXEL_BITS' 'I' @576  3408 (0x00000d50)
 - public static final 'GL_TEXTURE_1D' 'I' @580  3552 (0x00000de0)
 - public static final 'GL_TEXTURE_2D' 'I' @584  3553 (0x00000de1)
 - public static final 'GL_TEXTURE_WIDTH' 'I' @588  4096 (0x00001000)
 - public static final 'GL_TEXTURE_HEIGHT' 'I' @592  4097 (0x00001001)
 - public static final 'GL_TEXTURE_INTERNAL_FORMAT' 'I' @596  4099 (0x00001003)
 - public static final 'GL_TEXTURE_BORDER_COLOR' 'I' @600  4100 (0x00001004)
 - public static final 'GL_DONT_CARE' 'I' @604  4352 (0x00001100)
 - public static final 'GL_FASTEST' 'I' @608  4353 (0x00001101)
 - public static final 'GL_NICEST' 'I' @612  4354 (0x00001102)
 - public static final 'GL_CLEAR' 'I' @616  5376 (0x00001500)
 - public static final 'GL_AND' 'I' @620  5377 (0x00001501)
 - public static final 'GL_AND_REVERSE' 'I' @624  5378 (0x00001502)
 - public static final 'GL_COPY' 'I' @628  5379 (0x00001503)
 - public static final 'GL_AND_INVERTED' 'I' @632  5380 (0x00001504)
 - public static final 'GL_NOOP' 'I' @636  5381 (0x00001505)
 - public static final 'GL_XOR' 'I' @640  5382 (0x00001506)
 - public static final 'GL_OR' 'I' @644  5383 (0x00001507)
 - public static final 'GL_NOR' 'I' @648  5384 (0x00001508)
 - public static final 'GL_EQUIV' 'I' @652  5385 (0x00001509)
 - public static final 'GL_INVERT' 'I' @656  5386 (0x0000150a)
 - public static final 'GL_OR_REVERSE' 'I' @660  5387 (0x0000150b)
 - public static final 'GL_COPY_INVERTED' 'I' @664  5388 (0x0000150c)
 - public static final 'GL_OR_INVERTED' 'I' @668  5389 (0x0000150d)
 - public static final 'GL_NAND' 'I' @672  5390 (0x0000150e)
 - public static final 'GL_SET' 'I' @676  5391 (0x0000150f)
 - public static final 'GL_TEXTURE' 'I' @680  5890 (0x00001702)
 - public static final 'GL_COLOR' 'I' @684  6144 (0x00001800)
 - public static final 'GL_DEPTH' 'I' @688  6145 (0x00001801)
 - public static final 'GL_STENCIL' 'I' @692  6146 (0x00001802)
 - public static final 'GL_STENCIL_INDEX' 'I' @696  6401 (0x00001901)
 - public static final 'GL_DEPTH_COMPONENT' 'I' @700  6402 (0x00001902)
 - public static final 'GL_RED' 'I' @704  6403 (0x00001903)
 - public static final 'GL_GREEN' 'I' @708  6404 (0x00001904)
 - public static final 'GL_BLUE' 'I' @712  6405 (0x00001905)
 - public static final 'GL_ALPHA' 'I' @716  6406 (0x00001906)
 - public static final 'GL_RGB' 'I' @720  6407 (0x00001907)
 - public static final 'GL_RGBA' 'I' @724  6408 (0x00001908)
 - public static final 'GL_POINT' 'I' @728  6912 (0x00001b00)
 - public static final 'GL_LINE' 'I' @732  6913 (0x00001b01)
 - public static final 'GL_FILL' 'I' @736  6914 (0x00001b02)
 - public static final 'GL_KEEP' 'I' @740  7680 (0x00001e00)
 - public static final 'GL_REPLACE' 'I' @744  7681 (0x00001e01)
 - public static final 'GL_INCR' 'I' @748  7682 (0x00001e02)
 - public static final 'GL_DECR' 'I' @752  7683 (0x00001e03)
 - public static final 'GL_VENDOR' 'I' @756  7936 (0x00001f00)
 - public static final 'GL_RENDERER' 'I' @760  7937 (0x00001f01)
 - public static final 'GL_VERSION' 'I' @764  7938 (0x00001f02)
 - public static final 'GL_EXTENSIONS' 'I' @768  7939 (0x00001f03)
 - public static final 'GL_NEAREST' 'I' @772  9728 (0x00002600)
 - public static final 'GL_LINEAR' 'I' @776  9729 (0x00002601)
 - public static final 'GL_NEAREST_MIPMAP_NEAREST' 'I' @780  9984 (0x00002700)
 - public static final 'GL_LINEAR_MIPMAP_NEAREST' 'I' @784  9985 (0x00002701)
 - public static final 'GL_NEAREST_MIPMAP_LINEAR' 'I' @788  9986 (0x00002702)
 - public static final 'GL_LINEAR_MIPMAP_LINEAR' 'I' @792  9987 (0x00002703)
 - public static final 'GL_TEXTURE_MAG_FILTER' 'I' @796  10240 (0x00002800)
 - public static final 'GL_TEXTURE_MIN_FILTER' 'I' @800  10241 (0x00002801)
 - public static final 'GL_TEXTURE_WRAP_S' 'I' @804  10242 (0x00002802)
 - public static final 'GL_TEXTURE_WRAP_T' 'I' @808  10243 (0x00002803)
 - public static final 'GL_REPEAT' 'I' @812  10497 (0x00002901)
 - public static final 'GL_POLYGON_OFFSET_FACTOR' 'I' @816  32824 (0x00008038)
 - public static final 'GL_POLYGON_OFFSET_UNITS' 'I' @820  10752 (0x00002a00)
 - public static final 'GL_POLYGON_OFFSET_POINT' 'I' @824  10753 (0x00002a01)
 - public static final 'GL_POLYGON_OFFSET_LINE' 'I' @828  10754 (0x00002a02)
 - public static final 'GL_POLYGON_OFFSET_FILL' 'I' @832  32823 (0x00008037)
 - public static final 'GL_R3_G3_B2' 'I' @836  10768 (0x00002a10)
 - public static final 'GL_RGB4' 'I' @840  32847 (0x0000804f)
 - public static final 'GL_RGB5' 'I' @844  32848 (0x00008050)
 - public static final 'GL_RGB8' 'I' @848  32849 (0x00008051)
 - public static final 'GL_RGB10' 'I' @852  32850 (0x00008052)
 - public static final 'GL_RGB12' 'I' @856  32851 (0x00008053)
 - public static final 'GL_RGB16' 'I' @860  32852 (0x00008054)
 - public static final 'GL_RGBA2' 'I' @864  32853 (0x00008055)
 - public static final 'GL_RGBA4' 'I' @868  32854 (0x00008056)
 - public static final 'GL_RGB5_A1' 'I' @872  32855 (0x00008057)
 - public static final 'GL_RGBA8' 'I' @876  32856 (0x00008058)
 - public static final 'GL_RGB10_A2' 'I' @880  32857 (0x00008059)
 - public static final 'GL_RGBA12' 'I' @884  32858 (0x0000805a)
 - public static final 'GL_RGBA16' 'I' @888  32859 (0x0000805b)
 - public static final 'GL_TEXTURE_RED_SIZE' 'I' @892  32860 (0x0000805c)
 - public static final 'GL_TEXTURE_GREEN_SIZE' 'I' @896  32861 (0x0000805d)
 - public static final 'GL_TEXTURE_BLUE_SIZE' 'I' @900  32862 (0x0000805e)
 - public static final 'GL_TEXTURE_ALPHA_SIZE' 'I' @904  32863 (0x0000805f)
 - public static final 'GL_PROXY_TEXTURE_1D' 'I' @908  32867 (0x00008063)
 - public static final 'GL_PROXY_TEXTURE_2D' 'I' @912  32868 (0x00008064)
 - public static final 'GL_TEXTURE_BINDING_1D' 'I' @916  32872 (0x00008068)
 - public static final 'GL_TEXTURE_BINDING_2D' 'I' @920  32873 (0x00008069)
 - public static final 'GL_VERTEX_ARRAY' 'I' @924  32884 (0x00008074)
R12=0x0 is NULL
R13=0x000001ca69d2e950 is pointing into metadata
R14=0x0000007853cff278 is pointing into the stack for thread: 0x000001ca6d8b9ba0
R15=0x000001ca6d8b9ba0 is a thread


Top of Stack: (sp=0x0000007853cff1a8)
0x0000007853cff1a8:   000001ca1b081ff3 000001ca69d2e958
0x0000007853cff1b8:   0000007853cff278 000001ca1b07de8a
0x0000007853cff1c8:   000001ca1b081cee 000001ca000004b0
0x0000007853cff1d8:   00000000000004b0 3ff0000000000000
0x0000007853cff1e8:   000001ca6d8b9ba0 000001ca1b081c96
0x0000007853cff1f8:   0000007853cff1f8 000001ca69d2e950
0x0000007853cff208:   0000007853cff278 000001ca69d31cd0
0x0000007853cff218:   0000000000000000 000000008976a9c0
0x0000007853cff228:   000001ca69d2e958 0000000000000000
0x0000007853cff238:   0000007853cff260 0000007853cff2c8
0x0000007853cff248:   000001ca1b07de8a 000000008976a9c0
0x0000007853cff258:   000001ca1b07f897 00000000000004b0
0x0000007853cff268:   00000000000004b0 0000000000000000
0x0000007853cff278:   0000000000000000 0000007853cff280
0x0000007853cff288:   000001ca69d07d74 0000007853cff2f0
0x0000007853cff298:   000001ca69d12d80 0000000000000000
0x0000007853cff2a8:   00000000898f43f8 000001ca69d07dc0
0x0000007853cff2b8:   0000007853cff260 0000007853cff2d8
0x0000007853cff2c8:   0000007853cff340 000001ca1b07de8a
0x0000007853cff2d8:   00000000000004b0 00000000000004b0
0x0000007853cff2e8:   0000000000000000 0000000000000000
0x0000007853cff2f8:   0000007853cff2f8 000001ca69c07ddc
0x0000007853cff308:   0000007853cff360 000001ca69c0c000
0x0000007853cff318:   0000000000000000 0000000089bb7b10
0x0000007853cff328:   000001ca69c0aa60 0000007853cff2d8
0x0000007853cff338:   0000007853cff360 0000007853cff3b0
0x0000007853cff348:   000001ca1b07e2da 0000000000000000
0x0000007853cff358:   0000000000000000 0000000089bb7dd0
0x0000007853cff368:   0000007853cff368 000001ca2939d40d
0x0000007853cff378:   0000007853cff3d0 000001ca28c33768
0x0000007853cff388:   0000000000000000 0000000089d02b00
0x0000007853cff398:   000001ca28c32fd0 0000007853cff360 

Instructions: (pc=0x00007ffaef6ecefc)
0x00007ffaef6ecdfc:   cc cc cc cc 48 8b 01 45 8b d8 4c 8b 44 24 28 41
0x00007ffaef6ece0c:   8b d1 41 8b cb 4c 8b 50 18 49 ff a2 88 09 00 00
0x00007ffaef6ece1c:   cc cc cc cc 40 53 48 83 ec 40 48 8b 01 41 8b d8
0x00007ffaef6ece2c:   44 8b 44 24 70 41 8b d1 44 8b 4c 24 78 8b cb 4c
0x00007ffaef6ece3c:   8b 50 18 48 8b 84 24 90 00 00 00 48 89 44 24 30
0x00007ffaef6ece4c:   8b 84 24 88 00 00 00 89 44 24 28 8b 84 24 80 00
0x00007ffaef6ece5c:   00 00 89 44 24 20 41 ff 92 90 09 00 00 48 83 c4
0x00007ffaef6ece6c:   40 5b c3 cc 40 53 48 83 ec 50 48 8b 01 41 8b d8
0x00007ffaef6ece7c:   44 8b 84 24 80 00 00 00 41 8b d1 44 8b 8c 24 88
0x00007ffaef6ece8c:   00 00 00 8b cb 4c 8b 50 18 48 8b 84 24 b0 00 00
0x00007ffaef6ece9c:   00 48 89 44 24 40 8b 84 24 a8 00 00 00 89 44 24
0x00007ffaef6eceac:   38 8b 84 24 a0 00 00 00 89 44 24 30 8b 84 24 98
0x00007ffaef6ecebc:   00 00 00 89 44 24 28 8b 84 24 90 00 00 00 89 44
0x00007ffaef6ececc:   24 20 41 ff 92 98 09 00 00 48 83 c4 50 5b c3 cc
0x00007ffaef6ecedc:   cc cc cc cc 40 53 48 8b 01 41 8b d8 44 8b 44 24
0x00007ffaef6eceec:   30 41 8b d1 44 8b 4c 24 38 8b cb 4c 8b 50 18 5b
0x00007ffaef6ecefc:   49 ff a2 78 0a 00 00 cc cc cc cc cc cc cc cc cc
0x00007ffaef6ecf0c:   cc cc cc cc 40 53 48 83 ec 50 48 8b 01 41 8b d8
0x00007ffaef6ecf1c:   44 8b 84 24 80 00 00 00 41 8b d1 44 8b 8c 24 88
0x00007ffaef6ecf2c:   00 00 00 8b cb 4c 8b 50 18 48 8b 84 24 b8 00 00
0x00007ffaef6ecf3c:   00 48 89 44 24 48 8b 84 24 b0 00 00 00 89 44 24
0x00007ffaef6ecf4c:   40 8b 84 24 a8 00 00 00 89 44 24 38 8b 84 24 a0
0x00007ffaef6ecf5c:   00 00 00 89 44 24 30 8b 84 24 98 00 00 00 89 44
0x00007ffaef6ecf6c:   24 28 8b 84 24 90 00 00 00 89 44 24 20 41 ff 92
0x00007ffaef6ecf7c:   80 0a 00 00 48 83 c4 50 5b c3 cc cc cc cc cc cc
0x00007ffaef6ecf8c:   cc cc cc cc 40 53 48 83 ec 60 48 8b 01 41 8b d8
0x00007ffaef6ecf9c:   44 8b 84 24 90 00 00 00 41 8b d1 44 8b 8c 24 98
0x00007ffaef6ecfac:   00 00 00 8b cb 4c 8b 50 18 48 8b 84 24 d0 00 00
0x00007ffaef6ecfbc:   00 48 89 44 24 50 8b 84 24 c8 00 00 00 89 44 24
0x00007ffaef6ecfcc:   48 8b 84 24 c0 00 00 00 89 44 24 40 8b 84 24 b8
0x00007ffaef6ecfdc:   00 00 00 89 44 24 38 8b 84 24 b0 00 00 00 89 44
0x00007ffaef6ecfec:   24 30 8b 84 24 a8 00 00 00 89 44 24 28 8b 84 24 


Stack slot to memory mapping:
stack at sp + 0 slots: 0x000001ca1b081ff3 is at code_begin+1043 in an Interpreter codelet
method entry point (kind = native)  [0x000001ca1b081be0, 0x000001ca1b0826d0]  2800 bytes
stack at sp + 1 slots: {method} {0x000001ca69d2e960} 'glViewport' '(IIII)V' in 'org/lwjgl/opengl/GL11C'
stack at sp + 2 slots: 0x0000007853cff278 is pointing into the stack for thread: 0x000001ca6d8b9ba0
stack at sp + 3 slots: 0x000001ca1b07de8a is at code_begin+1098 in an Interpreter codelet
return entry points  [0x000001ca1b07da40, 0x000001ca1b07e508]  2760 bytes
stack at sp + 4 slots: 0x000001ca1b081cee is at code_begin+270 in an Interpreter codelet
method entry point (kind = native)  [0x000001ca1b081be0, 0x000001ca1b0826d0]  2800 bytes
stack at sp + 5 slots: 0x000001ca000004b0 is an unknown value
stack at sp + 6 slots: 0x00000000000004b0 is an unknown value
stack at sp + 7 slots: 0x3ff0000000000000 is an unknown value


---------------  P R O C E S S  ---------------

Threads class SMR info:
_java_thread_list=0x000001ca6daa5b90, length=13, elements={
0x000001ca283d0240, 0x000001ca283d3600, 0x000001ca283d5650, 0x000001ca283d9fd0,
0x000001ca283db2e0, 0x000001ca283de830, 0x000001ca283ec570, 0x000001ca283e8a20,
0x000001ca6d8ba0f0, 0x000001ca6d8b7670, 0x000001ca6d8ba640, 0x000001ca6d8b9ba0,
0x000001ca6d8bab90
}

Java Threads: ( => current thread )
  0x000001ca283d0240 JavaThread "Reference Handler" daemon [_thread_blocked, id=19416, stack(0x0000007853000000,0x0000007853100000)]
  0x000001ca283d3600 JavaThread "Finalizer" daemon [_thread_blocked, id=12168, stack(0x0000007853100000,0x0000007853200000)]
  0x000001ca283d5650 JavaThread "Signal Dispatcher" daemon [_thread_blocked, id=508, stack(0x0000007853200000,0x0000007853300000)]
  0x000001ca283d9fd0 JavaThread "Attach Listener" daemon [_thread_blocked, id=17460, stack(0x0000007853300000,0x0000007853400000)]
  0x000001ca283db2e0 JavaThread "Service Thread" daemon [_thread_blocked, id=3416, stack(0x0000007853400000,0x0000007853500000)]
  0x000001ca283de830 JavaThread "Monitor Deflation Thread" daemon [_thread_blocked, id=18840, stack(0x0000007853500000,0x0000007853600000)]
  0x000001ca283ec570 JavaThread "C2 CompilerThread0" daemon [_thread_blocked, id=8700, stack(0x0000007853600000,0x0000007853700000)]
  0x000001ca283e8a20 JavaThread "C1 CompilerThread0" daemon [_thread_blocked, id=14008, stack(0x0000007853700000,0x0000007853800000)]
  0x000001ca6d8ba0f0 JavaThread "Common-Cleaner" daemon [_thread_blocked, id=14764, stack(0x0000007853800000,0x0000007853900000)]
  0x000001ca6d8b7670 JavaThread "Monitor Ctrl-Break" daemon [_thread_in_native, id=4680, stack(0x0000007853900000,0x0000007853a00000)]
  0x000001ca6d8ba640 JavaThread "Notification Thread" daemon [_thread_blocked, id=16920, stack(0x0000007853a00000,0x0000007853b00000)]
=>0x000001ca6d8b9ba0 JavaThread "Thread-0" [_thread_in_native, id=17284, stack(0x0000007853c00000,0x0000007853d00000)]
  0x000001ca6d8bab90 JavaThread "DestroyJavaVM" [_thread_blocked, id=10848, stack(0x0000007852900000,0x0000007852a00000)]

Other Threads:
  0x000001ca283b2910 VMThread "VM Thread" [stack: 0x0000007852f00000,0x0000007853000000] [id=11912]
  0x000001ca6da0c5b0 WatcherThread "VM Periodic Task Thread" [stack: 0x0000007853b00000,0x0000007853c00000] [id=2284]
  0x000001ca0baaa100 WorkerThread "GC Thread#0" [stack: 0x0000007852a00000,0x0000007852b00000] [id=7192]
  0x000001ca0babbcd0 ConcurrentGCThread "G1 Main Marker" [stack: 0x0000007852b00000,0x0000007852c00000] [id=8148]
  0x000001ca0babddc0 WorkerThread "G1 Conc#0" [stack: 0x0000007852c00000,0x0000007852d00000] [id=18740]
  0x000001ca0bb1e310 ConcurrentGCThread "G1 Refine#0" [stack: 0x0000007852d00000,0x0000007852e00000] [id=1148]
  0x000001ca282760e0 ConcurrentGCThread "G1 Service" [stack: 0x0000007852e00000,0x0000007852f00000] [id=2792]

Threads with active compile tasks:

VM state: not at safepoint (normal execution)

VM Mutex/Monitor currently owned by a thread: None

Heap address: 0x0000000082000000, size: 2016 MB, Compressed Oops mode: 32-bit

CDS archive(s) mapped at: [0x000001ca28800000-0x000001ca29460000-0x000001ca29460000), size 12976128, SharedBaseAddress: 0x000001ca28800000, ArchiveRelocationMode: 1.
Compressed class space mapped at: 0x000001ca29800000-0x000001ca69800000, reserved size: 1073741824
Narrow klass base: 0x000001ca28800000, Narrow klass shift: 0, Narrow klass range: 0x100000000

GC Precious Log:
 CardTable entry size: 512
 Card Set container configuration: InlinePtr #cards 5 size 8 Array Of Cards #cards 12 size 40 Howl #buckets 4 coarsen threshold 1843 Howl Bitmap #cards 512 size 80 coarsen threshold 460 Card regions per heap region 1 cards per card region 2048
 CPUs: 8 total, 8 available
 Memory: 8062M
 Large Page Support: Disabled
 NUMA Support: Disabled
 Compressed Oops: Enabled (32-bit)
 Heap Region Size: 1M
 Heap Min Capacity: 8M
 Heap Initial Capacity: 126M
 Heap Max Capacity: 2016M
 Pre-touch: Disabled
 Parallel Workers: 8
 Concurrent Workers: 2
 Concurrent Refinement Workers: 8
 Periodic GC: Disabled

Heap:
 garbage-first heap   total 129024K, used 6144K [0x0000000082000000, 0x0000000100000000)
  region size 1024K, 7 young (7168K), 0 survivors (0K)
 Metaspace       used 2793K, committed 3008K, reserved 1114112K
  class space    used 184K, committed 256K, reserved 1048576K

Heap Regions: E=young(eden), S=young(survivor), O=old, HS=humongous(starts), HC=humongous(continues), CS=collection set, F=free, OA=open archive, CA=closed archive, TAMS=top-at-mark-start, PB=parsable bottom
|   0|0x0000000082000000, 0x0000000082000000, 0x0000000082100000|  0%| F|  |TAMS 0x0000000082000000| PB 0x0000000082000000| Untracked 
|   1|0x0000000082100000, 0x0000000082100000, 0x0000000082200000|  0%| F|  |TAMS 0x0000000082100000| PB 0x0000000082100000| Untracked 
|   2|0x0000000082200000, 0x0000000082200000, 0x0000000082300000|  0%| F|  |TAMS 0x0000000082200000| PB 0x0000000082200000| Untracked 
|   3|0x0000000082300000, 0x0000000082300000, 0x0000000082400000|  0%| F|  |TAMS 0x0000000082300000| PB 0x0000000082300000| Untracked 
|   4|0x0000000082400000, 0x0000000082400000, 0x0000000082500000|  0%| F|  |TAMS 0x0000000082400000| PB 0x0000000082400000| Untracked 
|   5|0x0000000082500000, 0x0000000082500000, 0x0000000082600000|  0%| F|  |TAMS 0x0000000082500000| PB 0x0000000082500000| Untracked 
|   6|0x0000000082600000, 0x0000000082600000, 0x0000000082700000|  0%| F|  |TAMS 0x0000000082600000| PB 0x0000000082600000| Untracked 
|   7|0x0000000082700000, 0x0000000082700000, 0x0000000082800000|  0%| F|  |TAMS 0x0000000082700000| PB 0x0000000082700000| Untracked 
|   8|0x0000000082800000, 0x0000000082800000, 0x0000000082900000|  0%| F|  |TAMS 0x0000000082800000| PB 0x0000000082800000| Untracked 
|   9|0x0000000082900000, 0x0000000082900000, 0x0000000082a00000|  0%| F|  |TAMS 0x0000000082900000| PB 0x0000000082900000| Untracked 
|  10|0x0000000082a00000, 0x0000000082a00000, 0x0000000082b00000|  0%| F|  |TAMS 0x0000000082a00000| PB 0x0000000082a00000| Untracked 
|  11|0x0000000082b00000, 0x0000000082b00000, 0x0000000082c00000|  0%| F|  |TAMS 0x0000000082b00000| PB 0x0000000082b00000| Untracked 
|  12|0x0000000082c00000, 0x0000000082c00000, 0x0000000082d00000|  0%| F|  |TAMS 0x0000000082c00000| PB 0x0000000082c00000| Untracked 
|  13|0x0000000082d00000, 0x0000000082d00000, 0x0000000082e00000|  0%| F|  |TAMS 0x0000000082d00000| PB 0x0000000082d00000| Untracked 
|  14|0x0000000082e00000, 0x0000000082e00000, 0x0000000082f00000|  0%| F|  |TAMS 0x0000000082e00000| PB 0x0000000082e00000| Untracked 
|  15|0x0000000082f00000, 0x0000000082f00000, 0x0000000083000000|  0%| F|  |TAMS 0x0000000082f00000| PB 0x0000000082f00000| Untracked 
|  16|0x0000000083000000, 0x0000000083000000, 0x0000000083100000|  0%| F|  |TAMS 0x0000000083000000| PB 0x0000000083000000| Untracked 
|  17|0x0000000083100000, 0x0000000083100000, 0x0000000083200000|  0%| F|  |TAMS 0x0000000083100000| PB 0x0000000083100000| Untracked 
|  18|0x0000000083200000, 0x0000000083200000, 0x0000000083300000|  0%| F|  |TAMS 0x0000000083200000| PB 0x0000000083200000| Untracked 
|  19|0x0000000083300000, 0x0000000083300000, 0x0000000083400000|  0%| F|  |TAMS 0x0000000083300000| PB 0x0000000083300000| Untracked 
|  20|0x0000000083400000, 0x0000000083400000, 0x0000000083500000|  0%| F|  |TAMS 0x0000000083400000| PB 0x0000000083400000| Untracked 
|  21|0x0000000083500000, 0x0000000083500000, 0x0000000083600000|  0%| F|  |TAMS 0x0000000083500000| PB 0x0000000083500000| Untracked 
|  22|0x0000000083600000, 0x0000000083600000, 0x0000000083700000|  0%| F|  |TAMS 0x0000000083600000| PB 0x0000000083600000| Untracked 
|  23|0x0000000083700000, 0x0000000083700000, 0x0000000083800000|  0%| F|  |TAMS 0x0000000083700000| PB 0x0000000083700000| Untracked 
|  24|0x0000000083800000, 0x0000000083800000, 0x0000000083900000|  0%| F|  |TAMS 0x0000000083800000| PB 0x0000000083800000| Untracked 
|  25|0x0000000083900000, 0x0000000083900000, 0x0000000083a00000|  0%| F|  |TAMS 0x0000000083900000| PB 0x0000000083900000| Untracked 
|  26|0x0000000083a00000, 0x0000000083a00000, 0x0000000083b00000|  0%| F|  |TAMS 0x0000000083a00000| PB 0x0000000083a00000| Untracked 
|  27|0x0000000083b00000, 0x0000000083b00000, 0x0000000083c00000|  0%| F|  |TAMS 0x0000000083b00000| PB 0x0000000083b00000| Untracked 
|  28|0x0000000083c00000, 0x0000000083c00000, 0x0000000083d00000|  0%| F|  |TAMS 0x0000000083c00000| PB 0x0000000083c00000| Untracked 
|  29|0x0000000083d00000, 0x0000000083d00000, 0x0000000083e00000|  0%| F|  |TAMS 0x0000000083d00000| PB 0x0000000083d00000| Untracked 
|  30|0x0000000083e00000, 0x0000000083e00000, 0x0000000083f00000|  0%| F|  |TAMS 0x0000000083e00000| PB 0x0000000083e00000| Untracked 
|  31|0x0000000083f00000, 0x0000000083f00000, 0x0000000084000000|  0%| F|  |TAMS 0x0000000083f00000| PB 0x0000000083f00000| Untracked 
|  32|0x0000000084000000, 0x0000000084000000, 0x0000000084100000|  0%| F|  |TAMS 0x0000000084000000| PB 0x0000000084000000| Untracked 
|  33|0x0000000084100000, 0x0000000084100000, 0x0000000084200000|  0%| F|  |TAMS 0x0000000084100000| PB 0x0000000084100000| Untracked 
|  34|0x0000000084200000, 0x0000000084200000, 0x0000000084300000|  0%| F|  |TAMS 0x0000000084200000| PB 0x0000000084200000| Untracked 
|  35|0x0000000084300000, 0x0000000084300000, 0x0000000084400000|  0%| F|  |TAMS 0x0000000084300000| PB 0x0000000084300000| Untracked 
|  36|0x0000000084400000, 0x0000000084400000, 0x0000000084500000|  0%| F|  |TAMS 0x0000000084400000| PB 0x0000000084400000| Untracked 
|  37|0x0000000084500000, 0x0000000084500000, 0x0000000084600000|  0%| F|  |TAMS 0x0000000084500000| PB 0x0000000084500000| Untracked 
|  38|0x0000000084600000, 0x0000000084600000, 0x0000000084700000|  0%| F|  |TAMS 0x0000000084600000| PB 0x0000000084600000| Untracked 
|  39|0x0000000084700000, 0x0000000084700000, 0x0000000084800000|  0%| F|  |TAMS 0x0000000084700000| PB 0x0000000084700000| Untracked 
|  40|0x0000000084800000, 0x0000000084800000, 0x0000000084900000|  0%| F|  |TAMS 0x0000000084800000| PB 0x0000000084800000| Untracked 
|  41|0x0000000084900000, 0x0000000084900000, 0x0000000084a00000|  0%| F|  |TAMS 0x0000000084900000| PB 0x0000000084900000| Untracked 
|  42|0x0000000084a00000, 0x0000000084a00000, 0x0000000084b00000|  0%| F|  |TAMS 0x0000000084a00000| PB 0x0000000084a00000| Untracked 
|  43|0x0000000084b00000, 0x0000000084b00000, 0x0000000084c00000|  0%| F|  |TAMS 0x0000000084b00000| PB 0x0000000084b00000| Untracked 
|  44|0x0000000084c00000, 0x0000000084c00000, 0x0000000084d00000|  0%| F|  |TAMS 0x0000000084c00000| PB 0x0000000084c00000| Untracked 
|  45|0x0000000084d00000, 0x0000000084d00000, 0x0000000084e00000|  0%| F|  |TAMS 0x0000000084d00000| PB 0x0000000084d00000| Untracked 
|  46|0x0000000084e00000, 0x0000000084e00000, 0x0000000084f00000|  0%| F|  |TAMS 0x0000000084e00000| PB 0x0000000084e00000| Untracked 
|  47|0x0000000084f00000, 0x0000000084f00000, 0x0000000085000000|  0%| F|  |TAMS 0x0000000084f00000| PB 0x0000000084f00000| Untracked 
|  48|0x0000000085000000, 0x0000000085000000, 0x0000000085100000|  0%| F|  |TAMS 0x0000000085000000| PB 0x0000000085000000| Untracked 
|  49|0x0000000085100000, 0x0000000085100000, 0x0000000085200000|  0%| F|  |TAMS 0x0000000085100000| PB 0x0000000085100000| Untracked 
|  50|0x0000000085200000, 0x0000000085200000, 0x0000000085300000|  0%| F|  |TAMS 0x0000000085200000| PB 0x0000000085200000| Untracked 
|  51|0x0000000085300000, 0x0000000085300000, 0x0000000085400000|  0%| F|  |TAMS 0x0000000085300000| PB 0x0000000085300000| Untracked 
|  52|0x0000000085400000, 0x0000000085400000, 0x0000000085500000|  0%| F|  |TAMS 0x0000000085400000| PB 0x0000000085400000| Untracked 
|  53|0x0000000085500000, 0x0000000085500000, 0x0000000085600000|  0%| F|  |TAMS 0x0000000085500000| PB 0x0000000085500000| Untracked 
|  54|0x0000000085600000, 0x0000000085600000, 0x0000000085700000|  0%| F|  |TAMS 0x0000000085600000| PB 0x0000000085600000| Untracked 
|  55|0x0000000085700000, 0x0000000085700000, 0x0000000085800000|  0%| F|  |TAMS 0x0000000085700000| PB 0x0000000085700000| Untracked 
|  56|0x0000000085800000, 0x0000000085800000, 0x0000000085900000|  0%| F|  |TAMS 0x0000000085800000| PB 0x0000000085800000| Untracked 
|  57|0x0000000085900000, 0x0000000085900000, 0x0000000085a00000|  0%| F|  |TAMS 0x0000000085900000| PB 0x0000000085900000| Untracked 
|  58|0x0000000085a00000, 0x0000000085a00000, 0x0000000085b00000|  0%| F|  |TAMS 0x0000000085a00000| PB 0x0000000085a00000| Untracked 
|  59|0x0000000085b00000, 0x0000000085b00000, 0x0000000085c00000|  0%| F|  |TAMS 0x0000000085b00000| PB 0x0000000085b00000| Untracked 
|  60|0x0000000085c00000, 0x0000000085c00000, 0x0000000085d00000|  0%| F|  |TAMS 0x0000000085c00000| PB 0x0000000085c00000| Untracked 
|  61|0x0000000085d00000, 0x0000000085d00000, 0x0000000085e00000|  0%| F|  |TAMS 0x0000000085d00000| PB 0x0000000085d00000| Untracked 
|  62|0x0000000085e00000, 0x0000000085e00000, 0x0000000085f00000|  0%| F|  |TAMS 0x0000000085e00000| PB 0x0000000085e00000| Untracked 
|  63|0x0000000085f00000, 0x0000000085f00000, 0x0000000086000000|  0%| F|  |TAMS 0x0000000085f00000| PB 0x0000000085f00000| Untracked 
|  64|0x0000000086000000, 0x0000000086000000, 0x0000000086100000|  0%| F|  |TAMS 0x0000000086000000| PB 0x0000000086000000| Untracked 
|  65|0x0000000086100000, 0x0000000086100000, 0x0000000086200000|  0%| F|  |TAMS 0x0000000086100000| PB 0x0000000086100000| Untracked 
|  66|0x0000000086200000, 0x0000000086200000, 0x0000000086300000|  0%| F|  |TAMS 0x0000000086200000| PB 0x0000000086200000| Untracked 
|  67|0x0000000086300000, 0x0000000086300000, 0x0000000086400000|  0%| F|  |TAMS 0x0000000086300000| PB 0x0000000086300000| Untracked 
|  68|0x0000000086400000, 0x0000000086400000, 0x0000000086500000|  0%| F|  |TAMS 0x0000000086400000| PB 0x0000000086400000| Untracked 
|  69|0x0000000086500000, 0x0000000086500000, 0x0000000086600000|  0%| F|  |TAMS 0x0000000086500000| PB 0x0000000086500000| Untracked 
|  70|0x0000000086600000, 0x0000000086600000, 0x0000000086700000|  0%| F|  |TAMS 0x0000000086600000| PB 0x0000000086600000| Untracked 
|  71|0x0000000086700000, 0x0000000086700000, 0x0000000086800000|  0%| F|  |TAMS 0x0000000086700000| PB 0x0000000086700000| Untracked 
|  72|0x0000000086800000, 0x0000000086800000, 0x0000000086900000|  0%| F|  |TAMS 0x0000000086800000| PB 0x0000000086800000| Untracked 
|  73|0x0000000086900000, 0x0000000086900000, 0x0000000086a00000|  0%| F|  |TAMS 0x0000000086900000| PB 0x0000000086900000| Untracked 
|  74|0x0000000086a00000, 0x0000000086a00000, 0x0000000086b00000|  0%| F|  |TAMS 0x0000000086a00000| PB 0x0000000086a00000| Untracked 
|  75|0x0000000086b00000, 0x0000000086b00000, 0x0000000086c00000|  0%| F|  |TAMS 0x0000000086b00000| PB 0x0000000086b00000| Untracked 
|  76|0x0000000086c00000, 0x0000000086c00000, 0x0000000086d00000|  0%| F|  |TAMS 0x0000000086c00000| PB 0x0000000086c00000| Untracked 
|  77|0x0000000086d00000, 0x0000000086d00000, 0x0000000086e00000|  0%| F|  |TAMS 0x0000000086d00000| PB 0x0000000086d00000| Untracked 
|  78|0x0000000086e00000, 0x0000000086e00000, 0x0000000086f00000|  0%| F|  |TAMS 0x0000000086e00000| PB 0x0000000086e00000| Untracked 
|  79|0x0000000086f00000, 0x0000000086f00000, 0x0000000087000000|  0%| F|  |TAMS 0x0000000086f00000| PB 0x0000000086f00000| Untracked 
|  80|0x0000000087000000, 0x0000000087000000, 0x0000000087100000|  0%| F|  |TAMS 0x0000000087000000| PB 0x0000000087000000| Untracked 
|  81|0x0000000087100000, 0x0000000087100000, 0x0000000087200000|  0%| F|  |TAMS 0x0000000087100000| PB 0x0000000087100000| Untracked 
|  82|0x0000000087200000, 0x0000000087200000, 0x0000000087300000|  0%| F|  |TAMS 0x0000000087200000| PB 0x0000000087200000| Untracked 
|  83|0x0000000087300000, 0x0000000087300000, 0x0000000087400000|  0%| F|  |TAMS 0x0000000087300000| PB 0x0000000087300000| Untracked 
|  84|0x0000000087400000, 0x0000000087400000, 0x0000000087500000|  0%| F|  |TAMS 0x0000000087400000| PB 0x0000000087400000| Untracked 
|  85|0x0000000087500000, 0x0000000087500000, 0x0000000087600000|  0%| F|  |TAMS 0x0000000087500000| PB 0x0000000087500000| Untracked 
|  86|0x0000000087600000, 0x0000000087600000, 0x0000000087700000|  0%| F|  |TAMS 0x0000000087600000| PB 0x0000000087600000| Untracked 
|  87|0x0000000087700000, 0x0000000087700000, 0x0000000087800000|  0%| F|  |TAMS 0x0000000087700000| PB 0x0000000087700000| Untracked 
|  88|0x0000000087800000, 0x0000000087800000, 0x0000000087900000|  0%| F|  |TAMS 0x0000000087800000| PB 0x0000000087800000| Untracked 
|  89|0x0000000087900000, 0x0000000087900000, 0x0000000087a00000|  0%| F|  |TAMS 0x0000000087900000| PB 0x0000000087900000| Untracked 
|  90|0x0000000087a00000, 0x0000000087a00000, 0x0000000087b00000|  0%| F|  |TAMS 0x0000000087a00000| PB 0x0000000087a00000| Untracked 
|  91|0x0000000087b00000, 0x0000000087b00000, 0x0000000087c00000|  0%| F|  |TAMS 0x0000000087b00000| PB 0x0000000087b00000| Untracked 
|  92|0x0000000087c00000, 0x0000000087c00000, 0x0000000087d00000|  0%| F|  |TAMS 0x0000000087c00000| PB 0x0000000087c00000| Untracked 
|  93|0x0000000087d00000, 0x0000000087d00000, 0x0000000087e00000|  0%| F|  |TAMS 0x0000000087d00000| PB 0x0000000087d00000| Untracked 
|  94|0x0000000087e00000, 0x0000000087e00000, 0x0000000087f00000|  0%| F|  |TAMS 0x0000000087e00000| PB 0x0000000087e00000| Untracked 
|  95|0x0000000087f00000, 0x0000000087f00000, 0x0000000088000000|  0%| F|  |TAMS 0x0000000087f00000| PB 0x0000000087f00000| Untracked 
|  96|0x0000000088000000, 0x0000000088000000, 0x0000000088100000|  0%| F|  |TAMS 0x0000000088000000| PB 0x0000000088000000| Untracked 
|  97|0x0000000088100000, 0x0000000088100000, 0x0000000088200000|  0%| F|  |TAMS 0x0000000088100000| PB 0x0000000088100000| Untracked 
|  98|0x0000000088200000, 0x0000000088200000, 0x0000000088300000|  0%| F|  |TAMS 0x0000000088200000| PB 0x0000000088200000| Untracked 
|  99|0x0000000088300000, 0x0000000088300000, 0x0000000088400000|  0%| F|  |TAMS 0x0000000088300000| PB 0x0000000088300000| Untracked 
| 100|0x0000000088400000, 0x0000000088400000, 0x0000000088500000|  0%| F|  |TAMS 0x0000000088400000| PB 0x0000000088400000| Untracked 
| 101|0x0000000088500000, 0x0000000088500000, 0x0000000088600000|  0%| F|  |TAMS 0x0000000088500000| PB 0x0000000088500000| Untracked 
| 102|0x0000000088600000, 0x0000000088600000, 0x0000000088700000|  0%| F|  |TAMS 0x0000000088600000| PB 0x0000000088600000| Untracked 
| 103|0x0000000088700000, 0x0000000088700000, 0x0000000088800000|  0%| F|  |TAMS 0x0000000088700000| PB 0x0000000088700000| Untracked 
| 104|0x0000000088800000, 0x0000000088800000, 0x0000000088900000|  0%| F|  |TAMS 0x0000000088800000| PB 0x0000000088800000| Untracked 
| 105|0x0000000088900000, 0x0000000088900000, 0x0000000088a00000|  0%| F|  |TAMS 0x0000000088900000| PB 0x0000000088900000| Untracked 
| 106|0x0000000088a00000, 0x0000000088a00000, 0x0000000088b00000|  0%| F|  |TAMS 0x0000000088a00000| PB 0x0000000088a00000| Untracked 
| 107|0x0000000088b00000, 0x0000000088b00000, 0x0000000088c00000|  0%| F|  |TAMS 0x0000000088b00000| PB 0x0000000088b00000| Untracked 
| 108|0x0000000088c00000, 0x0000000088c00000, 0x0000000088d00000|  0%| F|  |TAMS 0x0000000088c00000| PB 0x0000000088c00000| Untracked 
| 109|0x0000000088d00000, 0x0000000088d00000, 0x0000000088e00000|  0%| F|  |TAMS 0x0000000088d00000| PB 0x0000000088d00000| Untracked 
| 110|0x0000000088e00000, 0x0000000088e00000, 0x0000000088f00000|  0%| F|  |TAMS 0x0000000088e00000| PB 0x0000000088e00000| Untracked 
| 111|0x0000000088f00000, 0x0000000088f00000, 0x0000000089000000|  0%| F|  |TAMS 0x0000000088f00000| PB 0x0000000088f00000| Untracked 
| 112|0x0000000089000000, 0x0000000089000000, 0x0000000089100000|  0%| F|  |TAMS 0x0000000089000000| PB 0x0000000089000000| Untracked 
| 113|0x0000000089100000, 0x0000000089100000, 0x0000000089200000|  0%| F|  |TAMS 0x0000000089100000| PB 0x0000000089100000| Untracked 
| 114|0x0000000089200000, 0x0000000089200000, 0x0000000089300000|  0%| F|  |TAMS 0x0000000089200000| PB 0x0000000089200000| Untracked 
| 115|0x0000000089300000, 0x0000000089300000, 0x0000000089400000|  0%| F|  |TAMS 0x0000000089300000| PB 0x0000000089300000| Untracked 
| 116|0x0000000089400000, 0x0000000089400000, 0x0000000089500000|  0%| F|  |TAMS 0x0000000089400000| PB 0x0000000089400000| Untracked 
| 117|0x0000000089500000, 0x0000000089500000, 0x0000000089600000|  0%| F|  |TAMS 0x0000000089500000| PB 0x0000000089500000| Untracked 
| 118|0x0000000089600000, 0x0000000089600000, 0x0000000089700000|  0%| F|  |TAMS 0x0000000089600000| PB 0x0000000089600000| Untracked 
| 119|0x0000000089700000, 0x000000008977dfa0, 0x0000000089800000| 49%| E|  |TAMS 0x0000000089700000| PB 0x0000000089700000| Complete 
| 120|0x0000000089800000, 0x0000000089900000, 0x0000000089900000|100%| E|CS|TAMS 0x0000000089800000| PB 0x0000000089800000| Complete 
| 121|0x0000000089900000, 0x0000000089a00000, 0x0000000089a00000|100%| E|CS|TAMS 0x0000000089900000| PB 0x0000000089900000| Complete 
| 122|0x0000000089a00000, 0x0000000089b00000, 0x0000000089b00000|100%| E|CS|TAMS 0x0000000089a00000| PB 0x0000000089a00000| Complete 
| 123|0x0000000089b00000, 0x0000000089c00000, 0x0000000089c00000|100%| E|CS|TAMS 0x0000000089b00000| PB 0x0000000089b00000| Complete 
| 124|0x0000000089c00000, 0x0000000089d00000, 0x0000000089d00000|100%| E|CS|TAMS 0x0000000089c00000| PB 0x0000000089c00000| Complete 
| 125|0x0000000089d00000, 0x0000000089e00000, 0x0000000089e00000|100%| E|CS|TAMS 0x0000000089d00000| PB 0x0000000089d00000| Complete 

Card table byte_map: [0x000001ca23250000,0x000001ca23640000] _byte_map_base: 0x000001ca22e40000

Marking Bits: (CMBitMap*) 0x000001ca0baab650
 Bits: [0x000001ca23a30000, 0x000001ca259b0000)

Polling page: 0x000001ca09bf0000

Metaspace:

Usage:
  Non-class:      2.55 MB used.
      Class:    184.52 KB used.
       Both:      2.73 MB used.

Virtual space:
  Non-class space:       64.00 MB reserved,       2.69 MB (  4%) committed,  1 nodes.
      Class space:        1.00 GB reserved,     256.00 KB ( <1%) committed,  1 nodes.
             Both:        1.06 GB reserved,       2.94 MB ( <1%) committed. 

Chunk freelists:
   Non-Class:  2.80 MB
       Class:  3.66 MB
        Both:  6.46 MB

MaxMetaspaceSize: unlimited
CompressedClassSpaceSize: 1.00 GB
Initial GC threshold: 21.00 MB
Current GC threshold: 21.00 MB
CDS: on
MetaspaceReclaimPolicy: balanced
 - commit_granule_bytes: 65536.
 - commit_granule_words: 8192.
 - virtual_space_node_default_size: 8388608.
 - enlarge_chunks_in_place: 1.
 - new_chunks_are_fully_committed: 0.
 - uncommit_free_chunks: 1.
 - use_allocation_guard: 0.


Internal statistics:

num_allocs_failed_limit: 0.
num_arena_births: 76.
num_arena_deaths: 0.
num_vsnodes_births: 2.
num_vsnodes_deaths: 0.
num_space_committed: 47.
num_space_uncommitted: 0.
num_chunks_returned_to_freelist: 0.
num_chunks_taken_from_freelist: 144.
num_chunk_merges: 0.
num_chunk_splits: 93.
num_chunks_enlarged: 60.
num_inconsistent_stats: 0.

CodeHeap 'non-profiled nmethods': size=120000Kb used=158Kb max_used=158Kb free=119841Kb
 bounds [0x000001ca1b600000, 0x000001ca1b870000, 0x000001ca22b30000]
CodeHeap 'profiled nmethods': size=120000Kb used=684Kb max_used=684Kb free=119315Kb
 bounds [0x000001ca13b30000, 0x000001ca13da0000, 0x000001ca1b060000]
CodeHeap 'non-nmethods': size=5760Kb used=2100Kb max_used=2114Kb free=3659Kb
 bounds [0x000001ca1b060000, 0x000001ca1b2d0000, 0x000001ca1b600000]
 total_blobs=1544 nmethods=518 adapters=937
 compilation: enabled
              stopped_count=0, restarted_count=0
 full_count=0

Compilation events (20 events):
Event: 0.342 Thread 0x000001ca283ec570 nmethod 496 0x000001ca1b625610 code [0x000001ca1b6257a0, 0x000001ca1b625960]
Event: 0.343 Thread 0x000001ca283ec570  505       4       java.lang.String::isLatin1 (19 bytes)
Event: 0.343 Thread 0x000001ca283ec570 nmethod 505 0x000001ca1b626190 code [0x000001ca1b626300, 0x000001ca1b626398]
Event: 0.343 Thread 0x000001ca283e8a20 nmethod 503 0x000001ca13bd6b90 code [0x000001ca13bd6ea0, 0x000001ca13bd81d0]
Event: 0.343 Thread 0x000001ca283e8a20  504       3       java.lang.StringConcatHelper::newString (67 bytes)
Event: 0.343 Thread 0x000001ca283e8a20 nmethod 504 0x000001ca13bd8890 code [0x000001ca13bd8ae0, 0x000001ca13bd9478]
Event: 0.343 Thread 0x000001ca283e8a20  506       3       java.util.regex.Pattern::peek (26 bytes)
Event: 0.344 Thread 0x000001ca283e8a20 nmethod 506 0x000001ca13bd9810 code [0x000001ca13bd99c0, 0x000001ca13bd9c28]
Event: 0.344 Thread 0x000001ca283e8a20  511       3       java.lang.invoke.MemberName::<init> (50 bytes)
Event: 0.344 Thread 0x000001ca283e8a20 nmethod 511 0x000001ca13bd9d90 code [0x000001ca13bd9f60, 0x000001ca13bda278]
Event: 0.345 Thread 0x000001ca283e8a20  512   !   3       java.io.RandomAccessFile::seek (42 bytes)
Event: 0.346 Thread 0x000001ca283e8a20 nmethod 512 0x000001ca13bda410 code [0x000001ca13bda5e0, 0x000001ca13bda8f8]
Event: 0.346 Thread 0x000001ca283e8a20  515       3       sun.misc.Unsafe::putLong (11 bytes)
Event: 0.346 Thread 0x000001ca283e8a20 nmethod 515 0x000001ca13bdaa90 code [0x000001ca13bdac20, 0x000001ca13bdad30]
Event: 0.346 Thread 0x000001ca283e8a20  516       3       org.lwjgl.system.MemoryUtil::memPutAddress (29 bytes)
Event: 0.346 Thread 0x000001ca283ec570  517       4       java.lang.Integer::toUnsignedLong (7 bytes)
Event: 0.347 Thread 0x000001ca283e8a20 nmethod 516 0x000001ca13bdae10 code [0x000001ca13bdafa0, 0x000001ca13bdb198]
Event: 0.347 Thread 0x000001ca283ec570 nmethod 517 0x000001ca1b627290 code [0x000001ca1b627400, 0x000001ca1b627468]
Event: 0.347 Thread 0x000001ca283ec570  518       4       sun.misc.Unsafe::putLong (11 bytes)
Event: 0.347 Thread 0x000001ca283ec570 nmethod 518 0x000001ca1b627590 code [0x000001ca1b627700, 0x000001ca1b6277b0]

GC Heap History (0 events):
No events

Dll operation events (12 events):
Event: 0.008 Loaded shared library D:\Nikita_WeW\coding\jdk20\bin\java.dll
Event: 0.027 Loaded shared library D:\Nikita_WeW\coding\jdk20\bin\jsvml.dll
Event: 0.082 Loaded shared library D:\Nikita_WeW\coding\jdk20\bin\zip.dll
Event: 0.085 Loaded shared library D:\Nikita_WeW\coding\jdk20\bin\instrument.dll
Event: 0.090 Loaded shared library D:\Nikita_WeW\coding\jdk20\bin\net.dll
Event: 0.093 Loaded shared library D:\Nikita_WeW\coding\jdk20\bin\nio.dll
Event: 0.096 Loaded shared library D:\Nikita_WeW\coding\jdk20\bin\zip.dll
Event: 0.112 Loaded shared library D:\Nikita_WeW\coding\intellij idea\bin\breakgen64.dll
Event: 0.118 Loaded shared library D:\Nikita_WeW\coding\jdk20\bin\extnet.dll
Event: 0.153 Loaded shared library D:\Nikita_WeW\coding\jdk20\bin\jimage.dll
Event: 0.174 Loaded shared library C:\Users\User\AppData\Local\Temp\lwjgl_User\3.3.2+13\x64\lwjgl.dll
Event: 0.335 Loaded shared library C:\Users\User\AppData\Local\Temp\lwjgl_User\3.3.2+13\x64\lwjgl_opengl.dll

Deoptimization events (2 events):
Event: 0.327 Thread 0x000001ca6d8b9ba0 DEOPT PACKING pc=0x000001ca13b5b7d7 sp=0x0000007853cfd6a0
Event: 0.327 Thread 0x000001ca6d8b9ba0 DEOPT UNPACKING pc=0x000001ca1b0ca4c2 sp=0x0000007853cfcac0 mode 0

Classes loaded (20 events):
Event: 0.192 Loading class java/lang/invoke/DirectMethodHandle$StaticAccessor
Event: 0.192 Loading class java/lang/invoke/DirectMethodHandle$StaticAccessor done
Event: 0.193 Loading class java/util/function/LongPredicate
Event: 0.193 Loading class java/util/function/LongPredicate done
Event: 0.195 Loading class java/lang/foreign/MemorySegment
Event: 0.195 Loading class java/lang/foreign/MemorySegment done
Event: 0.202 Loading class java/nio/InvalidMarkException
Event: 0.202 Loading class java/nio/InvalidMarkException done
Event: 0.202 Loading class java/nio/BufferUnderflowException
Event: 0.202 Loading class java/nio/BufferUnderflowException done
Event: 0.204 Loading class java/lang/IndexOutOfBoundsException
Event: 0.205 Loading class java/lang/IndexOutOfBoundsException done
Event: 0.332 Loading class jdk/internal/foreign/MemorySessionImpl
Event: 0.332 Loading class java/lang/foreign/SegmentScope
Event: 0.332 Loading class java/lang/foreign/SegmentScope done
Event: 0.332 Loading class java/lang/foreign/SegmentAllocator
Event: 0.333 Loading class java/lang/foreign/SegmentAllocator done
Event: 0.333 Loading class jdk/internal/foreign/MemorySessionImpl done
Event: 0.343 Loading class java/util/Formatter$FixedString
Event: 0.343 Loading class java/util/Formatter$FixedString done

Classes unloaded (0 events):
No events

Classes redefined (0 events):
No events

Internal exceptions (20 events):
Event: 0.143 Thread 0x000001ca6d8b9ba0 Exception <a 'java/lang/NoSuchMethodError'{0x00000000899434b0}: 'java.lang.Object java.lang.invoke.DirectMethodHandle$Holder.invokeStatic(java.lang.Object, java.lang.Object, int)'> (0x00000000899434b0) 
thrown [s\open\src\hotspot\share\interpreter\linkResolver.cpp, line 773]
Event: 0.145 Thread 0x000001ca6d8b9ba0 Exception <a 'java/lang/NoSuchMethodError'{0x000000008994ea18}: 'void java.lang.invoke.DelegatingMethodHandle$Holder.delegate(java.lang.Object, java.lang.Object, int, java.lang.Object)'> (0x000000008994ea18) 
thrown [s\open\src\hotspot\share\interpreter\linkResolver.cpp, line 773]
Event: 0.145 Thread 0x000001ca6d8b9ba0 Exception <a 'java/lang/NoSuchMethodError'{0x00000000899526f8}: 'int java.lang.invoke.DirectMethodHandle$Holder.invokeSpecial(java.lang.Object, java.lang.Object, java.lang.Object)'> (0x00000000899526f8) 
thrown [s\open\src\hotspot\share\interpreter\linkResolver.cpp, line 773]
Event: 0.150 Thread 0x000001ca6d8b9ba0 Exception <a 'java/lang/NoSuchMethodError'{0x000000008996bd90}: 'void java.lang.System.loadLibrary(java.lang.String, java.lang.Class)'> (0x000000008996bd90) 
thrown [s\open\src\hotspot\share\interpreter\linkResolver.cpp, line 773]
Event: 0.173 Thread 0x000001ca6d8b9ba0 Exception <a 'sun/nio/fs/WindowsException'{0x000000008999b858}> (0x000000008999b858) 
thrown [s\open\src\hotspot\share\prims\jni.cpp, line 519]
Event: 0.173 Thread 0x000001ca6d8b9ba0 Exception <a 'sun/nio/fs/WindowsException'{0x000000008999bd80}> (0x000000008999bd80) 
thrown [s\open\src\hotspot\share\prims\jni.cpp, line 519]
Event: 0.185 Thread 0x000001ca6d8b9ba0 Exception <a 'sun/nio/fs/WindowsException'{0x00000000899cd690}> (0x00000000899cd690) 
thrown [s\open\src\hotspot\share\prims\jni.cpp, line 519]
Event: 0.185 Thread 0x000001ca6d8b9ba0 Exception <a 'sun/nio/fs/WindowsException'{0x00000000899cd9f0}> (0x00000000899cd9f0) 
thrown [s\open\src\hotspot\share\prims\jni.cpp, line 519]
Event: 0.194 Thread 0x000001ca6d8b9ba0 Exception <a 'java/lang/NoSuchMethodError'{0x0000000089820390}: 'int java.lang.invoke.DirectMethodHandle$Holder.invokeStaticInit(java.lang.Object, java.lang.Object, int, long)'> (0x0000000089820390) 
thrown [s\open\src\hotspot\share\interpreter\linkResolver.cpp, line 773]
Event: 0.195 Thread 0x000001ca6d8b9ba0 Exception <a 'java/lang/NoSuchMethodError'{0x00000000898259c8}: 'java.lang.Object java.lang.invoke.DirectMethodHandle$Holder.newInvokeSpecial(java.lang.Object, java.lang.Object, int)'> (0x00000000898259c8) 
thrown [s\open\src\hotspot\share\interpreter\linkResolver.cpp, line 773]
Event: 0.197 Thread 0x000001ca6d8b9ba0 Exception <a 'java/lang/NoSuchMethodError'{0x0000000089834478}: 'int java.lang.invoke.DirectMethodHandle$Holder.invokeStaticInit(java.lang.Object, java.lang.Object, long, long)'> (0x0000000089834478) 
thrown [s\open\src\hotspot\share\interpreter\linkResolver.cpp, line 773]
Event: 0.198 Thread 0x000001ca6d8b9ba0 Exception <a 'java/lang/NoSuchMethodError'{0x000000008983a2c0}: 'java.lang.Object java.lang.invoke.DirectMethodHandle$Holder.newInvokeSpecial(java.lang.Object, java.lang.Object, long)'> (0x000000008983a2c0) 
thrown [s\open\src\hotspot\share\interpreter\linkResolver.cpp, line 773]
Event: 0.199 Thread 0x000001ca6d8b9ba0 Exception <a 'java/lang/NoSuchMethodError'{0x000000008983e328}: 'java.lang.Object java.lang.invoke.Invokers$Holder.linkToTargetMethod(java.lang.Object, long, java.lang.Object)'> (0x000000008983e328) 
thrown [s\open\src\hotspot\share\interpreter\linkResolver.cpp, line 773]
Event: 0.200 Thread 0x000001ca6d8b9ba0 Exception <a 'java/lang/NoSuchMethodError'{0x0000000089845360}: 'int java.lang.invoke.DirectMethodHandle$Holder.invokeStaticInit(java.lang.Object, java.lang.Object, java.lang.Object, long)'> (0x0000000089845360) 
thrown [s\open\src\hotspot\share\interpreter\linkResolver.cpp, line 773]
Event: 0.325 Thread 0x000001ca6d8b9ba0 Exception <a 'java/lang/NoSuchMethodError'{0x000000008970cda8}: 'void java.lang.System.load(java.lang.String, java.lang.Class)'> (0x000000008970cda8) 
thrown [s\open\src\hotspot\share\interpreter\linkResolver.cpp, line 773]
Event: 0.326 Thread 0x000001ca6d8b9ba0 Exception <a 'java/lang/NoSuchMethodError'{0x000000008970fb90}: 'void java.lang.System.loadLibrary(java.lang.String, java.lang.Class)'> (0x000000008970fb90) 
thrown [s\open\src\hotspot\share\interpreter\linkResolver.cpp, line 773]
Event: 0.333 Thread 0x000001ca6d8b9ba0 Exception <a 'sun/nio/fs/WindowsException'{0x000000008971f4b0}> (0x000000008971f4b0) 
thrown [s\open\src\hotspot\share\prims\jni.cpp, line 519]
Event: 0.333 Thread 0x000001ca6d8b9ba0 Exception <a 'sun/nio/fs/WindowsException'{0x000000008971f840}> (0x000000008971f840) 
thrown [s\open\src\hotspot\share\prims\jni.cpp, line 519]
Event: 0.340 Thread 0x000001ca6d8b9ba0 Exception <a 'sun/nio/fs/WindowsException'{0x000000008972a9d8}> (0x000000008972a9d8) 
thrown [s\open\src\hotspot\share\prims\jni.cpp, line 519]
Event: 0.340 Thread 0x000001ca6d8b9ba0 Exception <a 'sun/nio/fs/WindowsException'{0x000000008972aca8}> (0x000000008972aca8) 
thrown [s\open\src\hotspot\share\prims\jni.cpp, line 519]

VM Operations (4 events):
Event: 0.069 Executing VM operation: HandshakeAllThreads
Event: 0.069 Executing VM operation: HandshakeAllThreads done
Event: 0.114 Executing VM operation: HandshakeAllThreads
Event: 0.114 Executing VM operation: HandshakeAllThreads done

Events (15 events):
Event: 0.027 Thread 0x000001ca0ba4b7e0 Thread added: 0x000001ca0ba4b7e0
Event: 0.042 Thread 0x000001ca283d0240 Thread added: 0x000001ca283d0240
Event: 0.043 Thread 0x000001ca283d3600 Thread added: 0x000001ca283d3600
Event: 0.043 Thread 0x000001ca283d5650 Thread added: 0x000001ca283d5650
Event: 0.043 Thread 0x000001ca283d9fd0 Thread added: 0x000001ca283d9fd0
Event: 0.043 Thread 0x000001ca283db2e0 Thread added: 0x000001ca283db2e0
Event: 0.043 Thread 0x000001ca283de830 Thread added: 0x000001ca283de830
Event: 0.043 Thread 0x000001ca283ec570 Thread added: 0x000001ca283ec570
Event: 0.043 Thread 0x000001ca283e8a20 Thread added: 0x000001ca283e8a20
Event: 0.064 Thread 0x000001ca6d8ba0f0 Thread added: 0x000001ca6d8ba0f0
Event: 0.112 Thread 0x000001ca6d8b7670 Thread added: 0x000001ca6d8b7670
Event: 0.112 Thread 0x000001ca6d8ba640 Thread added: 0x000001ca6d8ba640
Event: 0.124 Thread 0x000001ca6d8b9ba0 Thread added: 0x000001ca6d8b9ba0
Event: 0.126 Thread 0x000001ca0ba4b7e0 Thread exited: 0x000001ca0ba4b7e0
Event: 0.126 Thread 0x000001ca6d8bab90 Thread added: 0x000001ca6d8bab90


Dynamic libraries:
0x00007ff625660000 - 0x00007ff625670000 	D:\Nikita_WeW\coding\jdk20\bin\java.exe
0x00007ffb58310000 - 0x00007ffb58508000 	C:\Windows\SYSTEM32\ntdll.dll
0x00007ffb56740000 - 0x00007ffb567ff000 	C:\Windows\System32\KERNEL32.DLL
0x00007ffb55b50000 - 0x00007ffb55e46000 	C:\Windows\System32\KERNELBASE.dll
0x00007ffb561f0000 - 0x00007ffb562f0000 	C:\Windows\System32\ucrtbase.dll
0x00007ffb4faf0000 - 0x00007ffb4fb09000 	D:\Nikita_WeW\coding\jdk20\bin\jli.dll
0x00007ffb4fad0000 - 0x00007ffb4faeb000 	D:\Nikita_WeW\coding\jdk20\bin\VCRUNTIME140.dll
0x00007ffb57d50000 - 0x00007ffb57dff000 	C:\Windows\System32\ADVAPI32.dll
0x00007ffb56370000 - 0x00007ffb5640e000 	C:\Windows\System32\msvcrt.dll
0x00007ffb57550000 - 0x00007ffb575ec000 	C:\Windows\System32\sechost.dll
0x00007ffb57f90000 - 0x00007ffb580b6000 	C:\Windows\System32\RPCRT4.dll
0x00007ffb56b90000 - 0x00007ffb56d2d000 	C:\Windows\System32\USER32.dll
0x00007ffb562f0000 - 0x00007ffb56312000 	C:\Windows\System32\win32u.dll
0x00007ffb3d2f0000 - 0x00007ffb3d58a000 	C:\Windows\WinSxS\amd64_microsoft.windows.common-controls_6595b64144ccf1df_6.0.19041.1110_none_60b5254171f9507e\COMCTL32.dll
0x00007ffb56800000 - 0x00007ffb5682c000 	C:\Windows\System32\GDI32.dll
0x00007ffb560d0000 - 0x00007ffb561e5000 	C:\Windows\System32\gdi32full.dll
0x00007ffb55ec0000 - 0x00007ffb55f5d000 	C:\Windows\System32\msvcp_win.dll
0x00007ffb4f8e0000 - 0x00007ffb4f8ea000 	C:\Windows\SYSTEM32\VERSION.dll
0x00007ffb57ba0000 - 0x00007ffb57bd0000 	C:\Windows\System32\IMM32.DLL
0x00007ffb53180000 - 0x00007ffb5318c000 	D:\Nikita_WeW\coding\jdk20\bin\vcruntime140_1.dll
0x00007ffb3d260000 - 0x00007ffb3d2ee000 	D:\Nikita_WeW\coding\jdk20\bin\msvcp140.dll
0x00007ffb1a180000 - 0x00007ffb1ae18000 	D:\Nikita_WeW\coding\jdk20\bin\server\jvm.dll
0x00007ffb530b0000 - 0x00007ffb530b9000 	C:\Windows\SYSTEM32\WSOCK32.dll
0x00007ffb38c90000 - 0x00007ffb38cb7000 	C:\Windows\SYSTEM32\WINMM.dll
0x00007ffb56d90000 - 0x00007ffb56dfb000 	C:\Windows\System32\WS2_32.dll
0x00007ffb538a0000 - 0x00007ffb538b2000 	C:\Windows\SYSTEM32\kernel.appcore.dll
0x00007ffb51630000 - 0x00007ffb5163a000 	D:\Nikita_WeW\coding\jdk20\bin\jimage.dll
0x00007ffb373f0000 - 0x00007ffb375d4000 	C:\Windows\SYSTEM32\DBGHELP.DLL
0x00007ffb35030000 - 0x00007ffb35064000 	C:\Windows\SYSTEM32\dbgcore.DLL
0x00007ffb56040000 - 0x00007ffb560c2000 	C:\Windows\System32\bcryptPrimitives.dll
0x00007ffb40510000 - 0x00007ffb4051e000 	D:\Nikita_WeW\coding\jdk20\bin\instrument.dll
0x00007ffb40e70000 - 0x00007ffb40e96000 	D:\Nikita_WeW\coding\jdk20\bin\java.dll
0x00007ffb3b170000 - 0x00007ffb3b247000 	D:\Nikita_WeW\coding\jdk20\bin\jsvml.dll
0x00007ffb56e00000 - 0x00007ffb57544000 	C:\Windows\System32\SHELL32.dll
0x00007ffb53aa0000 - 0x00007ffb54234000 	C:\Windows\SYSTEM32\windows.storage.dll
0x00007ffb56830000 - 0x00007ffb56b84000 	C:\Windows\System32\combase.dll
0x00007ffb55430000 - 0x00007ffb5545e000 	C:\Windows\SYSTEM32\Wldp.dll
0x00007ffb57e00000 - 0x00007ffb57ead000 	C:\Windows\System32\SHCORE.dll
0x00007ffb56490000 - 0x00007ffb564e5000 	C:\Windows\System32\shlwapi.dll
0x00007ffb55920000 - 0x00007ffb55945000 	C:\Windows\SYSTEM32\profapi.dll
0x00007ffb3f620000 - 0x00007ffb3f638000 	D:\Nikita_WeW\coding\jdk20\bin\zip.dll
0x00007ffb404f0000 - 0x00007ffb40503000 	D:\Nikita_WeW\coding\jdk20\bin\net.dll
0x00007ffb4ced0000 - 0x00007ffb4cfda000 	C:\Windows\SYSTEM32\WINHTTP.dll
0x00007ffb55190000 - 0x00007ffb551fa000 	C:\Windows\system32\mswsock.dll
0x00007ffb3f640000 - 0x00007ffb3f656000 	D:\Nikita_WeW\coding\jdk20\bin\nio.dll
0x00007ffb008b0000 - 0x00007ffb008ca000 	D:\Nikita_WeW\coding\intellij idea\bin\breakgen64.dll
0x00007ffb3f610000 - 0x00007ffb3f617000 	D:\Nikita_WeW\coding\jdk20\bin\extnet.dll
0x00007ffaf0b20000 - 0x00007ffaf0b9a000 	C:\Users\User\AppData\Local\Temp\lwjgl_User\3.3.2+13\x64\lwjgl.dll
0x00007ffaf0a90000 - 0x00007ffaf0b12000 	C:\Users\User\AppData\Local\Temp\lwjgl_User\3.3.2+13\x64\glfw.dll
0x00007ffaf8f60000 - 0x00007ffaf8fa5000 	C:\Windows\SYSTEM32\dinput8.dll
0x00007ffb007e0000 - 0x00007ffb007f1000 	C:\Windows\SYSTEM32\xinput1_4.dll
0x00007ffb56320000 - 0x00007ffb5636e000 	C:\Windows\System32\cfgmgr32.dll
0x00007ffb55780000 - 0x00007ffb557b3000 	C:\Windows\SYSTEM32\DEVOBJ.dll
0x00007ffb536c0000 - 0x00007ffb536ef000 	C:\Windows\SYSTEM32\dwmapi.dll
0x00007ffb4fb10000 - 0x00007ffb4fc62000 	C:\Windows\SYSTEM32\inputhost.dll
0x00007ffb57bd0000 - 0x00007ffb57c9d000 	C:\Windows\System32\OLEAUT32.dll
0x00007ffb51760000 - 0x00007ffb518b4000 	C:\Windows\SYSTEM32\wintypes.dll
0x00007ffb52e30000 - 0x00007ffb52f22000 	C:\Windows\SYSTEM32\CoreMessaging.dll
0x00007ffb50ee0000 - 0x00007ffb50fd6000 	C:\Windows\SYSTEM32\PROPSYS.dll
0x00007ffb52ad0000 - 0x00007ffb52e2e000 	C:\Windows\SYSTEM32\CoreUIComponents.dll
0x00007ffb54b60000 - 0x00007ffb54b93000 	C:\Windows\SYSTEM32\ntmarta.dll
0x00007ffb53330000 - 0x00007ffb533ce000 	C:\Windows\system32\uxtheme.dll
0x00007ffb09980000 - 0x00007ffb099a3000 	C:\Program Files (x86)\Yandex\Punto Switcher\PSHook64.dll
0x00007ffb564f0000 - 0x00007ffb56604000 	C:\Windows\System32\MSCTF.dll
0x00007ffb37b00000 - 0x00007ffb37c25000 	C:\Windows\SYSTEM32\opengl32.dll
0x00007ffb39140000 - 0x00007ffb3916c000 	C:\Windows\SYSTEM32\GLU32.dll
0x00007ffb57af0000 - 0x00007ffb57b99000 	C:\Windows\System32\clbcatq.dll
0x00007ffaefa30000 - 0x00007ffaf0a4a000 	C:\Windows\System32\DriverStore\FileRepository\iigd_dch.inf_amd64_393549dac595e659\ig9icd64.dll
0x00007ffb56610000 - 0x00007ffb5673a000 	C:\Windows\System32\ole32.dll
0x00007ffb542a0000 - 0x00007ffb54393000 	C:\Windows\system32\dxgi.dll
0x00007ffaef740000 - 0x00007ffaefa2e000 	C:\Windows\System32\DriverStore\FileRepository\iigd_dch.inf_amd64_393549dac595e659\igdml64.dll
0x00007ffb488a0000 - 0x00007ffb48c68000 	C:\Windows\System32\DriverStore\FileRepository\iigd_dch.inf_amd64_393549dac595e659\igdgmm64.dll
0x00007ffb445c0000 - 0x00007ffb47ba6000 	C:\Windows\System32\DriverStore\FileRepository\iigd_dch.inf_amd64_393549dac595e659\igc64.dll
0x00007ffb54f50000 - 0x00007ffb54f9b000 	C:\Windows\SYSTEM32\powrprof.dll
0x00007ffb54e10000 - 0x00007ffb54e22000 	C:\Windows\SYSTEM32\UMPDC.dll
0x00007ffaef6e0000 - 0x00007ffaef73e000 	C:\Users\User\AppData\Local\Temp\lwjgl_User\3.3.2+13\x64\lwjgl_opengl.dll

dbghelp: loaded successfully - version: 4.0.5 - missing functions: none
symbol engine: initialized successfully - sym options: 0x614 - pdb path: .;D:\Nikita_WeW\coding\jdk20\bin;C:\Windows\SYSTEM32;C:\Windows\WinSxS\amd64_microsoft.windows.common-controls_6595b64144ccf1df_6.0.19041.1110_none_60b5254171f9507e;D:\Nikita_WeW\coding\jdk20\bin\server;D:\Nikita_WeW\coding\intellij idea\bin;C:\Users\User\AppData\Local\Temp\lwjgl_User\3.3.2+13\x64;C:\Program Files (x86)\Yandex\Punto Switcher;C:\Windows\System32\DriverStore\FileRepository\iigd_dch.inf_amd64_393549dac595e659

VM Arguments:
jvm_args: -javaagent:D:\Nikita_WeW\coding\intellij idea\lib\idea_rt.jar=60642:D:\Nikita_WeW\coding\intellij idea\bin -Dfile.encoding=UTF-8 -Dsun.stdout.encoding=UTF-8 -Dsun.stderr.encoding=UTF-8 
java_command: Main
java_class_path (initial): D:\Nikita_WeW\coding\intellij idea\projects\Engine3D\out\production\Engine3D;D:\Nikita_WeW\coding\intellij idea\projects\Engine3D\libs\lwjgl-glfw-natives-windows.jar;D:\Nikita_WeW\coding\intellij idea\projects\Engine3D\libs\lwjgl-glfw.jar;D:\Nikita_WeW\coding\intellij idea\projects\Engine3D\libs\lwjgl-natives-windows.jar;D:\Nikita_WeW\coding\intellij idea\projects\Engine3D\libs\lwjgl-opengl-natives-windows.jar;D:\Nikita_WeW\coding\intellij idea\projects\Engine3D\libs\lwjgl-opengl.jar;D:\Nikita_WeW\coding\intellij idea\projects\Engine3D\libs\lwjgl-stb-natives-windows.jar;D:\Nikita_WeW\coding\intellij idea\projects\Engine3D\libs\lwjgl-stb.jar;D:\Nikita_WeW\coding\intellij idea\projects\Engine3D\libs\lwjgl.jar
Launcher Type: SUN_STANDARD

[Global flags]
     intx CICompilerCount                          = 4                                         {product} {ergonomic}
     uint ConcGCThreads                            = 2                                         {product} {ergonomic}
     uint G1ConcRefinementThreads                  = 8                                         {product} {ergonomic}
   size_t G1HeapRegionSize                         = 1048576                                   {product} {ergonomic}
    uintx GCDrainStackTargetSize                   = 64                                        {product} {ergonomic}
   size_t InitialHeapSize                          = 132120576                                 {product} {ergonomic}
   size_t MarkStackSize                            = 4194304                                   {product} {ergonomic}
   size_t MaxHeapSize                              = 2113929216                                {product} {ergonomic}
   size_t MaxNewSize                               = 1267728384                                {product} {ergonomic}
   size_t MinHeapDeltaBytes                        = 1048576                                   {product} {ergonomic}
   size_t MinHeapSize                              = 8388608                                   {product} {ergonomic}
    uintx NonNMethodCodeHeapSize                   = 5839372                                {pd product} {ergonomic}
    uintx NonProfiledCodeHeapSize                  = 122909434                              {pd product} {ergonomic}
    uintx ProfiledCodeHeapSize                     = 122909434                              {pd product} {ergonomic}
    uintx ReservedCodeCacheSize                    = 251658240                              {pd product} {ergonomic}
     bool SegmentedCodeCache                       = true                                      {product} {ergonomic}
   size_t SoftMaxHeapSize                          = 2113929216                             {manageable} {ergonomic}
     bool UseCompressedClassPointers               = true                           {product lp64_product} {ergonomic}
     bool UseCompressedOops                        = true                           {product lp64_product} {ergonomic}
     bool UseG1GC                                  = true                                      {product} {ergonomic}
     bool UseLargePagesIndividualAllocation        = false                                  {pd product} {ergonomic}

Logging:
Log output configuration:
 #0: stdout all=warning uptime,level,tags foldmultilines=false
 #1: stderr all=off uptime,level,tags foldmultilines=false

Environment Variables:
JAVA_HOME=D:\Nikita_WeW\coding\jdk17\
PATH=D:\Nikita_WeW\coding\jdk20\bin;D:\Nikita_WeW\coding\jdk17\bin;C:\Program Files (x86)\Common Files\Oracle\Java\javapath;D:\Nikita_WeW\modding\jdk8\bin;C:\Windows\system32;C:\Windows;C:\Windows\System32\Wbem;C:\Windows\System32\WindowsPowerShell\v1.0\;C:\Windows\System32\OpenSSH\;C:\Program Files\dotnet\;C:\Program Files\Git\cmd;C:\Users\User\AppData\Local\Microsoft\WindowsApps;
USERNAME=User
OS=Windows_NT
PROCESSOR_IDENTIFIER=Intel64 Family 6 Model 142 Stepping 12, GenuineIntel
TMP=C:\Users\User\AppData\Local\Temp
TEMP=C:\Users\User\AppData\Local\Temp




---------------  S Y S T E M  ---------------

OS:
 Windows 10 , 64 bit Build 19041 (10.0.19041.3155)
OS uptime: 0 days 21:54 hours

CPU: total 8 (initial active 8) (4 cores per cpu, 2 threads per core) family 6 model 142 stepping 12 microcode 0xf0, cx8, cmov, fxsr, ht, mmx, 3dnowpref, sse, sse2, sse3, ssse3, sse4.1, sse4.2, popcnt, lzcnt, tsc, tscinvbit, avx, avx2, aes, erms, clmul, bmi1, bmi2, adx, fma, vzeroupper, clflush, clflushopt, rdtscp, f16c

Memory: 4k page, system-wide physical 8062M (1504M free)
TotalPageFile size 21886M (AvailPageFile size 12178M)
current process WorkingSet (physical memory assigned to process): 90M, peak: 90M
current process commit charge ("private bytes"): 223M, peak: 223M

vm_info: Java HotSpot(TM) 64-Bit Server VM (20.0.2+9-78) for windows-amd64 JRE (20.0.2+9-78), built on 2023-06-14T10:08:48Z by "mach5one" with MS VC++ 17.1 (VS2022)

END.
