#
# A fatal error has been detected by the Java Runtime Environment:
#
#  EXCEPTION_ACCESS_VIOLATION (0xc0000005) at pc=0x00007ffd791d1728, pid=11144, tid=10172
#
# JRE version: Java(TM) SE Runtime Environment (20.0.2+9) (build 20.0.2+9-78)
# Java VM: Java HotSpot(TM) 64-Bit Server VM (20.0.2+9-78, mixed mode, sharing, tiered, compressed oops, compressed class ptrs, g1 gc, windows-amd64)
# Problematic frame:
# C  [glfw.dll+0x11728]
#
# No core dump will be written. Minidumps are not enabled by default on client versions of Windows
#
# If you would like to submit a bug report, please visit:
#   https://bugreport.java.com/bugreport/crash.jsp
# The crash happened outside the Java Virtual Machine in native code.
# See problematic frame for where to report the bug.
#

---------------  S U M M A R Y ------------

Command Line: -javaagent:D:\Nikita_WeW\coding\intellij idea\lib\idea_rt.jar=51540:D:\Nikita_WeW\coding\intellij idea\bin -Dfile.encoding=UTF-8 -Dsun.stdout.encoding=UTF-8 -Dsun.stderr.encoding=UTF-8 Main

Host: Intel(R) Core(TM) i5-8265U CPU @ 1.60GHz, 8 cores, 7G,  Windows 10 , 64 bit Build 19041 (10.0.19041.3031)
Time: Fri Jul 28 09:48:51 2023 RTZ 2 (s 10 , 64 bit Build 19041 (10.0.19041.3031) elapsed time: 0.393542 seconds (0d 0h 0m 0s)

---------------  T H R E A D  ---------------

Current thread (0x000002837666cdf0):  JavaThread "main" [_thread_in_native, id=10172, stack(0x0000009847400000,0x0000009847500000)]

Stack: [0x0000009847400000,0x0000009847500000],  sp=0x00000098474feb50,  free space=1018k
Native frames: (J=compiled Java code, j=interpreted, Vv=VM code, C=native code)
C  [glfw.dll+0x11728]

Java frames: (J=compiled Java code, j=interpreted, Vv=VM code)
j  org.lwjgl.system.JNI.invokePPPP(IIJJJJ)J+0
j  org.lwjgl.glfw.GLFW.nglfwCreateWindow(IIJJJ)J+14
j  org.lwjgl.glfw.GLFW.glfwCreateWindow(IILjava/lang/CharSequence;JJ)J+34
j  Engine.Window.<init>(IILjava/lang/String;)V+42
j  Main.main([Ljava/lang/String;)V+20
v  ~StubRoutines::call_stub 0x000002830753100d

siginfo: EXCEPTION_ACCESS_VIOLATION (0xc0000005), reading address 0x00000000146fe1bc


Registers:
RAX=0x0000000000000000, RBX=0x0000028358411460, RCX=0x00000000146fe0bc, RDX=0x00000098474febd8
RSP=0x00000098474feb50, RBP=0x00000098474fec50, RSI=0x00000098474fed40, RDI=0x0000000086000000
R8 =0x0000000000000108, R9 =0x00000098474fe778, R10=0x00007ffd791c0108, R11=0x0000000000000001
R12=0x0000000086000000, R13=0x0000000000000000, R14=0x0000000000040008, R15=0x0000000086000000
RIP=0x00007ffd791d1728, EFLAGS=0x0000000000010246


Register to memory mapping:

RIP=0x00007ffd791d1728 glfw.dll
RAX=0x0 is NULL
RBX=0x0000028358411460 points into unknown readable memory: 0x0000000000000000 | 00 00 00 00 00 00 00 00
RCX=0x00000000146fe0bc is an unknown value
RDX=0x00000098474febd8 is pointing into the stack for thread: 0x000002837666cdf0
RSP=0x00000098474feb50 is pointing into the stack for thread: 0x000002837666cdf0
RBP=0x00000098474fec50 is pointing into the stack for thread: 0x000002837666cdf0
RSI=0x00000098474fed40 is pointing into the stack for thread: 0x000002837666cdf0
RDI=0x0000000086000000 points into unknown readable memory: 0x0000000000000000 | 00 00 00 00 00 00 00 00
R8 =0x0000000000000108 is an unknown value
R9 =0x00000098474fe778 is pointing into the stack for thread: 0x000002837666cdf0
R10=0x00007ffd791c0108 glfw.dll
R11=0x0000000000000001 is an unknown value
R12=0x0000000086000000 points into unknown readable memory: 0x0000000000000000 | 00 00 00 00 00 00 00 00
R13=0x0 is NULL
R14=0x0000000000040008 is an unknown value
R15=0x0000000086000000 points into unknown readable memory: 0x0000000000000000 | 00 00 00 00 00 00 00 00


Top of Stack: (sp=0x00000098474feb50)
0x00000098474feb50:   0000028358411460 00000098474fec50
0x00000098474feb60:   00000098474fed40 0000000086000000
0x00000098474feb70:   0000028300000000 0000028300008040
0x00000098474feb80:   00000000000003e8 0000028300000000
0x00000098474feb90:   000002837666ab70 00007ffd3fd3b67f
0x00000098474feba0:   0000000200000000 00000000000000d8
0x00000098474febb0:   00000098474ff7c0 00007ffd402225c1
0x00000098474febc0:   00000098474ff190 0000000000000000
0x00000098474febd0:   0000000000000000 0000000000000028
0x00000098474febe0:   0000000000000000 0000000000000000
0x00000098474febf0:   0000000000000000 0000000000000000
0x00000098474fec00:   0000002300000050 00007ffd791d2710
0x00000098474fec10:   0000000000000000 00007ffd791c0000
0x00000098474fec20:   000000000001002b 0000000000010003
0x00000098474fec30:   0000000000000000 0000000000000000
0x00000098474fec40:   00007ffd79225a50 0000000000000000
0x00000098474fec50:   00005bf5d8acacb9 0000000000000000
0x00000098474fec60:   000002837666cdf0 00000000146fe0bc
0x00000098474fec70:   000002835489f298 0000000000000000
0x00000098474fec80:   00000098474fed00 00000098474fed40
0x00000098474fec90:   00000098474ff190 00007ffd791cf208
0x00000098474feca0:   00000000000003e8 00007ffd791c2354
0x00000098474fecb0:   0000028358411460 0000028300000000
0x00000098474fecc0:   000002837666ab98 0000000089d678a0
0x00000098474fecd0:   00000000000002bc 00007ffd791c6eb0
0x00000098474fece0:   0000028358411460 00000098474fede0
0x00000098474fecf0:   00000000000001f4 0000028300000000
0x00000098474fed00:   0003600100030001 0000000000000001
0x00000098474fed10:   0000000000000000 0000000000000000
0x00000098474fed20:   0000000000000000 0000000000000000
0x00000098474fed30:   0000000000000000 00007ffd400418d7
0x00000098474fed40:   8000000080000000 000001f4000002bc 

Instructions: (pc=0x00007ffd791d1728)
0x00007ffd791d1628:   00 0f 57 c0 48 89 45 f4 89 45 fc ba 00 7f 00 00
0x00007ffd791d1638:   0f 11 45 b4 48 8d 05 cd 10 00 00 c7 45 b4 23 00
0x00007ffd791d1648:   00 00 48 89 45 b8 33 c9 48 8b 05 91 7b 06 00 0f
0x00007ffd791d1658:   11 45 c4 48 89 45 c8 0f 11 45 d4 0f 11 45 e4 ff
0x00007ffd791d1668:   15 f3 ed 01 00 48 89 45 d8 33 c9 48 8d 05 d6 43
0x00007ffd791d1678:   05 00 48 89 45 f0 ff 15 14 ea 01 00 c7 44 24 28
0x00007ffd791d1688:   40 80 00 00 45 8d 45 01 48 8b c8 44 89 6c 24 20
0x00007ffd791d1698:   45 33 c9 48 8d 15 be 43 05 00 ff 15 88 ec 01 00
0x00007ffd791d16a8:   48 89 45 d0 48 85 c0 75 25 c7 44 24 28 40 80 00
0x00007ffd791d16b8:   00 45 8d 45 01 45 33 c9 44 89 6c 24 20 ba 00 7f
0x00007ffd791d16c8:   00 00 33 c9 ff 15 5e ec 01 00 48 89 45 d0 48 8d
0x00007ffd791d16d8:   4d b0 ff 15 98 ee 01 00 66 89 05 13 7b 06 00 66
0x00007ffd791d16e8:   85 c0 75 18 48 8d 15 85 43 05 00 b9 08 00 01 00
0x00007ffd791d16f8:   e8 43 a7 ff ff 33 c0 e9 dd 03 00 00 48 8b 4b 50
0x00007ffd791d1708:   48 85 c9 74 42 0f 57 c0 c7 45 88 28 00 00 00 33
0x00007ffd791d1718:   c0 48 8d 55 88 0f 11 45 8c 89 45 ac 0f 11 45 9c
0x00007ffd791d1728:   48 8b 89 00 01 00 00 ff 15 d3 ed 01 00 8b 45 90
0x00007ffd791d1738:   8b 7d 94 44 8b 6d 8c 41 2b fd 44 8b 65 98 44 2b
0x00007ffd791d1748:   e0 89 44 24 60 eb 7a 8b 46 08 48 8d 4c 24 78 89
0x00007ffd791d1758:   45 80 44 8b ff 8b 46 0c 41 0f ba ef 18 89 45 84
0x00007ffd791d1768:   45 8b ce 8b 46 30 89 83 7c 03 00 00 44 39 6e 30
0x00007ffd791d1778:   4c 89 6c 24 78 45 0f 44 fc 45 33 c0 41 8b d7 ff
0x00007ffd791d1788:   15 53 ec 01 00 8b 06 8b 4c 24 7c 8b 54 24 78 3d
0x00007ffd791d1798:   00 00 00 80 75 12 39 46 04 75 0d 41 bd 00 00 00
0x00007ffd791d17a8:   80 44 89 6c 24 60 eb 0d 44 8d 2c 10 8b 46 04 03
0x00007ffd791d17b8:   c1 89 44 24 60 8b 7d 80 44 8b 65 84 2b fa 44 2b
0x00007ffd791d17c8:   e1 48 8b 4e 10 e8 ce a0 ff ff 48 89 44 24 68 48
0x00007ffd791d17d8:   8b c8 48 85 c0 0f 84 1a ff ff ff 48 8b 05 fe 79
0x00007ffd791d17e8:   06 00 4c 8b c1 0f b7 15 06 7a 06 00 45 8b cf 48
0x00007ffd791d17f8:   89 74 24 58 41 8b ce 48 89 44 24 50 33 c0 48 89
0x00007ffd791d1808:   44 24 48 48 89 44 24 40 8b 44 24 60 44 89 64 24
0x00007ffd791d1818:   38 89 7c 24 30 89 44 24 28 44 89 6c 24 20 ff 15 


Stack slot to memory mapping:
stack at sp + 0 slots: 0x0000028358411460 points into unknown readable memory: 0x0000000000000000 | 00 00 00 00 00 00 00 00
stack at sp + 1 slots: 0x00000098474fec50 is pointing into the stack for thread: 0x000002837666cdf0
stack at sp + 2 slots: 0x00000098474fed40 is pointing into the stack for thread: 0x000002837666cdf0
stack at sp + 3 slots: 0x0000000086000000 points into unknown readable memory: 0x0000000000000000 | 00 00 00 00 00 00 00 00
stack at sp + 4 slots: 0x0000028300000000 points into unknown readable memory: 0x0000000000000013 | 13 00 00 00 00 00 00 00
stack at sp + 5 slots: 0x0000028300008040 is at entry_point+416 in (nmethod*)0x0000028300007d10
Compiled method (c1)     432   27       3       java.lang.String::isEmpty (14 bytes)
 total in heap  [0x0000028300007d10,0x0000028300008090] = 896
 relocation     [0x0000028300007e58,0x0000028300007e90] = 56
 main code      [0x0000028300007ea0,0x0000028300007fe0] = 320
 stub code      [0x0000028300007fe0,0x0000028300008018] = 56
 metadata       [0x0000028300008018,0x0000028300008020] = 8
 scopes data    [0x0000028300008020,0x0000028300008038] = 24
 scopes pcs     [0x0000028300008038,0x0000028300008078] = 64
 dependencies   [0x0000028300008078,0x0000028300008080] = 8
 nul chk table  [0x0000028300008080,0x0000028300008090] = 16
stack at sp + 6 slots: 0x00000000000003e8 is an unknown value
stack at sp + 7 slots: 0x0000028300000000 points into unknown readable memory: 0x0000000000000013 | 13 00 00 00 00 00 00 00


---------------  P R O C E S S  ---------------

Threads class SMR info:
_java_thread_list=0x00000283585e4960, length=12, elements={
0x000002837666cdf0, 0x000002831310e9d0, 0x000002831310f970, 0x0000028313113ae0,
0x0000028313136650, 0x0000028313139a80, 0x000002831313c920, 0x0000028313140fe0,
0x0000028313145720, 0x00000283130d9660, 0x000002835867cd20, 0x000002835867eaf0
}

Java Threads: ( => current thread )
=>0x000002837666cdf0 JavaThread "main" [_thread_in_native, id=10172, stack(0x0000009847400000,0x0000009847500000)]
  0x000002831310e9d0 JavaThread "Reference Handler" daemon [_thread_blocked, id=4708, stack(0x0000009847b00000,0x0000009847c00000)]
  0x000002831310f970 JavaThread "Finalizer" daemon [_thread_blocked, id=15296, stack(0x0000009847c00000,0x0000009847d00000)]
  0x0000028313113ae0 JavaThread "Signal Dispatcher" daemon [_thread_blocked, id=8604, stack(0x0000009847d00000,0x0000009847e00000)]
  0x0000028313136650 JavaThread "Attach Listener" daemon [_thread_blocked, id=1104, stack(0x0000009847e00000,0x0000009847f00000)]
  0x0000028313139a80 JavaThread "Service Thread" daemon [_thread_blocked, id=19752, stack(0x0000009847f00000,0x0000009848000000)]
  0x000002831313c920 JavaThread "Monitor Deflation Thread" daemon [_thread_blocked, id=8152, stack(0x0000009848000000,0x0000009848100000)]
  0x0000028313140fe0 JavaThread "C2 CompilerThread0" daemon [_thread_blocked, id=10376, stack(0x0000009848100000,0x0000009848200000)]
  0x0000028313145720 JavaThread "C1 CompilerThread0" daemon [_thread_blocked, id=23708, stack(0x0000009848200000,0x0000009848300000)]
  0x00000283130d9660 JavaThread "Common-Cleaner" daemon [_thread_blocked, id=24448, stack(0x0000009848300000,0x0000009848400000)]
  0x000002835867cd20 JavaThread "Monitor Ctrl-Break" daemon [_thread_in_native, id=15164, stack(0x0000009848400000,0x0000009848500000)]
  0x000002835867eaf0 JavaThread "Notification Thread" daemon [_thread_blocked, id=16728, stack(0x0000009848500000,0x0000009848600000)]

Other Threads:
  0x00000283130ef480 VMThread "VM Thread" [stack: 0x0000009847a00000,0x0000009847b00000] [id=11724]
  0x0000028358680150 WatcherThread "VM Periodic Task Thread" [stack: 0x0000009848600000,0x0000009848700000] [id=22936]
  0x00000283766ca700 WorkerThread "GC Thread#0" [stack: 0x0000009847500000,0x0000009847600000] [id=12692]
  0x00000283766db3b0 ConcurrentGCThread "G1 Main Marker" [stack: 0x0000009847600000,0x0000009847700000] [id=928]
  0x00000283766dd590 WorkerThread "G1 Conc#0" [stack: 0x0000009847700000,0x0000009847800000] [id=10544]
  0x000002837673d370 ConcurrentGCThread "G1 Refine#0" [stack: 0x0000009847800000,0x0000009847900000] [id=11828]
  0x000002837673de10 ConcurrentGCThread "G1 Service" [stack: 0x0000009847900000,0x0000009847a00000] [id=7680]

Threads with active compile tasks:

VM state: not at safepoint (normal execution)

VM Mutex/Monitor currently owned by a thread: None

Heap address: 0x0000000082000000, size: 2016 MB, Compressed Oops mode: 32-bit

CDS archive(s) mapped at: [0x0000028313400000-0x0000028314060000-0x0000028314060000), size 12976128, SharedBaseAddress: 0x0000028313400000, ArchiveRelocationMode: 1.
Compressed class space mapped at: 0x0000028314400000-0x0000028354400000, reserved size: 1073741824
Narrow klass base: 0x0000028313400000, Narrow klass shift: 0, Narrow klass range: 0x100000000

GC Precious Log:
 CardTable entry size: 512
 Card Set container configuration: InlinePtr #cards 5 size 8 Array Of Cards #cards 12 size 40 Howl #buckets 4 coarsen threshold 1843 Howl Bitmap #cards 512 size 80 coarsen threshold 460 Card regions per heap region 1 cards per card region 2048
 CPUs: 8 total, 8 available
 Memory: 8062M
 Large Page Support: Disabled
 NUMA Support: Disabled
 Compressed Oops: Enabled (32-bit)
 Heap Region Size: 1M
 Heap Min Capacity: 8M
 Heap Initial Capacity: 126M
 Heap Max Capacity: 2016M
 Pre-touch: Disabled
 Parallel Workers: 8
 Concurrent Workers: 2
 Concurrent Refinement Workers: 8
 Periodic GC: Disabled

Heap:
 garbage-first heap   total 129024K, used 5120K [0x0000000082000000, 0x0000000100000000)
  region size 1024K, 6 young (6144K), 0 survivors (0K)
 Metaspace       used 2361K, committed 2560K, reserved 1114112K
  class space    used 168K, committed 256K, reserved 1048576K

Heap Regions: E=young(eden), S=young(survivor), O=old, HS=humongous(starts), HC=humongous(continues), CS=collection set, F=free, OA=open archive, CA=closed archive, TAMS=top-at-mark-start, PB=parsable bottom
|   0|0x0000000082000000, 0x0000000082000000, 0x0000000082100000|  0%| F|  |TAMS 0x0000000082000000| PB 0x0000000082000000| Untracked 
|   1|0x0000000082100000, 0x0000000082100000, 0x0000000082200000|  0%| F|  |TAMS 0x0000000082100000| PB 0x0000000082100000| Untracked 
|   2|0x0000000082200000, 0x0000000082200000, 0x0000000082300000|  0%| F|  |TAMS 0x0000000082200000| PB 0x0000000082200000| Untracked 
|   3|0x0000000082300000, 0x0000000082300000, 0x0000000082400000|  0%| F|  |TAMS 0x0000000082300000| PB 0x0000000082300000| Untracked 
|   4|0x0000000082400000, 0x0000000082400000, 0x0000000082500000|  0%| F|  |TAMS 0x0000000082400000| PB 0x0000000082400000| Untracked 
|   5|0x0000000082500000, 0x0000000082500000, 0x0000000082600000|  0%| F|  |TAMS 0x0000000082500000| PB 0x0000000082500000| Untracked 
|   6|0x0000000082600000, 0x0000000082600000, 0x0000000082700000|  0%| F|  |TAMS 0x0000000082600000| PB 0x0000000082600000| Untracked 
|   7|0x0000000082700000, 0x0000000082700000, 0x0000000082800000|  0%| F|  |TAMS 0x0000000082700000| PB 0x0000000082700000| Untracked 
|   8|0x0000000082800000, 0x0000000082800000, 0x0000000082900000|  0%| F|  |TAMS 0x0000000082800000| PB 0x0000000082800000| Untracked 
|   9|0x0000000082900000, 0x0000000082900000, 0x0000000082a00000|  0%| F|  |TAMS 0x0000000082900000| PB 0x0000000082900000| Untracked 
|  10|0x0000000082a00000, 0x0000000082a00000, 0x0000000082b00000|  0%| F|  |TAMS 0x0000000082a00000| PB 0x0000000082a00000| Untracked 
|  11|0x0000000082b00000, 0x0000000082b00000, 0x0000000082c00000|  0%| F|  |TAMS 0x0000000082b00000| PB 0x0000000082b00000| Untracked 
|  12|0x0000000082c00000, 0x0000000082c00000, 0x0000000082d00000|  0%| F|  |TAMS 0x0000000082c00000| PB 0x0000000082c00000| Untracked 
|  13|0x0000000082d00000, 0x0000000082d00000, 0x0000000082e00000|  0%| F|  |TAMS 0x0000000082d00000| PB 0x0000000082d00000| Untracked 
|  14|0x0000000082e00000, 0x0000000082e00000, 0x0000000082f00000|  0%| F|  |TAMS 0x0000000082e00000| PB 0x0000000082e00000| Untracked 
|  15|0x0000000082f00000, 0x0000000082f00000, 0x0000000083000000|  0%| F|  |TAMS 0x0000000082f00000| PB 0x0000000082f00000| Untracked 
|  16|0x0000000083000000, 0x0000000083000000, 0x0000000083100000|  0%| F|  |TAMS 0x0000000083000000| PB 0x0000000083000000| Untracked 
|  17|0x0000000083100000, 0x0000000083100000, 0x0000000083200000|  0%| F|  |TAMS 0x0000000083100000| PB 0x0000000083100000| Untracked 
|  18|0x0000000083200000, 0x0000000083200000, 0x0000000083300000|  0%| F|  |TAMS 0x0000000083200000| PB 0x0000000083200000| Untracked 
|  19|0x0000000083300000, 0x0000000083300000, 0x0000000083400000|  0%| F|  |TAMS 0x0000000083300000| PB 0x0000000083300000| Untracked 
|  20|0x0000000083400000, 0x0000000083400000, 0x0000000083500000|  0%| F|  |TAMS 0x0000000083400000| PB 0x0000000083400000| Untracked 
|  21|0x0000000083500000, 0x0000000083500000, 0x0000000083600000|  0%| F|  |TAMS 0x0000000083500000| PB 0x0000000083500000| Untracked 
|  22|0x0000000083600000, 0x0000000083600000, 0x0000000083700000|  0%| F|  |TAMS 0x0000000083600000| PB 0x0000000083600000| Untracked 
|  23|0x0000000083700000, 0x0000000083700000, 0x0000000083800000|  0%| F|  |TAMS 0x0000000083700000| PB 0x0000000083700000| Untracked 
|  24|0x0000000083800000, 0x0000000083800000, 0x0000000083900000|  0%| F|  |TAMS 0x0000000083800000| PB 0x0000000083800000| Untracked 
|  25|0x0000000083900000, 0x0000000083900000, 0x0000000083a00000|  0%| F|  |TAMS 0x0000000083900000| PB 0x0000000083900000| Untracked 
|  26|0x0000000083a00000, 0x0000000083a00000, 0x0000000083b00000|  0%| F|  |TAMS 0x0000000083a00000| PB 0x0000000083a00000| Untracked 
|  27|0x0000000083b00000, 0x0000000083b00000, 0x0000000083c00000|  0%| F|  |TAMS 0x0000000083b00000| PB 0x0000000083b00000| Untracked 
|  28|0x0000000083c00000, 0x0000000083c00000, 0x0000000083d00000|  0%| F|  |TAMS 0x0000000083c00000| PB 0x0000000083c00000| Untracked 
|  29|0x0000000083d00000, 0x0000000083d00000, 0x0000000083e00000|  0%| F|  |TAMS 0x0000000083d00000| PB 0x0000000083d00000| Untracked 
|  30|0x0000000083e00000, 0x0000000083e00000, 0x0000000083f00000|  0%| F|  |TAMS 0x0000000083e00000| PB 0x0000000083e00000| Untracked 
|  31|0x0000000083f00000, 0x0000000083f00000, 0x0000000084000000|  0%| F|  |TAMS 0x0000000083f00000| PB 0x0000000083f00000| Untracked 
|  32|0x0000000084000000, 0x0000000084000000, 0x0000000084100000|  0%| F|  |TAMS 0x0000000084000000| PB 0x0000000084000000| Untracked 
|  33|0x0000000084100000, 0x0000000084100000, 0x0000000084200000|  0%| F|  |TAMS 0x0000000084100000| PB 0x0000000084100000| Untracked 
|  34|0x0000000084200000, 0x0000000084200000, 0x0000000084300000|  0%| F|  |TAMS 0x0000000084200000| PB 0x0000000084200000| Untracked 
|  35|0x0000000084300000, 0x0000000084300000, 0x0000000084400000|  0%| F|  |TAMS 0x0000000084300000| PB 0x0000000084300000| Untracked 
|  36|0x0000000084400000, 0x0000000084400000, 0x0000000084500000|  0%| F|  |TAMS 0x0000000084400000| PB 0x0000000084400000| Untracked 
|  37|0x0000000084500000, 0x0000000084500000, 0x0000000084600000|  0%| F|  |TAMS 0x0000000084500000| PB 0x0000000084500000| Untracked 
|  38|0x0000000084600000, 0x0000000084600000, 0x0000000084700000|  0%| F|  |TAMS 0x0000000084600000| PB 0x0000000084600000| Untracked 
|  39|0x0000000084700000, 0x0000000084700000, 0x0000000084800000|  0%| F|  |TAMS 0x0000000084700000| PB 0x0000000084700000| Untracked 
|  40|0x0000000084800000, 0x0000000084800000, 0x0000000084900000|  0%| F|  |TAMS 0x0000000084800000| PB 0x0000000084800000| Untracked 
|  41|0x0000000084900000, 0x0000000084900000, 0x0000000084a00000|  0%| F|  |TAMS 0x0000000084900000| PB 0x0000000084900000| Untracked 
|  42|0x0000000084a00000, 0x0000000084a00000, 0x0000000084b00000|  0%| F|  |TAMS 0x0000000084a00000| PB 0x0000000084a00000| Untracked 
|  43|0x0000000084b00000, 0x0000000084b00000, 0x0000000084c00000|  0%| F|  |TAMS 0x0000000084b00000| PB 0x0000000084b00000| Untracked 
|  44|0x0000000084c00000, 0x0000000084c00000, 0x0000000084d00000|  0%| F|  |TAMS 0x0000000084c00000| PB 0x0000000084c00000| Untracked 
|  45|0x0000000084d00000, 0x0000000084d00000, 0x0000000084e00000|  0%| F|  |TAMS 0x0000000084d00000| PB 0x0000000084d00000| Untracked 
|  46|0x0000000084e00000, 0x0000000084e00000, 0x0000000084f00000|  0%| F|  |TAMS 0x0000000084e00000| PB 0x0000000084e00000| Untracked 
|  47|0x0000000084f00000, 0x0000000084f00000, 0x0000000085000000|  0%| F|  |TAMS 0x0000000084f00000| PB 0x0000000084f00000| Untracked 
|  48|0x0000000085000000, 0x0000000085000000, 0x0000000085100000|  0%| F|  |TAMS 0x0000000085000000| PB 0x0000000085000000| Untracked 
|  49|0x0000000085100000, 0x0000000085100000, 0x0000000085200000|  0%| F|  |TAMS 0x0000000085100000| PB 0x0000000085100000| Untracked 
|  50|0x0000000085200000, 0x0000000085200000, 0x0000000085300000|  0%| F|  |TAMS 0x0000000085200000| PB 0x0000000085200000| Untracked 
|  51|0x0000000085300000, 0x0000000085300000, 0x0000000085400000|  0%| F|  |TAMS 0x0000000085300000| PB 0x0000000085300000| Untracked 
|  52|0x0000000085400000, 0x0000000085400000, 0x0000000085500000|  0%| F|  |TAMS 0x0000000085400000| PB 0x0000000085400000| Untracked 
|  53|0x0000000085500000, 0x0000000085500000, 0x0000000085600000|  0%| F|  |TAMS 0x0000000085500000| PB 0x0000000085500000| Untracked 
|  54|0x0000000085600000, 0x0000000085600000, 0x0000000085700000|  0%| F|  |TAMS 0x0000000085600000| PB 0x0000000085600000| Untracked 
|  55|0x0000000085700000, 0x0000000085700000, 0x0000000085800000|  0%| F|  |TAMS 0x0000000085700000| PB 0x0000000085700000| Untracked 
|  56|0x0000000085800000, 0x0000000085800000, 0x0000000085900000|  0%| F|  |TAMS 0x0000000085800000| PB 0x0000000085800000| Untracked 
|  57|0x0000000085900000, 0x0000000085900000, 0x0000000085a00000|  0%| F|  |TAMS 0x0000000085900000| PB 0x0000000085900000| Untracked 
|  58|0x0000000085a00000, 0x0000000085a00000, 0x0000000085b00000|  0%| F|  |TAMS 0x0000000085a00000| PB 0x0000000085a00000| Untracked 
|  59|0x0000000085b00000, 0x0000000085b00000, 0x0000000085c00000|  0%| F|  |TAMS 0x0000000085b00000| PB 0x0000000085b00000| Untracked 
|  60|0x0000000085c00000, 0x0000000085c00000, 0x0000000085d00000|  0%| F|  |TAMS 0x0000000085c00000| PB 0x0000000085c00000| Untracked 
|  61|0x0000000085d00000, 0x0000000085d00000, 0x0000000085e00000|  0%| F|  |TAMS 0x0000000085d00000| PB 0x0000000085d00000| Untracked 
|  62|0x0000000085e00000, 0x0000000085e00000, 0x0000000085f00000|  0%| F|  |TAMS 0x0000000085e00000| PB 0x0000000085e00000| Untracked 
|  63|0x0000000085f00000, 0x0000000085f00000, 0x0000000086000000|  0%| F|  |TAMS 0x0000000085f00000| PB 0x0000000085f00000| Untracked 
|  64|0x0000000086000000, 0x0000000086000000, 0x0000000086100000|  0%| F|  |TAMS 0x0000000086000000| PB 0x0000000086000000| Untracked 
|  65|0x0000000086100000, 0x0000000086100000, 0x0000000086200000|  0%| F|  |TAMS 0x0000000086100000| PB 0x0000000086100000| Untracked 
|  66|0x0000000086200000, 0x0000000086200000, 0x0000000086300000|  0%| F|  |TAMS 0x0000000086200000| PB 0x0000000086200000| Untracked 
|  67|0x0000000086300000, 0x0000000086300000, 0x0000000086400000|  0%| F|  |TAMS 0x0000000086300000| PB 0x0000000086300000| Untracked 
|  68|0x0000000086400000, 0x0000000086400000, 0x0000000086500000|  0%| F|  |TAMS 0x0000000086400000| PB 0x0000000086400000| Untracked 
|  69|0x0000000086500000, 0x0000000086500000, 0x0000000086600000|  0%| F|  |TAMS 0x0000000086500000| PB 0x0000000086500000| Untracked 
|  70|0x0000000086600000, 0x0000000086600000, 0x0000000086700000|  0%| F|  |TAMS 0x0000000086600000| PB 0x0000000086600000| Untracked 
|  71|0x0000000086700000, 0x0000000086700000, 0x0000000086800000|  0%| F|  |TAMS 0x0000000086700000| PB 0x0000000086700000| Untracked 
|  72|0x0000000086800000, 0x0000000086800000, 0x0000000086900000|  0%| F|  |TAMS 0x0000000086800000| PB 0x0000000086800000| Untracked 
|  73|0x0000000086900000, 0x0000000086900000, 0x0000000086a00000|  0%| F|  |TAMS 0x0000000086900000| PB 0x0000000086900000| Untracked 
|  74|0x0000000086a00000, 0x0000000086a00000, 0x0000000086b00000|  0%| F|  |TAMS 0x0000000086a00000| PB 0x0000000086a00000| Untracked 
|  75|0x0000000086b00000, 0x0000000086b00000, 0x0000000086c00000|  0%| F|  |TAMS 0x0000000086b00000| PB 0x0000000086b00000| Untracked 
|  76|0x0000000086c00000, 0x0000000086c00000, 0x0000000086d00000|  0%| F|  |TAMS 0x0000000086c00000| PB 0x0000000086c00000| Untracked 
|  77|0x0000000086d00000, 0x0000000086d00000, 0x0000000086e00000|  0%| F|  |TAMS 0x0000000086d00000| PB 0x0000000086d00000| Untracked 
|  78|0x0000000086e00000, 0x0000000086e00000, 0x0000000086f00000|  0%| F|  |TAMS 0x0000000086e00000| PB 0x0000000086e00000| Untracked 
|  79|0x0000000086f00000, 0x0000000086f00000, 0x0000000087000000|  0%| F|  |TAMS 0x0000000086f00000| PB 0x0000000086f00000| Untracked 
|  80|0x0000000087000000, 0x0000000087000000, 0x0000000087100000|  0%| F|  |TAMS 0x0000000087000000| PB 0x0000000087000000| Untracked 
|  81|0x0000000087100000, 0x0000000087100000, 0x0000000087200000|  0%| F|  |TAMS 0x0000000087100000| PB 0x0000000087100000| Untracked 
|  82|0x0000000087200000, 0x0000000087200000, 0x0000000087300000|  0%| F|  |TAMS 0x0000000087200000| PB 0x0000000087200000| Untracked 
|  83|0x0000000087300000, 0x0000000087300000, 0x0000000087400000|  0%| F|  |TAMS 0x0000000087300000| PB 0x0000000087300000| Untracked 
|  84|0x0000000087400000, 0x0000000087400000, 0x0000000087500000|  0%| F|  |TAMS 0x0000000087400000| PB 0x0000000087400000| Untracked 
|  85|0x0000000087500000, 0x0000000087500000, 0x0000000087600000|  0%| F|  |TAMS 0x0000000087500000| PB 0x0000000087500000| Untracked 
|  86|0x0000000087600000, 0x0000000087600000, 0x0000000087700000|  0%| F|  |TAMS 0x0000000087600000| PB 0x0000000087600000| Untracked 
|  87|0x0000000087700000, 0x0000000087700000, 0x0000000087800000|  0%| F|  |TAMS 0x0000000087700000| PB 0x0000000087700000| Untracked 
|  88|0x0000000087800000, 0x0000000087800000, 0x0000000087900000|  0%| F|  |TAMS 0x0000000087800000| PB 0x0000000087800000| Untracked 
|  89|0x0000000087900000, 0x0000000087900000, 0x0000000087a00000|  0%| F|  |TAMS 0x0000000087900000| PB 0x0000000087900000| Untracked 
|  90|0x0000000087a00000, 0x0000000087a00000, 0x0000000087b00000|  0%| F|  |TAMS 0x0000000087a00000| PB 0x0000000087a00000| Untracked 
|  91|0x0000000087b00000, 0x0000000087b00000, 0x0000000087c00000|  0%| F|  |TAMS 0x0000000087b00000| PB 0x0000000087b00000| Untracked 
|  92|0x0000000087c00000, 0x0000000087c00000, 0x0000000087d00000|  0%| F|  |TAMS 0x0000000087c00000| PB 0x0000000087c00000| Untracked 
|  93|0x0000000087d00000, 0x0000000087d00000, 0x0000000087e00000|  0%| F|  |TAMS 0x0000000087d00000| PB 0x0000000087d00000| Untracked 
|  94|0x0000000087e00000, 0x0000000087e00000, 0x0000000087f00000|  0%| F|  |TAMS 0x0000000087e00000| PB 0x0000000087e00000| Untracked 
|  95|0x0000000087f00000, 0x0000000087f00000, 0x0000000088000000|  0%| F|  |TAMS 0x0000000087f00000| PB 0x0000000087f00000| Untracked 
|  96|0x0000000088000000, 0x0000000088000000, 0x0000000088100000|  0%| F|  |TAMS 0x0000000088000000| PB 0x0000000088000000| Untracked 
|  97|0x0000000088100000, 0x0000000088100000, 0x0000000088200000|  0%| F|  |TAMS 0x0000000088100000| PB 0x0000000088100000| Untracked 
|  98|0x0000000088200000, 0x0000000088200000, 0x0000000088300000|  0%| F|  |TAMS 0x0000000088200000| PB 0x0000000088200000| Untracked 
|  99|0x0000000088300000, 0x0000000088300000, 0x0000000088400000|  0%| F|  |TAMS 0x0000000088300000| PB 0x0000000088300000| Untracked 
| 100|0x0000000088400000, 0x0000000088400000, 0x0000000088500000|  0%| F|  |TAMS 0x0000000088400000| PB 0x0000000088400000| Untracked 
| 101|0x0000000088500000, 0x0000000088500000, 0x0000000088600000|  0%| F|  |TAMS 0x0000000088500000| PB 0x0000000088500000| Untracked 
| 102|0x0000000088600000, 0x0000000088600000, 0x0000000088700000|  0%| F|  |TAMS 0x0000000088600000| PB 0x0000000088600000| Untracked 
| 103|0x0000000088700000, 0x0000000088700000, 0x0000000088800000|  0%| F|  |TAMS 0x0000000088700000| PB 0x0000000088700000| Untracked 
| 104|0x0000000088800000, 0x0000000088800000, 0x0000000088900000|  0%| F|  |TAMS 0x0000000088800000| PB 0x0000000088800000| Untracked 
| 105|0x0000000088900000, 0x0000000088900000, 0x0000000088a00000|  0%| F|  |TAMS 0x0000000088900000| PB 0x0000000088900000| Untracked 
| 106|0x0000000088a00000, 0x0000000088a00000, 0x0000000088b00000|  0%| F|  |TAMS 0x0000000088a00000| PB 0x0000000088a00000| Untracked 
| 107|0x0000000088b00000, 0x0000000088b00000, 0x0000000088c00000|  0%| F|  |TAMS 0x0000000088b00000| PB 0x0000000088b00000| Untracked 
| 108|0x0000000088c00000, 0x0000000088c00000, 0x0000000088d00000|  0%| F|  |TAMS 0x0000000088c00000| PB 0x0000000088c00000| Untracked 
| 109|0x0000000088d00000, 0x0000000088d00000, 0x0000000088e00000|  0%| F|  |TAMS 0x0000000088d00000| PB 0x0000000088d00000| Untracked 
| 110|0x0000000088e00000, 0x0000000088e00000, 0x0000000088f00000|  0%| F|  |TAMS 0x0000000088e00000| PB 0x0000000088e00000| Untracked 
| 111|0x0000000088f00000, 0x0000000088f00000, 0x0000000089000000|  0%| F|  |TAMS 0x0000000088f00000| PB 0x0000000088f00000| Untracked 
| 112|0x0000000089000000, 0x0000000089000000, 0x0000000089100000|  0%| F|  |TAMS 0x0000000089000000| PB 0x0000000089000000| Untracked 
| 113|0x0000000089100000, 0x0000000089100000, 0x0000000089200000|  0%| F|  |TAMS 0x0000000089100000| PB 0x0000000089100000| Untracked 
| 114|0x0000000089200000, 0x0000000089200000, 0x0000000089300000|  0%| F|  |TAMS 0x0000000089200000| PB 0x0000000089200000| Untracked 
| 115|0x0000000089300000, 0x0000000089300000, 0x0000000089400000|  0%| F|  |TAMS 0x0000000089300000| PB 0x0000000089300000| Untracked 
| 116|0x0000000089400000, 0x0000000089400000, 0x0000000089500000|  0%| F|  |TAMS 0x0000000089400000| PB 0x0000000089400000| Untracked 
| 117|0x0000000089500000, 0x0000000089500000, 0x0000000089600000|  0%| F|  |TAMS 0x0000000089500000| PB 0x0000000089500000| Untracked 
| 118|0x0000000089600000, 0x0000000089600000, 0x0000000089700000|  0%| F|  |TAMS 0x0000000089600000| PB 0x0000000089600000| Untracked 
| 119|0x0000000089700000, 0x0000000089700000, 0x0000000089800000|  0%| F|  |TAMS 0x0000000089700000| PB 0x0000000089700000| Untracked 
| 120|0x0000000089800000, 0x0000000089876480, 0x0000000089900000| 46%| E|  |TAMS 0x0000000089800000| PB 0x0000000089800000| Complete 
| 121|0x0000000089900000, 0x0000000089a00000, 0x0000000089a00000|100%| E|CS|TAMS 0x0000000089900000| PB 0x0000000089900000| Complete 
| 122|0x0000000089a00000, 0x0000000089b00000, 0x0000000089b00000|100%| E|CS|TAMS 0x0000000089a00000| PB 0x0000000089a00000| Complete 
| 123|0x0000000089b00000, 0x0000000089c00000, 0x0000000089c00000|100%| E|CS|TAMS 0x0000000089b00000| PB 0x0000000089b00000| Complete 
| 124|0x0000000089c00000, 0x0000000089d00000, 0x0000000089d00000|100%| E|CS|TAMS 0x0000000089c00000| PB 0x0000000089c00000| Complete 
| 125|0x0000000089d00000, 0x0000000089e00000, 0x0000000089e00000|100%| E|CS|TAMS 0x0000000089d00000| PB 0x0000000089d00000| Complete 

Card table byte_map: [0x000002837ee70000,0x000002837f260000] _byte_map_base: 0x000002837ea60000

Marking Bits: (CMBitMap*) 0x00000283766cad30
 Bits: [0x000002830f000000, 0x0000028310f80000)

Polling page: 0x00000283744f0000

Metaspace:

Usage:
  Non-class:      2.14 MB used.
      Class:    168.61 KB used.
       Both:      2.31 MB used.

Virtual space:
  Non-class space:       64.00 MB reserved,       2.25 MB (  4%) committed,  1 nodes.
      Class space:        1.00 GB reserved,     256.00 KB ( <1%) committed,  1 nodes.
             Both:        1.06 GB reserved,       2.50 MB ( <1%) committed. 

Chunk freelists:
   Non-Class:  3.14 MB
       Class:  3.66 MB
        Both:  6.80 MB

MaxMetaspaceSize: unlimited
CompressedClassSpaceSize: 1.00 GB
Initial GC threshold: 21.00 MB
Current GC threshold: 21.00 MB
CDS: on
MetaspaceReclaimPolicy: balanced
 - commit_granule_bytes: 65536.
 - commit_granule_words: 8192.
 - virtual_space_node_default_size: 8388608.
 - enlarge_chunks_in_place: 1.
 - new_chunks_are_fully_committed: 0.
 - uncommit_free_chunks: 1.
 - use_allocation_guard: 0.


Internal statistics:

num_allocs_failed_limit: 0.
num_arena_births: 74.
num_arena_deaths: 0.
num_vsnodes_births: 2.
num_vsnodes_deaths: 0.
num_space_committed: 40.
num_space_uncommitted: 0.
num_chunks_returned_to_freelist: 0.
num_chunks_taken_from_freelist: 123.
num_chunk_merges: 0.
num_chunk_splits: 78.
num_chunks_enlarged: 51.
num_inconsistent_stats: 0.

CodeHeap 'non-profiled nmethods': size=120000Kb used=141Kb max_used=141Kb free=119858Kb
 bounds [0x0000028307ad0000, 0x0000028307d40000, 0x000002830f000000]
CodeHeap 'profiled nmethods': size=120000Kb used=595Kb max_used=595Kb free=119404Kb
 bounds [0x0000028300000000, 0x0000028300270000, 0x0000028307530000]
CodeHeap 'non-nmethods': size=5760Kb used=2068Kb max_used=2068Kb free=3691Kb
 bounds [0x0000028307530000, 0x00000283077a0000, 0x0000028307ad0000]
 total_blobs=1462 nmethods=464 adapters=909
 compilation: enabled
              stopped_count=0, restarted_count=0
 full_count=0

Compilation events (20 events):
Event: 0.349 Thread 0x0000028313145720  453       3       java.util.zip.Inflater::ensureOpen (47 bytes)
Event: 0.349 Thread 0x0000028313145720 nmethod 453 0x000002830008f890 code [0x000002830008fa40, 0x000002830008fc90]
Event: 0.350 Thread 0x0000028313140fe0  454       4       java.lang.StringBuilder::append (8 bytes)
Event: 0.350 Thread 0x0000028313145720  456   !   3       java.util.zip.Inflater::needsInput (55 bytes)
Event: 0.350 Thread 0x0000028313145720 nmethod 456 0x000002830008fd90 code [0x000002830008ff40, 0x0000028300090310]
Event: 0.350 Thread 0x0000028313145720  457   !   3       java.util.zip.Inflater::inflate (456 bytes)
Event: 0.353 Thread 0x0000028313145720 nmethod 457 0x0000028300090490 code [0x0000028300090840, 0x0000028300092570]
Event: 0.353 Thread 0x0000028313145720  461       3       sun.misc.Unsafe::putByte (11 bytes)
Event: 0.353 Thread 0x0000028313145720 nmethod 461 0x0000028300093510 code [0x00000283000936a0, 0x00000283000937b0]
Event: 0.353 Thread 0x0000028313145720  459       3       org.lwjgl.system.MemoryUtil::write8 (19 bytes)
Event: 0.353 Thread 0x0000028313145720 nmethod 459 0x0000028300093890 code [0x0000028300093a20, 0x0000028300093c68]
Event: 0.353 Thread 0x0000028313145720  460       3       java.lang.ThreadLocal$ThreadLocalMap::getEntry (42 bytes)
Event: 0.353 Thread 0x0000028313145720 nmethod 460 0x0000028300093d90 code [0x0000028300093f60, 0x0000028300094328]
Event: 0.354 Thread 0x0000028313145720  463       3       java.lang.ThreadLocal::get (47 bytes)
Event: 0.354 Thread 0x0000028313145720 nmethod 463 0x0000028300094510 code [0x00000283000946e0, 0x0000028300094b28]
Event: 0.354 Thread 0x0000028313145720  458       3       java.lang.Integer::toUnsignedLong (7 bytes)
Event: 0.354 Thread 0x0000028313145720 nmethod 458 0x0000028300094c90 code [0x0000028300094e20, 0x0000028300094f20]
Event: 0.355 Thread 0x0000028313145720  464       1       java.security.CodeSource::getLocationNoFragString (5 bytes)
Event: 0.355 Thread 0x0000028313140fe0 nmethod 454 0x0000028307af2890 code [0x0000028307af2a20, 0x0000028307af2f58]
Event: 0.355 Thread 0x0000028313145720 nmethod 464 0x0000028307af3210 code [0x0000028307af3380, 0x0000028307af3448]

GC Heap History (0 events):
No events

Dll operation events (11 events):
Event: 0.013 Loaded shared library D:\Nikita_WeW\coding\jdk20\bin\java.dll
Event: 0.043 Loaded shared library D:\Nikita_WeW\coding\jdk20\bin\jsvml.dll
Event: 0.147 Loaded shared library D:\Nikita_WeW\coding\jdk20\bin\zip.dll
Event: 0.150 Loaded shared library D:\Nikita_WeW\coding\jdk20\bin\instrument.dll
Event: 0.159 Loaded shared library D:\Nikita_WeW\coding\jdk20\bin\net.dll
Event: 0.162 Loaded shared library D:\Nikita_WeW\coding\jdk20\bin\nio.dll
Event: 0.165 Loaded shared library D:\Nikita_WeW\coding\jdk20\bin\zip.dll
Event: 0.194 Loaded shared library D:\Nikita_WeW\coding\intellij idea\bin\breakgen64.dll
Event: 0.203 Loaded shared library D:\Nikita_WeW\coding\jdk20\bin\extnet.dll
Event: 0.254 Loaded shared library D:\Nikita_WeW\coding\jdk20\bin\jimage.dll
Event: 0.286 Loaded shared library C:\Users\User\AppData\Local\Temp\lwjgl_User\3.3.2+13\x64\lwjgl.dll

Deoptimization events (0 events):
No events

Classes loaded (20 events):
Event: 0.320 Loading class java/nio/DirectCharBufferU
Event: 0.320 Loading class java/nio/DirectCharBufferU done
Event: 0.320 Loading class java/nio/DirectFloatBufferU
Event: 0.320 Loading class java/nio/DirectFloatBufferU done
Event: 0.320 Loading class java/nio/DirectDoubleBufferU
Event: 0.320 Loading class java/nio/DirectDoubleBufferU done
Event: 0.320 Loading class sun/misc/Unsafe
Event: 0.321 Loading class sun/misc/Unsafe done
Event: 0.321 Loading class java/lang/invoke/DirectMethodHandle$StaticAccessor
Event: 0.322 Loading class java/lang/invoke/DirectMethodHandle$StaticAccessor done
Event: 0.326 Loading class java/util/function/LongPredicate
Event: 0.327 Loading class java/util/function/LongPredicate done
Event: 0.330 Loading class java/lang/foreign/MemorySegment
Event: 0.331 Loading class java/lang/foreign/MemorySegment done
Event: 0.339 Loading class java/nio/InvalidMarkException
Event: 0.339 Loading class java/nio/InvalidMarkException done
Event: 0.339 Loading class java/nio/BufferUnderflowException
Event: 0.339 Loading class java/nio/BufferUnderflowException done
Event: 0.341 Loading class java/lang/IndexOutOfBoundsException
Event: 0.341 Loading class java/lang/IndexOutOfBoundsException done

Classes unloaded (0 events):
No events

Classes redefined (0 events):
No events

Internal exceptions (19 events):
Event: 0.181 Thread 0x000002837666cdf0 Exception <a 'java/lang/NoSuchMethodError'{0x0000000089b8ef10}: 'void java.lang.invoke.DirectMethodHandle$Holder.invokeStatic(java.lang.Object, java.lang.Object, java.lang.Object)'> (0x0000000089b8ef10) 
thrown [s\open\src\hotspot\share\interpreter\linkResolver.cpp, line 773]
Event: 0.187 Thread 0x000002837666cdf0 Exception <a 'java/lang/NoSuchMethodError'{0x0000000089ba6418}: 'java.lang.Object java.lang.invoke.Invokers$Holder.invokeExact_MT(java.lang.Object, java.lang.Object, java.lang.Object, java.lang.Object, java.lang.Object)'> (0x0000000089ba6418) 
thrown [s\open\src\hotspot\share\interpreter\linkResolver.cpp, line 773]
Event: 0.205 Thread 0x000002835867cd20 Exception <a 'java/lang/NoSuchMethodError'{0x0000000089bf5230}: 'void java.lang.invoke.DirectMethodHandle$Holder.invokeStatic(java.lang.Object, java.lang.Object)'> (0x0000000089bf5230) 
thrown [s\open\src\hotspot\share\interpreter\linkResolver.cpp, line 773]
Event: 0.236 Thread 0x000002837666cdf0 Exception <a 'java/lang/NoSuchMethodError'{0x0000000089aeaa90}: 'void java.lang.System.load(java.lang.String, java.lang.Class)'> (0x0000000089aeaa90) 
thrown [s\open\src\hotspot\share\interpreter\linkResolver.cpp, line 773]
Event: 0.236 Thread 0x000002837666cdf0 Exception <a 'java/lang/NoSuchMethodError'{0x0000000089aeb460}: 'void java.lang.invoke.DirectMethodHandle$Holder.invokeSpecial(java.lang.Object, java.lang.Object, java.lang.Object)'> (0x0000000089aeb460) 
thrown [s\open\src\hotspot\share\interpreter\linkResolver.cpp, line 773]
Event: 0.239 Thread 0x000002837666cdf0 Exception <a 'java/lang/NoSuchMethodError'{0x0000000089af8fc0}: 'java.lang.Object java.lang.invoke.DirectMethodHandle$Holder.invokeStatic(java.lang.Object, java.lang.Object, int)'> (0x0000000089af8fc0) 
thrown [s\open\src\hotspot\share\interpreter\linkResolver.cpp, line 773]
Event: 0.244 Thread 0x000002837666cdf0 Exception <a 'java/lang/NoSuchMethodError'{0x0000000089904b18}: 'void java.lang.invoke.DelegatingMethodHandle$Holder.delegate(java.lang.Object, java.lang.Object, int, java.lang.Object)'> (0x0000000089904b18) 
thrown [s\open\src\hotspot\share\interpreter\linkResolver.cpp, line 773]
Event: 0.245 Thread 0x000002837666cdf0 Exception <a 'java/lang/NoSuchMethodError'{0x00000000899087f8}: 'int java.lang.invoke.DirectMethodHandle$Holder.invokeSpecial(java.lang.Object, java.lang.Object, java.lang.Object)'> (0x00000000899087f8) 
thrown [s\open\src\hotspot\share\interpreter\linkResolver.cpp, line 773]
Event: 0.251 Thread 0x000002837666cdf0 Exception <a 'java/lang/NoSuchMethodError'{0x0000000089921e90}: 'void java.lang.System.loadLibrary(java.lang.String, java.lang.Class)'> (0x0000000089921e90) 
thrown [s\open\src\hotspot\share\interpreter\linkResolver.cpp, line 773]
Event: 0.283 Thread 0x000002837666cdf0 Exception <a 'sun/nio/fs/WindowsException'{0x0000000089951760}> (0x0000000089951760) 
thrown [s\open\src\hotspot\share\prims\jni.cpp, line 519]
Event: 0.283 Thread 0x000002837666cdf0 Exception <a 'sun/nio/fs/WindowsException'{0x0000000089951c88}> (0x0000000089951c88) 
thrown [s\open\src\hotspot\share\prims\jni.cpp, line 519]
Event: 0.311 Thread 0x000002837666cdf0 Exception <a 'sun/nio/fs/WindowsException'{0x0000000089983790}> (0x0000000089983790) 
thrown [s\open\src\hotspot\share\prims\jni.cpp, line 519]
Event: 0.311 Thread 0x000002837666cdf0 Exception <a 'sun/nio/fs/WindowsException'{0x0000000089983af0}> (0x0000000089983af0) 
thrown [s\open\src\hotspot\share\prims\jni.cpp, line 519]
Event: 0.328 Thread 0x000002837666cdf0 Exception <a 'java/lang/NoSuchMethodError'{0x00000000899d4660}: 'int java.lang.invoke.DirectMethodHandle$Holder.invokeStaticInit(java.lang.Object, java.lang.Object, int, long)'> (0x00000000899d4660) 
thrown [s\open\src\hotspot\share\interpreter\linkResolver.cpp, line 773]
Event: 0.329 Thread 0x000002837666cdf0 Exception <a 'java/lang/NoSuchMethodError'{0x00000000899d9c98}: 'java.lang.Object java.lang.invoke.DirectMethodHandle$Holder.newInvokeSpecial(java.lang.Object, java.lang.Object, int)'> (0x00000000899d9c98) 
thrown [s\open\src\hotspot\share\interpreter\linkResolver.cpp, line 773]
Event: 0.333 Thread 0x000002837666cdf0 Exception <a 'java/lang/NoSuchMethodError'{0x00000000899e8748}: 'int java.lang.invoke.DirectMethodHandle$Holder.invokeStaticInit(java.lang.Object, java.lang.Object, long, long)'> (0x00000000899e8748) 
thrown [s\open\src\hotspot\share\interpreter\linkResolver.cpp, line 773]
Event: 0.334 Thread 0x000002837666cdf0 Exception <a 'java/lang/NoSuchMethodError'{0x00000000899ee7e0}: 'java.lang.Object java.lang.invoke.DirectMethodHandle$Holder.newInvokeSpecial(java.lang.Object, java.lang.Object, long)'> (0x00000000899ee7e0) 
thrown [s\open\src\hotspot\share\interpreter\linkResolver.cpp, line 773]
Event: 0.335 Thread 0x000002837666cdf0 Exception <a 'java/lang/NoSuchMethodError'{0x00000000899f2848}: 'java.lang.Object java.lang.invoke.Invokers$Holder.linkToTargetMethod(java.lang.Object, long, java.lang.Object)'> (0x00000000899f2848) 
thrown [s\open\src\hotspot\share\interpreter\linkResolver.cpp, line 773]
Event: 0.336 Thread 0x000002837666cdf0 Exception <a 'java/lang/NoSuchMethodError'{0x00000000899f9880}: 'int java.lang.invoke.DirectMethodHandle$Holder.invokeStaticInit(java.lang.Object, java.lang.Object, java.lang.Object, long)'> (0x00000000899f9880) 
thrown [s\open\src\hotspot\share\interpreter\linkResolver.cpp, line 773]

VM Operations (4 events):
Event: 0.124 Executing VM operation: HandshakeAllThreads
Event: 0.124 Executing VM operation: HandshakeAllThreads done
Event: 0.197 Executing VM operation: HandshakeAllThreads
Event: 0.197 Executing VM operation: HandshakeAllThreads done

Events (12 events):
Event: 0.044 Thread 0x000002837666cdf0 Thread added: 0x000002837666cdf0
Event: 0.064 Thread 0x000002831310e9d0 Thread added: 0x000002831310e9d0
Event: 0.064 Thread 0x000002831310f970 Thread added: 0x000002831310f970
Event: 0.064 Thread 0x0000028313113ae0 Thread added: 0x0000028313113ae0
Event: 0.064 Thread 0x0000028313136650 Thread added: 0x0000028313136650
Event: 0.065 Thread 0x0000028313139a80 Thread added: 0x0000028313139a80
Event: 0.065 Thread 0x000002831313c920 Thread added: 0x000002831313c920
Event: 0.065 Thread 0x0000028313140fe0 Thread added: 0x0000028313140fe0
Event: 0.065 Thread 0x0000028313145720 Thread added: 0x0000028313145720
Event: 0.113 Thread 0x00000283130d9660 Thread added: 0x00000283130d9660
Event: 0.195 Thread 0x000002835867cd20 Thread added: 0x000002835867cd20
Event: 0.195 Thread 0x000002835867eaf0 Thread added: 0x000002835867eaf0


Dynamic libraries:
0x00007ff745ce0000 - 0x00007ff745cf0000 	D:\Nikita_WeW\coding\jdk20\bin\java.exe
0x00007ffdb2130000 - 0x00007ffdb2328000 	C:\Windows\SYSTEM32\ntdll.dll
0x00007ffdb0840000 - 0x00007ffdb08ff000 	C:\Windows\System32\KERNEL32.DLL
0x00007ffdaf860000 - 0x00007ffdafb56000 	C:\Windows\System32\KERNELBASE.dll
0x00007ffdafdc0000 - 0x00007ffdafec0000 	C:\Windows\System32\ucrtbase.dll
0x00007ffd93e10000 - 0x00007ffd93e29000 	D:\Nikita_WeW\coding\jdk20\bin\jli.dll
0x00007ffd93e40000 - 0x00007ffd93e5b000 	D:\Nikita_WeW\coding\jdk20\bin\VCRUNTIME140.dll
0x00007ffdb0900000 - 0x00007ffdb09af000 	C:\Windows\System32\ADVAPI32.dll
0x00007ffdb1400000 - 0x00007ffdb149e000 	C:\Windows\System32\msvcrt.dll
0x00007ffdb1160000 - 0x00007ffdb11fc000 	C:\Windows\System32\sechost.dll
0x00007ffdb1ee0000 - 0x00007ffdb2006000 	C:\Windows\System32\RPCRT4.dll
0x00007ffdb1200000 - 0x00007ffdb139d000 	C:\Windows\System32\USER32.dll
0x00007ffdafc00000 - 0x00007ffdafc22000 	C:\Windows\System32\win32u.dll
0x00007ffdb14a0000 - 0x00007ffdb14cc000 	C:\Windows\System32\GDI32.dll
0x00007ffd94820000 - 0x00007ffd94aba000 	C:\Windows\WinSxS\amd64_microsoft.windows.common-controls_6595b64144ccf1df_6.0.19041.1110_none_60b5254171f9507e\COMCTL32.dll
0x00007ffdb0070000 - 0x00007ffdb0185000 	C:\Windows\System32\gdi32full.dll
0x00007ffdafb60000 - 0x00007ffdafbfd000 	C:\Windows\System32\msvcp_win.dll
0x00007ffda9290000 - 0x00007ffda929a000 	C:\Windows\SYSTEM32\VERSION.dll
0x00007ffdb1120000 - 0x00007ffdb1150000 	C:\Windows\System32\IMM32.DLL
0x00007ffdaa120000 - 0x00007ffdaa12c000 	D:\Nikita_WeW\coding\jdk20\bin\vcruntime140_1.dll
0x00007ffd7d070000 - 0x00007ffd7d0fe000 	D:\Nikita_WeW\coding\jdk20\bin\msvcp140.dll
0x00007ffd3fc60000 - 0x00007ffd408f8000 	D:\Nikita_WeW\coding\jdk20\bin\server\jvm.dll
0x00007ffd9a750000 - 0x00007ffd9a759000 	C:\Windows\SYSTEM32\WSOCK32.dll
0x00007ffd91ea0000 - 0x00007ffd91ec7000 	C:\Windows\SYSTEM32\WINMM.dll
0x00007ffdb15f0000 - 0x00007ffdb165b000 	C:\Windows\System32\WS2_32.dll
0x00007ffdad6c0000 - 0x00007ffdad6d2000 	C:\Windows\SYSTEM32\kernel.appcore.dll
0x00007ffd93a30000 - 0x00007ffd93a3a000 	D:\Nikita_WeW\coding\jdk20\bin\jimage.dll
0x00007ffd91c90000 - 0x00007ffd91e74000 	C:\Windows\SYSTEM32\DBGHELP.DLL
0x00007ffd8dba0000 - 0x00007ffd8dbd4000 	C:\Windows\SYSTEM32\dbgcore.DLL
0x00007ffdaffe0000 - 0x00007ffdb0062000 	C:\Windows\System32\bcryptPrimitives.dll
0x00007ffd93940000 - 0x00007ffd9394e000 	D:\Nikita_WeW\coding\jdk20\bin\instrument.dll
0x00007ffd8d400000 - 0x00007ffd8d426000 	D:\Nikita_WeW\coding\jdk20\bin\java.dll
0x00007ffd79250000 - 0x00007ffd79327000 	D:\Nikita_WeW\coding\jdk20\bin\jsvml.dll
0x00007ffdb1660000 - 0x00007ffdb1da4000 	C:\Windows\System32\SHELL32.dll
0x00007ffdad8c0000 - 0x00007ffdae053000 	C:\Windows\SYSTEM32\windows.storage.dll
0x00007ffdb01c0000 - 0x00007ffdb0514000 	C:\Windows\System32\combase.dll
0x00007ffdaf260000 - 0x00007ffdaf28e000 	C:\Windows\SYSTEM32\Wldp.dll
0x00007ffdb0af0000 - 0x00007ffdb0b9d000 	C:\Windows\System32\SHCORE.dll
0x00007ffdb2010000 - 0x00007ffdb2065000 	C:\Windows\System32\shlwapi.dll
0x00007ffdaf750000 - 0x00007ffdaf76f000 	C:\Windows\SYSTEM32\profapi.dll
0x00007ffd8d3c0000 - 0x00007ffd8d3d8000 	D:\Nikita_WeW\coding\jdk20\bin\zip.dll
0x00007ffd8d460000 - 0x00007ffd8d473000 	D:\Nikita_WeW\coding\jdk20\bin\net.dll
0x00007ffda6a20000 - 0x00007ffda6b2a000 	C:\Windows\SYSTEM32\WINHTTP.dll
0x00007ffdaefc0000 - 0x00007ffdaf02a000 	C:\Windows\system32\mswsock.dll
0x00007ffd8d3e0000 - 0x00007ffd8d3f6000 	D:\Nikita_WeW\coding\jdk20\bin\nio.dll
0x00007ffd8d390000 - 0x00007ffd8d3aa000 	D:\Nikita_WeW\coding\intellij idea\bin\breakgen64.dll
0x00007ffd92130000 - 0x00007ffd92137000 	D:\Nikita_WeW\coding\jdk20\bin\extnet.dll
0x00007ffd79bb0000 - 0x00007ffd79c2a000 	C:\Users\User\AppData\Local\Temp\lwjgl_User\3.3.2+13\x64\lwjgl.dll
0x00007ffd791c0000 - 0x00007ffd79242000 	C:\Users\User\AppData\Local\Temp\lwjgl_User\3.3.2+13\x64\glfw.dll
0x00007ffd78800000 - 0x00007ffd78845000 	C:\Windows\SYSTEM32\dinput8.dll
0x00007ffd7fd00000 - 0x00007ffd7fd11000 	C:\Windows\SYSTEM32\xinput1_4.dll
0x00007ffdaf810000 - 0x00007ffdaf85e000 	C:\Windows\System32\cfgmgr32.dll
0x00007ffdaf5c0000 - 0x00007ffdaf5ec000 	C:\Windows\SYSTEM32\DEVOBJ.dll
0x00007ffdad3d0000 - 0x00007ffdad3ff000 	C:\Windows\SYSTEM32\dwmapi.dll
0x00007ffda95b0000 - 0x00007ffda9702000 	C:\Windows\SYSTEM32\inputhost.dll
0x00007ffdb0760000 - 0x00007ffdb082d000 	C:\Windows\System32\OLEAUT32.dll
0x00007ffdacdd0000 - 0x00007ffdacec2000 	C:\Windows\SYSTEM32\CoreMessaging.dll
0x00007ffdaad80000 - 0x00007ffdaae76000 	C:\Windows\SYSTEM32\PROPSYS.dll
0x00007ffdac3a0000 - 0x00007ffdac4f4000 	C:\Windows\SYSTEM32\wintypes.dll
0x00007ffdaca70000 - 0x00007ffdacdce000 	C:\Windows\SYSTEM32\CoreUIComponents.dll
0x00007ffdae990000 - 0x00007ffdae9c3000 	C:\Windows\SYSTEM32\ntmarta.dll
0x00007ffdad150000 - 0x00007ffdad1ee000 	C:\Windows\system32\uxtheme.dll
0x00007ffd99990000 - 0x00007ffd999b3000 	C:\Program Files (x86)\Yandex\Punto Switcher\PSHook64.dll
0x00007ffdb14d0000 - 0x00007ffdb15e4000 	C:\Windows\System32\MSCTF.dll

dbghelp: loaded successfully - version: 4.0.5 - missing functions: none
symbol engine: initialized successfully - sym options: 0x614 - pdb path: .;D:\Nikita_WeW\coding\jdk20\bin;C:\Windows\SYSTEM32;C:\Windows\WinSxS\amd64_microsoft.windows.common-controls_6595b64144ccf1df_6.0.19041.1110_none_60b5254171f9507e;D:\Nikita_WeW\coding\jdk20\bin\server;D:\Nikita_WeW\coding\intellij idea\bin;C:\Users\User\AppData\Local\Temp\lwjgl_User\3.3.2+13\x64;C:\Program Files (x86)\Yandex\Punto Switcher

VM Arguments:
jvm_args: -javaagent:D:\Nikita_WeW\coding\intellij idea\lib\idea_rt.jar=51540:D:\Nikita_WeW\coding\intellij idea\bin -Dfile.encoding=UTF-8 -Dsun.stdout.encoding=UTF-8 -Dsun.stderr.encoding=UTF-8 
java_command: Main
java_class_path (initial): D:\Nikita_WeW\coding\intellij idea\projects\Engine3D\out\production\Engine3D;D:\Nikita_WeW\coding\intellij idea\projects\Engine3D\libs\lwjgl-glfw-natives-windows.jar;D:\Nikita_WeW\coding\intellij idea\projects\Engine3D\libs\lwjgl-glfw.jar;D:\Nikita_WeW\coding\intellij idea\projects\Engine3D\libs\lwjgl-natives-windows.jar;D:\Nikita_WeW\coding\intellij idea\projects\Engine3D\libs\lwjgl-opengl-natives-windows.jar;D:\Nikita_WeW\coding\intellij idea\projects\Engine3D\libs\lwjgl-opengl.jar;D:\Nikita_WeW\coding\intellij idea\projects\Engine3D\libs\lwjgl-stb-natives-windows.jar;D:\Nikita_WeW\coding\intellij idea\projects\Engine3D\libs\lwjgl-stb.jar;D:\Nikita_WeW\coding\intellij idea\projects\Engine3D\libs\lwjgl.jar
Launcher Type: SUN_STANDARD

[Global flags]
     intx CICompilerCount                          = 4                                         {product} {ergonomic}
     uint ConcGCThreads                            = 2                                         {product} {ergonomic}
     uint G1ConcRefinementThreads                  = 8                                         {product} {ergonomic}
   size_t G1HeapRegionSize                         = 1048576                                   {product} {ergonomic}
    uintx GCDrainStackTargetSize                   = 64                                        {product} {ergonomic}
   size_t InitialHeapSize                          = 132120576                                 {product} {ergonomic}
   size_t MarkStackSize                            = 4194304                                   {product} {ergonomic}
   size_t MaxHeapSize                              = 2113929216                                {product} {ergonomic}
   size_t MaxNewSize                               = 1267728384                                {product} {ergonomic}
   size_t MinHeapDeltaBytes                        = 1048576                                   {product} {ergonomic}
   size_t MinHeapSize                              = 8388608                                   {product} {ergonomic}
    uintx NonNMethodCodeHeapSize                   = 5839372                                {pd product} {ergonomic}
    uintx NonProfiledCodeHeapSize                  = 122909434                              {pd product} {ergonomic}
    uintx ProfiledCodeHeapSize                     = 122909434                              {pd product} {ergonomic}
    uintx ReservedCodeCacheSize                    = 251658240                              {pd product} {ergonomic}
     bool SegmentedCodeCache                       = true                                      {product} {ergonomic}
   size_t SoftMaxHeapSize                          = 2113929216                             {manageable} {ergonomic}
     bool UseCompressedClassPointers               = true                           {product lp64_product} {ergonomic}
     bool UseCompressedOops                        = true                           {product lp64_product} {ergonomic}
     bool UseG1GC                                  = true                                      {product} {ergonomic}
     bool UseLargePagesIndividualAllocation        = false                                  {pd product} {ergonomic}

Logging:
Log output configuration:
 #0: stdout all=warning uptime,level,tags foldmultilines=false
 #1: stderr all=off uptime,level,tags foldmultilines=false

Environment Variables:
JAVA_HOME=D:\Nikita_WeW\coding\jdk17\
PATH=D:\Nikita_WeW\coding\jdk20\bin;D:\Nikita_WeW\coding\jdk17\bin;C:\Program Files (x86)\Common Files\Oracle\Java\javapath;D:\Nikita_WeW\modding\jdk8\bin;C:\Windows\system32;C:\Windows;C:\Windows\System32\Wbem;C:\Windows\System32\WindowsPowerShell\v1.0\;C:\Windows\System32\OpenSSH\;C:\Program Files\dotnet\;C:\Program Files\Git\cmd;C:\Users\User\AppData\Local\Microsoft\WindowsApps;
USERNAME=User
OS=Windows_NT
PROCESSOR_IDENTIFIER=Intel64 Family 6 Model 142 Stepping 12, GenuineIntel
TMP=C:\Users\User\AppData\Local\Temp
TEMP=C:\Users\User\AppData\Local\Temp




---------------  S Y S T E M  ---------------

OS:
 Windows 10 , 64 bit Build 19041 (10.0.19041.3031)
OS uptime: 41 days 14:33 hours

CPU: total 8 (initial active 8) (4 cores per cpu, 2 threads per core) family 6 model 142 stepping 12 microcode 0xf0, cx8, cmov, fxsr, ht, mmx, 3dnowpref, sse, sse2, sse3, ssse3, sse4.1, sse4.2, popcnt, lzcnt, tsc, tscinvbit, avx, avx2, aes, erms, clmul, bmi1, bmi2, adx, fma, vzeroupper, clflush, clflushopt, rdtscp, f16c

Memory: 4k page, system-wide physical 8062M (921M free)
TotalPageFile size 24178M (AvailPageFile size 6272M)
current process WorkingSet (physical memory assigned to process): 49M, peak: 49M
current process commit charge ("private bytes"): 212M, peak: 212M

vm_info: Java HotSpot(TM) 64-Bit Server VM (20.0.2+9-78) for windows-amd64 JRE (20.0.2+9-78), built on 2023-06-14T10:08:48Z by "mach5one" with MS VC++ 17.1 (VS2022)

END.
