#
# A fatal error has been detected by the Java Runtime Environment:
#
#  EXCEPTION_ACCESS_VIOLATION (0xc0000005) at pc=0x00007ffd791d1728, pid=21316, tid=17076
#
# JRE version: Java(TM) SE Runtime Environment (20.0.2+9) (build 20.0.2+9-78)
# Java VM: Java HotSpot(TM) 64-Bit Server VM (20.0.2+9-78, mixed mode, sharing, tiered, compressed oops, compressed class ptrs, g1 gc, windows-amd64)
# Problematic frame:
# C  [glfw.dll+0x11728]
#
# No core dump will be written. Minidumps are not enabled by default on client versions of Windows
#
# If you would like to submit a bug report, please visit:
#   https://bugreport.java.com/bugreport/crash.jsp
# The crash happened outside the Java Virtual Machine in native code.
# See problematic frame for where to report the bug.
#

---------------  S U M M A R Y ------------

Command Line: -javaagent:D:\Nikita_WeW\coding\intellij idea\lib\idea_rt.jar=51519:D:\Nikita_WeW\coding\intellij idea\bin -Dfile.encoding=UTF-8 -Dsun.stdout.encoding=UTF-8 -Dsun.stderr.encoding=UTF-8 Main

Host: Intel(R) Core(TM) i5-8265U CPU @ 1.60GHz, 8 cores, 7G,  Windows 10 , 64 bit Build 19041 (10.0.19041.3031)
Time: Fri Jul 28 09:48:02 2023 RTZ 2 (s 10 , 64 bit Build 19041 (10.0.19041.3031) elapsed time: 0.292712 seconds (0d 0h 0m 0s)

---------------  T H R E A D  ---------------

Current thread (0x0000021496a1bd90):  JavaThread "main" [_thread_in_native, id=17076, stack(0x0000006740600000,0x0000006740700000)]

Stack: [0x0000006740600000,0x0000006740700000],  sp=0x00000067406fe940,  free space=1018k
Native frames: (J=compiled Java code, j=interpreted, Vv=VM code, C=native code)
C  [glfw.dll+0x11728]

Java frames: (J=compiled Java code, j=interpreted, Vv=VM code)
j  org.lwjgl.system.JNI.invokePPPP(IIJJJJ)J+0
j  org.lwjgl.glfw.GLFW.nglfwCreateWindow(IIJJJ)J+14
j  org.lwjgl.glfw.GLFW.glfwCreateWindow(IILjava/lang/CharSequence;JJ)J+34
j  Engine.Window.<init>(IILjava/lang/String;)V+40
j  Main.main([Ljava/lang/String;)V+20
v  ~StubRoutines::call_stub 0x00000214a783100d

siginfo: EXCEPTION_ACCESS_VIOLATION (0xc0000005), reading address 0x0000000000000101


Registers:
RAX=0x0000000000000000, RBX=0x00000214fa5d07c0, RCX=0x0000000000000001, RDX=0x00000067406fe9c8
RSP=0x00000067406fe940, RBP=0x00000067406fea40, RSI=0x00000067406feb30, RDI=0x0000000086000000
R8 =0x0000000000000108, R9 =0x00000067406fe568, R10=0x00007ffd791c0108, R11=0x0000000000000001
R12=0x0000000086000000, R13=0x0000000000000000, R14=0x0000000000040008, R15=0x0000000086000000
RIP=0x00007ffd791d1728, EFLAGS=0x0000000000010246


Register to memory mapping:

RIP=0x00007ffd791d1728 glfw.dll
RAX=0x0 is NULL
RBX=0x00000214fa5d07c0 points into unknown readable memory: 0x0000000000000000 | 00 00 00 00 00 00 00 00
RCX=0x0000000000000001 is an unknown value
RDX=0x00000067406fe9c8 is pointing into the stack for thread: 0x0000021496a1bd90
RSP=0x00000067406fe940 is pointing into the stack for thread: 0x0000021496a1bd90
RBP=0x00000067406fea40 is pointing into the stack for thread: 0x0000021496a1bd90
RSI=0x00000067406feb30 is pointing into the stack for thread: 0x0000021496a1bd90
RDI=0x0000000086000000 points into unknown readable memory: 0x0000000000000000 | 00 00 00 00 00 00 00 00
R8 =0x0000000000000108 is an unknown value
R9 =0x00000067406fe568 is pointing into the stack for thread: 0x0000021496a1bd90
R10=0x00007ffd791c0108 glfw.dll
R11=0x0000000000000001 is an unknown value
R12=0x0000000086000000 points into unknown readable memory: 0x0000000000000000 | 00 00 00 00 00 00 00 00
R13=0x0 is NULL
R14=0x0000000000040008 is an unknown value
R15=0x0000000086000000 points into unknown readable memory: 0x0000000000000000 | 00 00 00 00 00 00 00 00


Top of Stack: (sp=0x00000067406fe940)
0x00000067406fe940:   00000214fa5d07c0 00000067406fea40
0x00000067406fe950:   00000067406feb30 0000000086000000
0x00000067406fe960:   0000021400000000 0000021400008040
0x00000067406fe970:   00000000000003e8 0000021400000000
0x00000067406fe980:   0000021496a1ab20 00007ffd3fd3b67f
0x00000067406fe990:   0000000200000000 00000000000000d8
0x00000067406fe9a0:   00000067406ff5b0 00007ffd402225c1
0x00000067406fe9b0:   00000067406fef80 0000000000000000
0x00000067406fe9c0:   0000000000000000 0000000000000028
0x00000067406fe9d0:   0000000000000000 0000000000000000
0x00000067406fe9e0:   0000000000000000 0000000000000000
0x00000067406fe9f0:   0000002300000050 00007ffd791d2710
0x00000067406fea00:   0000000000000000 00007ffd791c0000
0x00000067406fea10:   000000000001002b 0000000000010003
0x00000067406fea20:   0000000000000000 0000000000000000
0x00000067406fea30:   00007ffd79225a50 0000000000000000
0x00000067406fea40:   000008a0c257af0a 0000000000000000
0x00000067406fea50:   0000021496a1bd90 0000000000000001
0x00000067406fea60:   00000214f689f298 0000000000000000
0x00000067406fea70:   00000067406feaf0 00000067406feb30
0x00000067406fea80:   00000067406fef80 00007ffd791cf208
0x00000067406fea90:   00000000000003e8 00007ffd791c2354
0x00000067406feaa0:   00000214fa5d07c0 0000021400000000
0x00000067406feab0:   0000021496a1ab48 0000000089d678a0
0x00000067406feac0:   00000000000002bc 00007ffd791c6eb0
0x00000067406fead0:   00000214fa5d07c0 00000067406febd0
0x00000067406feae0:   00000000000001f4 0000021400000000
0x00000067406feaf0:   0003600100030001 0000000000000001
0x00000067406feb00:   0000000000000000 0000000000000000
0x00000067406feb10:   0000000000000000 0000000000000000
0x00000067406feb20:   0000000000000000 00007ffd400418d7
0x00000067406feb30:   8000000080000000 000001f4000002bc 

Instructions: (pc=0x00007ffd791d1728)
0x00007ffd791d1628:   00 0f 57 c0 48 89 45 f4 89 45 fc ba 00 7f 00 00
0x00007ffd791d1638:   0f 11 45 b4 48 8d 05 cd 10 00 00 c7 45 b4 23 00
0x00007ffd791d1648:   00 00 48 89 45 b8 33 c9 48 8b 05 91 7b 06 00 0f
0x00007ffd791d1658:   11 45 c4 48 89 45 c8 0f 11 45 d4 0f 11 45 e4 ff
0x00007ffd791d1668:   15 f3 ed 01 00 48 89 45 d8 33 c9 48 8d 05 d6 43
0x00007ffd791d1678:   05 00 48 89 45 f0 ff 15 14 ea 01 00 c7 44 24 28
0x00007ffd791d1688:   40 80 00 00 45 8d 45 01 48 8b c8 44 89 6c 24 20
0x00007ffd791d1698:   45 33 c9 48 8d 15 be 43 05 00 ff 15 88 ec 01 00
0x00007ffd791d16a8:   48 89 45 d0 48 85 c0 75 25 c7 44 24 28 40 80 00
0x00007ffd791d16b8:   00 45 8d 45 01 45 33 c9 44 89 6c 24 20 ba 00 7f
0x00007ffd791d16c8:   00 00 33 c9 ff 15 5e ec 01 00 48 89 45 d0 48 8d
0x00007ffd791d16d8:   4d b0 ff 15 98 ee 01 00 66 89 05 13 7b 06 00 66
0x00007ffd791d16e8:   85 c0 75 18 48 8d 15 85 43 05 00 b9 08 00 01 00
0x00007ffd791d16f8:   e8 43 a7 ff ff 33 c0 e9 dd 03 00 00 48 8b 4b 50
0x00007ffd791d1708:   48 85 c9 74 42 0f 57 c0 c7 45 88 28 00 00 00 33
0x00007ffd791d1718:   c0 48 8d 55 88 0f 11 45 8c 89 45 ac 0f 11 45 9c
0x00007ffd791d1728:   48 8b 89 00 01 00 00 ff 15 d3 ed 01 00 8b 45 90
0x00007ffd791d1738:   8b 7d 94 44 8b 6d 8c 41 2b fd 44 8b 65 98 44 2b
0x00007ffd791d1748:   e0 89 44 24 60 eb 7a 8b 46 08 48 8d 4c 24 78 89
0x00007ffd791d1758:   45 80 44 8b ff 8b 46 0c 41 0f ba ef 18 89 45 84
0x00007ffd791d1768:   45 8b ce 8b 46 30 89 83 7c 03 00 00 44 39 6e 30
0x00007ffd791d1778:   4c 89 6c 24 78 45 0f 44 fc 45 33 c0 41 8b d7 ff
0x00007ffd791d1788:   15 53 ec 01 00 8b 06 8b 4c 24 7c 8b 54 24 78 3d
0x00007ffd791d1798:   00 00 00 80 75 12 39 46 04 75 0d 41 bd 00 00 00
0x00007ffd791d17a8:   80 44 89 6c 24 60 eb 0d 44 8d 2c 10 8b 46 04 03
0x00007ffd791d17b8:   c1 89 44 24 60 8b 7d 80 44 8b 65 84 2b fa 44 2b
0x00007ffd791d17c8:   e1 48 8b 4e 10 e8 ce a0 ff ff 48 89 44 24 68 48
0x00007ffd791d17d8:   8b c8 48 85 c0 0f 84 1a ff ff ff 48 8b 05 fe 79
0x00007ffd791d17e8:   06 00 4c 8b c1 0f b7 15 06 7a 06 00 45 8b cf 48
0x00007ffd791d17f8:   89 74 24 58 41 8b ce 48 89 44 24 50 33 c0 48 89
0x00007ffd791d1808:   44 24 48 48 89 44 24 40 8b 44 24 60 44 89 64 24
0x00007ffd791d1818:   38 89 7c 24 30 89 44 24 28 44 89 6c 24 20 ff 15 


Stack slot to memory mapping:
stack at sp + 0 slots: 0x00000214fa5d07c0 points into unknown readable memory: 0x0000000000000000 | 00 00 00 00 00 00 00 00
stack at sp + 1 slots: 0x00000067406fea40 is pointing into the stack for thread: 0x0000021496a1bd90
stack at sp + 2 slots: 0x00000067406feb30 is pointing into the stack for thread: 0x0000021496a1bd90
stack at sp + 3 slots: 0x0000000086000000 points into unknown readable memory: 0x0000000000000000 | 00 00 00 00 00 00 00 00
stack at sp + 4 slots: 0x0000021400000000 is an unknown value
stack at sp + 5 slots: 0x0000021400008040 is an unknown value
stack at sp + 6 slots: 0x00000000000003e8 is an unknown value
stack at sp + 7 slots: 0x0000021400000000 is an unknown value


---------------  P R O C E S S  ---------------

Threads class SMR info:
_java_thread_list=0x00000214fa686eb0, length=12, elements={
0x0000021496a1bd90, 0x00000214b5356cc0, 0x00000214b5357ac0, 0x00000214b535ab50,
0x00000214b535f9c0, 0x00000214b5360300, 0x00000214b5360c40, 0x00000214b5364db0,
0x00000214b536f750, 0x00000214fa58ad60, 0x00000214fa773200, 0x00000214fa775030
}

Java Threads: ( => current thread )
=>0x0000021496a1bd90 JavaThread "main" [_thread_in_native, id=17076, stack(0x0000006740600000,0x0000006740700000)]
  0x00000214b5356cc0 JavaThread "Reference Handler" daemon [_thread_blocked, id=9892, stack(0x0000006740d00000,0x0000006740e00000)]
  0x00000214b5357ac0 JavaThread "Finalizer" daemon [_thread_blocked, id=1156, stack(0x0000006740e00000,0x0000006740f00000)]
  0x00000214b535ab50 JavaThread "Signal Dispatcher" daemon [_thread_blocked, id=24152, stack(0x0000006740f00000,0x0000006741000000)]
  0x00000214b535f9c0 JavaThread "Attach Listener" daemon [_thread_blocked, id=9756, stack(0x0000006741000000,0x0000006741100000)]
  0x00000214b5360300 JavaThread "Service Thread" daemon [_thread_blocked, id=21836, stack(0x0000006741100000,0x0000006741200000)]
  0x00000214b5360c40 JavaThread "Monitor Deflation Thread" daemon [_thread_blocked, id=3192, stack(0x0000006741200000,0x0000006741300000)]
  0x00000214b5364db0 JavaThread "C2 CompilerThread0" daemon [_thread_blocked, id=9008, stack(0x0000006741300000,0x0000006741400000)]
  0x00000214b536f750 JavaThread "C1 CompilerThread0" daemon [_thread_blocked, id=12192, stack(0x0000006741400000,0x0000006741500000)]
  0x00000214fa58ad60 JavaThread "Common-Cleaner" daemon [_thread_blocked, id=16656, stack(0x0000006741500000,0x0000006741600000)]
  0x00000214fa773200 JavaThread "Monitor Ctrl-Break" daemon [_thread_in_native, id=15468, stack(0x0000006741600000,0x0000006741700000)]
  0x00000214fa775030 JavaThread "Notification Thread" daemon [_thread_blocked, id=7544, stack(0x0000006741700000,0x0000006741800000)]

Other Threads:
  0x00000214b5333340 VMThread "VM Thread" [stack: 0x0000006740c00000,0x0000006740d00000] [id=21960]
  0x00000214fa773750 WatcherThread "VM Periodic Task Thread" [stack: 0x0000006741800000,0x0000006741900000] [id=3500]
  0x0000021496a7aad0 WorkerThread "GC Thread#0" [stack: 0x0000006740700000,0x0000006740800000] [id=5844]
  0x0000021496a8d2b0 ConcurrentGCThread "G1 Main Marker" [stack: 0x0000006740800000,0x0000006740900000] [id=18028]
  0x0000021496a8e390 WorkerThread "G1 Conc#0" [stack: 0x0000006740900000,0x0000006740a00000] [id=10760]
  0x00000214b51f28d0 ConcurrentGCThread "G1 Refine#0" [stack: 0x0000006740a00000,0x0000006740b00000] [id=22308]
  0x00000214b51f3280 ConcurrentGCThread "G1 Service" [stack: 0x0000006740b00000,0x0000006740c00000] [id=19836]

Threads with active compile tasks:

VM state: not at safepoint (normal execution)

VM Mutex/Monitor currently owned by a thread: None

Heap address: 0x0000000082000000, size: 2016 MB, Compressed Oops mode: 32-bit

CDS archive(s) mapped at: [0x00000214b5400000-0x00000214b6060000-0x00000214b6060000), size 12976128, SharedBaseAddress: 0x00000214b5400000, ArchiveRelocationMode: 1.
Compressed class space mapped at: 0x00000214b6400000-0x00000214f6400000, reserved size: 1073741824
Narrow klass base: 0x00000214b5400000, Narrow klass shift: 0, Narrow klass range: 0x100000000

GC Precious Log:
 CardTable entry size: 512
 Card Set container configuration: InlinePtr #cards 5 size 8 Array Of Cards #cards 12 size 40 Howl #buckets 4 coarsen threshold 1843 Howl Bitmap #cards 512 size 80 coarsen threshold 460 Card regions per heap region 1 cards per card region 2048
 CPUs: 8 total, 8 available
 Memory: 8062M
 Large Page Support: Disabled
 NUMA Support: Disabled
 Compressed Oops: Enabled (32-bit)
 Heap Region Size: 1M
 Heap Min Capacity: 8M
 Heap Initial Capacity: 126M
 Heap Max Capacity: 2016M
 Pre-touch: Disabled
 Parallel Workers: 8
 Concurrent Workers: 2
 Concurrent Refinement Workers: 8
 Periodic GC: Disabled

Heap:
 garbage-first heap   total 129024K, used 5120K [0x0000000082000000, 0x0000000100000000)
  region size 1024K, 6 young (6144K), 0 survivors (0K)
 Metaspace       used 2355K, committed 2560K, reserved 1114112K
  class space    used 168K, committed 256K, reserved 1048576K

Heap Regions: E=young(eden), S=young(survivor), O=old, HS=humongous(starts), HC=humongous(continues), CS=collection set, F=free, OA=open archive, CA=closed archive, TAMS=top-at-mark-start, PB=parsable bottom
|   0|0x0000000082000000, 0x0000000082000000, 0x0000000082100000|  0%| F|  |TAMS 0x0000000082000000| PB 0x0000000082000000| Untracked 
|   1|0x0000000082100000, 0x0000000082100000, 0x0000000082200000|  0%| F|  |TAMS 0x0000000082100000| PB 0x0000000082100000| Untracked 
|   2|0x0000000082200000, 0x0000000082200000, 0x0000000082300000|  0%| F|  |TAMS 0x0000000082200000| PB 0x0000000082200000| Untracked 
|   3|0x0000000082300000, 0x0000000082300000, 0x0000000082400000|  0%| F|  |TAMS 0x0000000082300000| PB 0x0000000082300000| Untracked 
|   4|0x0000000082400000, 0x0000000082400000, 0x0000000082500000|  0%| F|  |TAMS 0x0000000082400000| PB 0x0000000082400000| Untracked 
|   5|0x0000000082500000, 0x0000000082500000, 0x0000000082600000|  0%| F|  |TAMS 0x0000000082500000| PB 0x0000000082500000| Untracked 
|   6|0x0000000082600000, 0x0000000082600000, 0x0000000082700000|  0%| F|  |TAMS 0x0000000082600000| PB 0x0000000082600000| Untracked 
|   7|0x0000000082700000, 0x0000000082700000, 0x0000000082800000|  0%| F|  |TAMS 0x0000000082700000| PB 0x0000000082700000| Untracked 
|   8|0x0000000082800000, 0x0000000082800000, 0x0000000082900000|  0%| F|  |TAMS 0x0000000082800000| PB 0x0000000082800000| Untracked 
|   9|0x0000000082900000, 0x0000000082900000, 0x0000000082a00000|  0%| F|  |TAMS 0x0000000082900000| PB 0x0000000082900000| Untracked 
|  10|0x0000000082a00000, 0x0000000082a00000, 0x0000000082b00000|  0%| F|  |TAMS 0x0000000082a00000| PB 0x0000000082a00000| Untracked 
|  11|0x0000000082b00000, 0x0000000082b00000, 0x0000000082c00000|  0%| F|  |TAMS 0x0000000082b00000| PB 0x0000000082b00000| Untracked 
|  12|0x0000000082c00000, 0x0000000082c00000, 0x0000000082d00000|  0%| F|  |TAMS 0x0000000082c00000| PB 0x0000000082c00000| Untracked 
|  13|0x0000000082d00000, 0x0000000082d00000, 0x0000000082e00000|  0%| F|  |TAMS 0x0000000082d00000| PB 0x0000000082d00000| Untracked 
|  14|0x0000000082e00000, 0x0000000082e00000, 0x0000000082f00000|  0%| F|  |TAMS 0x0000000082e00000| PB 0x0000000082e00000| Untracked 
|  15|0x0000000082f00000, 0x0000000082f00000, 0x0000000083000000|  0%| F|  |TAMS 0x0000000082f00000| PB 0x0000000082f00000| Untracked 
|  16|0x0000000083000000, 0x0000000083000000, 0x0000000083100000|  0%| F|  |TAMS 0x0000000083000000| PB 0x0000000083000000| Untracked 
|  17|0x0000000083100000, 0x0000000083100000, 0x0000000083200000|  0%| F|  |TAMS 0x0000000083100000| PB 0x0000000083100000| Untracked 
|  18|0x0000000083200000, 0x0000000083200000, 0x0000000083300000|  0%| F|  |TAMS 0x0000000083200000| PB 0x0000000083200000| Untracked 
|  19|0x0000000083300000, 0x0000000083300000, 0x0000000083400000|  0%| F|  |TAMS 0x0000000083300000| PB 0x0000000083300000| Untracked 
|  20|0x0000000083400000, 0x0000000083400000, 0x0000000083500000|  0%| F|  |TAMS 0x0000000083400000| PB 0x0000000083400000| Untracked 
|  21|0x0000000083500000, 0x0000000083500000, 0x0000000083600000|  0%| F|  |TAMS 0x0000000083500000| PB 0x0000000083500000| Untracked 
|  22|0x0000000083600000, 0x0000000083600000, 0x0000000083700000|  0%| F|  |TAMS 0x0000000083600000| PB 0x0000000083600000| Untracked 
|  23|0x0000000083700000, 0x0000000083700000, 0x0000000083800000|  0%| F|  |TAMS 0x0000000083700000| PB 0x0000000083700000| Untracked 
|  24|0x0000000083800000, 0x0000000083800000, 0x0000000083900000|  0%| F|  |TAMS 0x0000000083800000| PB 0x0000000083800000| Untracked 
|  25|0x0000000083900000, 0x0000000083900000, 0x0000000083a00000|  0%| F|  |TAMS 0x0000000083900000| PB 0x0000000083900000| Untracked 
|  26|0x0000000083a00000, 0x0000000083a00000, 0x0000000083b00000|  0%| F|  |TAMS 0x0000000083a00000| PB 0x0000000083a00000| Untracked 
|  27|0x0000000083b00000, 0x0000000083b00000, 0x0000000083c00000|  0%| F|  |TAMS 0x0000000083b00000| PB 0x0000000083b00000| Untracked 
|  28|0x0000000083c00000, 0x0000000083c00000, 0x0000000083d00000|  0%| F|  |TAMS 0x0000000083c00000| PB 0x0000000083c00000| Untracked 
|  29|0x0000000083d00000, 0x0000000083d00000, 0x0000000083e00000|  0%| F|  |TAMS 0x0000000083d00000| PB 0x0000000083d00000| Untracked 
|  30|0x0000000083e00000, 0x0000000083e00000, 0x0000000083f00000|  0%| F|  |TAMS 0x0000000083e00000| PB 0x0000000083e00000| Untracked 
|  31|0x0000000083f00000, 0x0000000083f00000, 0x0000000084000000|  0%| F|  |TAMS 0x0000000083f00000| PB 0x0000000083f00000| Untracked 
|  32|0x0000000084000000, 0x0000000084000000, 0x0000000084100000|  0%| F|  |TAMS 0x0000000084000000| PB 0x0000000084000000| Untracked 
|  33|0x0000000084100000, 0x0000000084100000, 0x0000000084200000|  0%| F|  |TAMS 0x0000000084100000| PB 0x0000000084100000| Untracked 
|  34|0x0000000084200000, 0x0000000084200000, 0x0000000084300000|  0%| F|  |TAMS 0x0000000084200000| PB 0x0000000084200000| Untracked 
|  35|0x0000000084300000, 0x0000000084300000, 0x0000000084400000|  0%| F|  |TAMS 0x0000000084300000| PB 0x0000000084300000| Untracked 
|  36|0x0000000084400000, 0x0000000084400000, 0x0000000084500000|  0%| F|  |TAMS 0x0000000084400000| PB 0x0000000084400000| Untracked 
|  37|0x0000000084500000, 0x0000000084500000, 0x0000000084600000|  0%| F|  |TAMS 0x0000000084500000| PB 0x0000000084500000| Untracked 
|  38|0x0000000084600000, 0x0000000084600000, 0x0000000084700000|  0%| F|  |TAMS 0x0000000084600000| PB 0x0000000084600000| Untracked 
|  39|0x0000000084700000, 0x0000000084700000, 0x0000000084800000|  0%| F|  |TAMS 0x0000000084700000| PB 0x0000000084700000| Untracked 
|  40|0x0000000084800000, 0x0000000084800000, 0x0000000084900000|  0%| F|  |TAMS 0x0000000084800000| PB 0x0000000084800000| Untracked 
|  41|0x0000000084900000, 0x0000000084900000, 0x0000000084a00000|  0%| F|  |TAMS 0x0000000084900000| PB 0x0000000084900000| Untracked 
|  42|0x0000000084a00000, 0x0000000084a00000, 0x0000000084b00000|  0%| F|  |TAMS 0x0000000084a00000| PB 0x0000000084a00000| Untracked 
|  43|0x0000000084b00000, 0x0000000084b00000, 0x0000000084c00000|  0%| F|  |TAMS 0x0000000084b00000| PB 0x0000000084b00000| Untracked 
|  44|0x0000000084c00000, 0x0000000084c00000, 0x0000000084d00000|  0%| F|  |TAMS 0x0000000084c00000| PB 0x0000000084c00000| Untracked 
|  45|0x0000000084d00000, 0x0000000084d00000, 0x0000000084e00000|  0%| F|  |TAMS 0x0000000084d00000| PB 0x0000000084d00000| Untracked 
|  46|0x0000000084e00000, 0x0000000084e00000, 0x0000000084f00000|  0%| F|  |TAMS 0x0000000084e00000| PB 0x0000000084e00000| Untracked 
|  47|0x0000000084f00000, 0x0000000084f00000, 0x0000000085000000|  0%| F|  |TAMS 0x0000000084f00000| PB 0x0000000084f00000| Untracked 
|  48|0x0000000085000000, 0x0000000085000000, 0x0000000085100000|  0%| F|  |TAMS 0x0000000085000000| PB 0x0000000085000000| Untracked 
|  49|0x0000000085100000, 0x0000000085100000, 0x0000000085200000|  0%| F|  |TAMS 0x0000000085100000| PB 0x0000000085100000| Untracked 
|  50|0x0000000085200000, 0x0000000085200000, 0x0000000085300000|  0%| F|  |TAMS 0x0000000085200000| PB 0x0000000085200000| Untracked 
|  51|0x0000000085300000, 0x0000000085300000, 0x0000000085400000|  0%| F|  |TAMS 0x0000000085300000| PB 0x0000000085300000| Untracked 
|  52|0x0000000085400000, 0x0000000085400000, 0x0000000085500000|  0%| F|  |TAMS 0x0000000085400000| PB 0x0000000085400000| Untracked 
|  53|0x0000000085500000, 0x0000000085500000, 0x0000000085600000|  0%| F|  |TAMS 0x0000000085500000| PB 0x0000000085500000| Untracked 
|  54|0x0000000085600000, 0x0000000085600000, 0x0000000085700000|  0%| F|  |TAMS 0x0000000085600000| PB 0x0000000085600000| Untracked 
|  55|0x0000000085700000, 0x0000000085700000, 0x0000000085800000|  0%| F|  |TAMS 0x0000000085700000| PB 0x0000000085700000| Untracked 
|  56|0x0000000085800000, 0x0000000085800000, 0x0000000085900000|  0%| F|  |TAMS 0x0000000085800000| PB 0x0000000085800000| Untracked 
|  57|0x0000000085900000, 0x0000000085900000, 0x0000000085a00000|  0%| F|  |TAMS 0x0000000085900000| PB 0x0000000085900000| Untracked 
|  58|0x0000000085a00000, 0x0000000085a00000, 0x0000000085b00000|  0%| F|  |TAMS 0x0000000085a00000| PB 0x0000000085a00000| Untracked 
|  59|0x0000000085b00000, 0x0000000085b00000, 0x0000000085c00000|  0%| F|  |TAMS 0x0000000085b00000| PB 0x0000000085b00000| Untracked 
|  60|0x0000000085c00000, 0x0000000085c00000, 0x0000000085d00000|  0%| F|  |TAMS 0x0000000085c00000| PB 0x0000000085c00000| Untracked 
|  61|0x0000000085d00000, 0x0000000085d00000, 0x0000000085e00000|  0%| F|  |TAMS 0x0000000085d00000| PB 0x0000000085d00000| Untracked 
|  62|0x0000000085e00000, 0x0000000085e00000, 0x0000000085f00000|  0%| F|  |TAMS 0x0000000085e00000| PB 0x0000000085e00000| Untracked 
|  63|0x0000000085f00000, 0x0000000085f00000, 0x0000000086000000|  0%| F|  |TAMS 0x0000000085f00000| PB 0x0000000085f00000| Untracked 
|  64|0x0000000086000000, 0x0000000086000000, 0x0000000086100000|  0%| F|  |TAMS 0x0000000086000000| PB 0x0000000086000000| Untracked 
|  65|0x0000000086100000, 0x0000000086100000, 0x0000000086200000|  0%| F|  |TAMS 0x0000000086100000| PB 0x0000000086100000| Untracked 
|  66|0x0000000086200000, 0x0000000086200000, 0x0000000086300000|  0%| F|  |TAMS 0x0000000086200000| PB 0x0000000086200000| Untracked 
|  67|0x0000000086300000, 0x0000000086300000, 0x0000000086400000|  0%| F|  |TAMS 0x0000000086300000| PB 0x0000000086300000| Untracked 
|  68|0x0000000086400000, 0x0000000086400000, 0x0000000086500000|  0%| F|  |TAMS 0x0000000086400000| PB 0x0000000086400000| Untracked 
|  69|0x0000000086500000, 0x0000000086500000, 0x0000000086600000|  0%| F|  |TAMS 0x0000000086500000| PB 0x0000000086500000| Untracked 
|  70|0x0000000086600000, 0x0000000086600000, 0x0000000086700000|  0%| F|  |TAMS 0x0000000086600000| PB 0x0000000086600000| Untracked 
|  71|0x0000000086700000, 0x0000000086700000, 0x0000000086800000|  0%| F|  |TAMS 0x0000000086700000| PB 0x0000000086700000| Untracked 
|  72|0x0000000086800000, 0x0000000086800000, 0x0000000086900000|  0%| F|  |TAMS 0x0000000086800000| PB 0x0000000086800000| Untracked 
|  73|0x0000000086900000, 0x0000000086900000, 0x0000000086a00000|  0%| F|  |TAMS 0x0000000086900000| PB 0x0000000086900000| Untracked 
|  74|0x0000000086a00000, 0x0000000086a00000, 0x0000000086b00000|  0%| F|  |TAMS 0x0000000086a00000| PB 0x0000000086a00000| Untracked 
|  75|0x0000000086b00000, 0x0000000086b00000, 0x0000000086c00000|  0%| F|  |TAMS 0x0000000086b00000| PB 0x0000000086b00000| Untracked 
|  76|0x0000000086c00000, 0x0000000086c00000, 0x0000000086d00000|  0%| F|  |TAMS 0x0000000086c00000| PB 0x0000000086c00000| Untracked 
|  77|0x0000000086d00000, 0x0000000086d00000, 0x0000000086e00000|  0%| F|  |TAMS 0x0000000086d00000| PB 0x0000000086d00000| Untracked 
|  78|0x0000000086e00000, 0x0000000086e00000, 0x0000000086f00000|  0%| F|  |TAMS 0x0000000086e00000| PB 0x0000000086e00000| Untracked 
|  79|0x0000000086f00000, 0x0000000086f00000, 0x0000000087000000|  0%| F|  |TAMS 0x0000000086f00000| PB 0x0000000086f00000| Untracked 
|  80|0x0000000087000000, 0x0000000087000000, 0x0000000087100000|  0%| F|  |TAMS 0x0000000087000000| PB 0x0000000087000000| Untracked 
|  81|0x0000000087100000, 0x0000000087100000, 0x0000000087200000|  0%| F|  |TAMS 0x0000000087100000| PB 0x0000000087100000| Untracked 
|  82|0x0000000087200000, 0x0000000087200000, 0x0000000087300000|  0%| F|  |TAMS 0x0000000087200000| PB 0x0000000087200000| Untracked 
|  83|0x0000000087300000, 0x0000000087300000, 0x0000000087400000|  0%| F|  |TAMS 0x0000000087300000| PB 0x0000000087300000| Untracked 
|  84|0x0000000087400000, 0x0000000087400000, 0x0000000087500000|  0%| F|  |TAMS 0x0000000087400000| PB 0x0000000087400000| Untracked 
|  85|0x0000000087500000, 0x0000000087500000, 0x0000000087600000|  0%| F|  |TAMS 0x0000000087500000| PB 0x0000000087500000| Untracked 
|  86|0x0000000087600000, 0x0000000087600000, 0x0000000087700000|  0%| F|  |TAMS 0x0000000087600000| PB 0x0000000087600000| Untracked 
|  87|0x0000000087700000, 0x0000000087700000, 0x0000000087800000|  0%| F|  |TAMS 0x0000000087700000| PB 0x0000000087700000| Untracked 
|  88|0x0000000087800000, 0x0000000087800000, 0x0000000087900000|  0%| F|  |TAMS 0x0000000087800000| PB 0x0000000087800000| Untracked 
|  89|0x0000000087900000, 0x0000000087900000, 0x0000000087a00000|  0%| F|  |TAMS 0x0000000087900000| PB 0x0000000087900000| Untracked 
|  90|0x0000000087a00000, 0x0000000087a00000, 0x0000000087b00000|  0%| F|  |TAMS 0x0000000087a00000| PB 0x0000000087a00000| Untracked 
|  91|0x0000000087b00000, 0x0000000087b00000, 0x0000000087c00000|  0%| F|  |TAMS 0x0000000087b00000| PB 0x0000000087b00000| Untracked 
|  92|0x0000000087c00000, 0x0000000087c00000, 0x0000000087d00000|  0%| F|  |TAMS 0x0000000087c00000| PB 0x0000000087c00000| Untracked 
|  93|0x0000000087d00000, 0x0000000087d00000, 0x0000000087e00000|  0%| F|  |TAMS 0x0000000087d00000| PB 0x0000000087d00000| Untracked 
|  94|0x0000000087e00000, 0x0000000087e00000, 0x0000000087f00000|  0%| F|  |TAMS 0x0000000087e00000| PB 0x0000000087e00000| Untracked 
|  95|0x0000000087f00000, 0x0000000087f00000, 0x0000000088000000|  0%| F|  |TAMS 0x0000000087f00000| PB 0x0000000087f00000| Untracked 
|  96|0x0000000088000000, 0x0000000088000000, 0x0000000088100000|  0%| F|  |TAMS 0x0000000088000000| PB 0x0000000088000000| Untracked 
|  97|0x0000000088100000, 0x0000000088100000, 0x0000000088200000|  0%| F|  |TAMS 0x0000000088100000| PB 0x0000000088100000| Untracked 
|  98|0x0000000088200000, 0x0000000088200000, 0x0000000088300000|  0%| F|  |TAMS 0x0000000088200000| PB 0x0000000088200000| Untracked 
|  99|0x0000000088300000, 0x0000000088300000, 0x0000000088400000|  0%| F|  |TAMS 0x0000000088300000| PB 0x0000000088300000| Untracked 
| 100|0x0000000088400000, 0x0000000088400000, 0x0000000088500000|  0%| F|  |TAMS 0x0000000088400000| PB 0x0000000088400000| Untracked 
| 101|0x0000000088500000, 0x0000000088500000, 0x0000000088600000|  0%| F|  |TAMS 0x0000000088500000| PB 0x0000000088500000| Untracked 
| 102|0x0000000088600000, 0x0000000088600000, 0x0000000088700000|  0%| F|  |TAMS 0x0000000088600000| PB 0x0000000088600000| Untracked 
| 103|0x0000000088700000, 0x0000000088700000, 0x0000000088800000|  0%| F|  |TAMS 0x0000000088700000| PB 0x0000000088700000| Untracked 
| 104|0x0000000088800000, 0x0000000088800000, 0x0000000088900000|  0%| F|  |TAMS 0x0000000088800000| PB 0x0000000088800000| Untracked 
| 105|0x0000000088900000, 0x0000000088900000, 0x0000000088a00000|  0%| F|  |TAMS 0x0000000088900000| PB 0x0000000088900000| Untracked 
| 106|0x0000000088a00000, 0x0000000088a00000, 0x0000000088b00000|  0%| F|  |TAMS 0x0000000088a00000| PB 0x0000000088a00000| Untracked 
| 107|0x0000000088b00000, 0x0000000088b00000, 0x0000000088c00000|  0%| F|  |TAMS 0x0000000088b00000| PB 0x0000000088b00000| Untracked 
| 108|0x0000000088c00000, 0x0000000088c00000, 0x0000000088d00000|  0%| F|  |TAMS 0x0000000088c00000| PB 0x0000000088c00000| Untracked 
| 109|0x0000000088d00000, 0x0000000088d00000, 0x0000000088e00000|  0%| F|  |TAMS 0x0000000088d00000| PB 0x0000000088d00000| Untracked 
| 110|0x0000000088e00000, 0x0000000088e00000, 0x0000000088f00000|  0%| F|  |TAMS 0x0000000088e00000| PB 0x0000000088e00000| Untracked 
| 111|0x0000000088f00000, 0x0000000088f00000, 0x0000000089000000|  0%| F|  |TAMS 0x0000000088f00000| PB 0x0000000088f00000| Untracked 
| 112|0x0000000089000000, 0x0000000089000000, 0x0000000089100000|  0%| F|  |TAMS 0x0000000089000000| PB 0x0000000089000000| Untracked 
| 113|0x0000000089100000, 0x0000000089100000, 0x0000000089200000|  0%| F|  |TAMS 0x0000000089100000| PB 0x0000000089100000| Untracked 
| 114|0x0000000089200000, 0x0000000089200000, 0x0000000089300000|  0%| F|  |TAMS 0x0000000089200000| PB 0x0000000089200000| Untracked 
| 115|0x0000000089300000, 0x0000000089300000, 0x0000000089400000|  0%| F|  |TAMS 0x0000000089300000| PB 0x0000000089300000| Untracked 
| 116|0x0000000089400000, 0x0000000089400000, 0x0000000089500000|  0%| F|  |TAMS 0x0000000089400000| PB 0x0000000089400000| Untracked 
| 117|0x0000000089500000, 0x0000000089500000, 0x0000000089600000|  0%| F|  |TAMS 0x0000000089500000| PB 0x0000000089500000| Untracked 
| 118|0x0000000089600000, 0x0000000089600000, 0x0000000089700000|  0%| F|  |TAMS 0x0000000089600000| PB 0x0000000089600000| Untracked 
| 119|0x0000000089700000, 0x0000000089700000, 0x0000000089800000|  0%| F|  |TAMS 0x0000000089700000| PB 0x0000000089700000| Untracked 
| 120|0x0000000089800000, 0x0000000089876480, 0x0000000089900000| 46%| E|  |TAMS 0x0000000089800000| PB 0x0000000089800000| Complete 
| 121|0x0000000089900000, 0x0000000089a00000, 0x0000000089a00000|100%| E|CS|TAMS 0x0000000089900000| PB 0x0000000089900000| Complete 
| 122|0x0000000089a00000, 0x0000000089b00000, 0x0000000089b00000|100%| E|CS|TAMS 0x0000000089a00000| PB 0x0000000089a00000| Complete 
| 123|0x0000000089b00000, 0x0000000089c00000, 0x0000000089c00000|100%| E|CS|TAMS 0x0000000089b00000| PB 0x0000000089b00000| Complete 
| 124|0x0000000089c00000, 0x0000000089d00000, 0x0000000089d00000|100%| E|CS|TAMS 0x0000000089c00000| PB 0x0000000089c00000| Complete 
| 125|0x0000000089d00000, 0x0000000089e00000, 0x0000000089e00000|100%| E|CS|TAMS 0x0000000089d00000| PB 0x0000000089d00000| Complete 

Card table byte_map: [0x00000214b0150000,0x00000214b0540000] _byte_map_base: 0x00000214afd40000

Marking Bits: (CMBitMap*) 0x0000021496a7cc30
 Bits: [0x00000214b0930000, 0x00000214b28b0000)

Polling page: 0x0000021496af0000

Metaspace:

Usage:
  Non-class:      2.14 MB used.
      Class:    168.61 KB used.
       Both:      2.30 MB used.

Virtual space:
  Non-class space:       64.00 MB reserved,       2.25 MB (  4%) committed,  1 nodes.
      Class space:        1.00 GB reserved,     256.00 KB ( <1%) committed,  1 nodes.
             Both:        1.06 GB reserved,       2.50 MB ( <1%) committed. 

Chunk freelists:
   Non-Class:  3.14 MB
       Class:  3.66 MB
        Both:  6.80 MB

MaxMetaspaceSize: unlimited
CompressedClassSpaceSize: 1.00 GB
Initial GC threshold: 21.00 MB
Current GC threshold: 21.00 MB
CDS: on
MetaspaceReclaimPolicy: balanced
 - commit_granule_bytes: 65536.
 - commit_granule_words: 8192.
 - virtual_space_node_default_size: 8388608.
 - enlarge_chunks_in_place: 1.
 - new_chunks_are_fully_committed: 0.
 - uncommit_free_chunks: 1.
 - use_allocation_guard: 0.


Internal statistics:

num_allocs_failed_limit: 0.
num_arena_births: 74.
num_arena_deaths: 0.
num_vsnodes_births: 2.
num_vsnodes_deaths: 0.
num_space_committed: 40.
num_space_uncommitted: 0.
num_chunks_returned_to_freelist: 0.
num_chunks_taken_from_freelist: 123.
num_chunk_merges: 0.
num_chunk_splits: 78.
num_chunks_enlarged: 51.
num_inconsistent_stats: 0.

CodeHeap 'non-profiled nmethods': size=120000Kb used=136Kb max_used=136Kb free=119863Kb
 bounds [0x00000214a7dd0000, 0x00000214a8040000, 0x00000214af300000]
CodeHeap 'profiled nmethods': size=120000Kb used=588Kb max_used=588Kb free=119411Kb
 bounds [0x00000214a0300000, 0x00000214a0570000, 0x00000214a7830000]
CodeHeap 'non-nmethods': size=5760Kb used=2068Kb max_used=2068Kb free=3691Kb
 bounds [0x00000214a7830000, 0x00000214a7aa0000, 0x00000214a7dd0000]
 total_blobs=1454 nmethods=456 adapters=909
 compilation: enabled
              stopped_count=0, restarted_count=0
 full_count=0

Compilation events (20 events):
Event: 0.254 Thread 0x00000214b5364db0  445       4       java.lang.StringBuilder::append (8 bytes)
Event: 0.254 Thread 0x00000214b536f750  447   !   3       java.util.zip.Inflater::needsInput (55 bytes)
Event: 0.254 Thread 0x00000214b536f750 nmethod 447 0x00000214a038d910 code [0x00000214a038dac0, 0x00000214a038de90]
Event: 0.254 Thread 0x00000214b536f750  448   !   3       java.util.zip.Inflater::inflate (456 bytes)
Event: 0.256 Thread 0x00000214b536f750 nmethod 448 0x00000214a038e010 code [0x00000214a038e3c0, 0x00000214a03900f0]
Event: 0.256 Thread 0x00000214b536f750  451       3       java.lang.ThreadLocal$ThreadLocalMap::getEntry (42 bytes)
Event: 0.256 Thread 0x00000214b536f750 nmethod 451 0x00000214a0391090 code [0x00000214a0391260, 0x00000214a0391628]
Event: 0.256 Thread 0x00000214b536f750  454       3       java.lang.ThreadLocal::get (47 bytes)
Event: 0.256 Thread 0x00000214b536f750 nmethod 454 0x00000214a0391810 code [0x00000214a03919e0, 0x00000214a0391e28]
Event: 0.256 Thread 0x00000214b536f750  449       3       java.lang.Integer::toUnsignedLong (7 bytes)
Event: 0.256 Thread 0x00000214b536f750 nmethod 449 0x00000214a0391f90 code [0x00000214a0392120, 0x00000214a0392220]
Event: 0.256 Thread 0x00000214b536f750  450       3       org.lwjgl.system.MemoryUtil::write8 (19 bytes)
Event: 0.256 Thread 0x00000214b536f750 nmethod 450 0x00000214a0392290 code [0x00000214a0392420, 0x00000214a0392668]
Event: 0.256 Thread 0x00000214b536f750  452       3       sun.misc.Unsafe::putByte (11 bytes)
Event: 0.256 Thread 0x00000214b536f750 nmethod 452 0x00000214a0392790 code [0x00000214a0392920, 0x00000214a0392a30]
Event: 0.256 Thread 0x00000214b536f750  455       3       java.lang.StringConcatHelper::newArray (40 bytes)
Event: 0.257 Thread 0x00000214b536f750 nmethod 455 0x00000214a0392b10 code [0x00000214a0392cc0, 0x00000214a0392fe0]
Event: 0.257 Thread 0x00000214b536f750  456       1       java.security.CodeSource::getLocationNoFragString (5 bytes)
Event: 0.257 Thread 0x00000214b536f750 nmethod 456 0x00000214a7df1590 code [0x00000214a7df1700, 0x00000214a7df17c8]
Event: 0.257 Thread 0x00000214b5364db0 nmethod 445 0x00000214a7df1890 code [0x00000214a7df1a20, 0x00000214a7df1f58]

GC Heap History (0 events):
No events

Dll operation events (11 events):
Event: 0.008 Loaded shared library D:\Nikita_WeW\coding\jdk20\bin\java.dll
Event: 0.034 Loaded shared library D:\Nikita_WeW\coding\jdk20\bin\jsvml.dll
Event: 0.101 Loaded shared library D:\Nikita_WeW\coding\jdk20\bin\zip.dll
Event: 0.103 Loaded shared library D:\Nikita_WeW\coding\jdk20\bin\instrument.dll
Event: 0.107 Loaded shared library D:\Nikita_WeW\coding\jdk20\bin\net.dll
Event: 0.109 Loaded shared library D:\Nikita_WeW\coding\jdk20\bin\nio.dll
Event: 0.113 Loaded shared library D:\Nikita_WeW\coding\jdk20\bin\zip.dll
Event: 0.134 Loaded shared library D:\Nikita_WeW\coding\intellij idea\bin\breakgen64.dll
Event: 0.141 Loaded shared library D:\Nikita_WeW\coding\jdk20\bin\extnet.dll
Event: 0.178 Loaded shared library D:\Nikita_WeW\coding\jdk20\bin\jimage.dll
Event: 0.205 Loaded shared library C:\Users\User\AppData\Local\Temp\lwjgl_User\3.3.2+13\x64\lwjgl.dll

Deoptimization events (0 events):
No events

Classes loaded (20 events):
Event: 0.229 Loading class java/nio/DirectCharBufferU
Event: 0.229 Loading class java/nio/DirectCharBufferU done
Event: 0.230 Loading class java/nio/DirectFloatBufferU
Event: 0.230 Loading class java/nio/DirectFloatBufferU done
Event: 0.231 Loading class java/nio/DirectDoubleBufferU
Event: 0.231 Loading class java/nio/DirectDoubleBufferU done
Event: 0.232 Loading class sun/misc/Unsafe
Event: 0.232 Loading class sun/misc/Unsafe done
Event: 0.233 Loading class java/lang/invoke/DirectMethodHandle$StaticAccessor
Event: 0.233 Loading class java/lang/invoke/DirectMethodHandle$StaticAccessor done
Event: 0.236 Loading class java/util/function/LongPredicate
Event: 0.236 Loading class java/util/function/LongPredicate done
Event: 0.239 Loading class java/lang/foreign/MemorySegment
Event: 0.239 Loading class java/lang/foreign/MemorySegment done
Event: 0.244 Loading class java/nio/InvalidMarkException
Event: 0.244 Loading class java/nio/InvalidMarkException done
Event: 0.244 Loading class java/nio/BufferUnderflowException
Event: 0.244 Loading class java/nio/BufferUnderflowException done
Event: 0.247 Loading class java/lang/IndexOutOfBoundsException
Event: 0.247 Loading class java/lang/IndexOutOfBoundsException done

Classes unloaded (0 events):
No events

Classes redefined (0 events):
No events

Internal exceptions (19 events):
Event: 0.124 Thread 0x0000021496a1bd90 Exception <a 'java/lang/NoSuchMethodError'{0x0000000089b8ef10}: 'void java.lang.invoke.DirectMethodHandle$Holder.invokeStatic(java.lang.Object, java.lang.Object, java.lang.Object)'> (0x0000000089b8ef10) 
thrown [s\open\src\hotspot\share\interpreter\linkResolver.cpp, line 773]
Event: 0.129 Thread 0x0000021496a1bd90 Exception <a 'java/lang/NoSuchMethodError'{0x0000000089ba6418}: 'java.lang.Object java.lang.invoke.Invokers$Holder.invokeExact_MT(java.lang.Object, java.lang.Object, java.lang.Object, java.lang.Object, java.lang.Object)'> (0x0000000089ba6418) 
thrown [s\open\src\hotspot\share\interpreter\linkResolver.cpp, line 773]
Event: 0.143 Thread 0x00000214fa773200 Exception <a 'java/lang/NoSuchMethodError'{0x0000000089bf5230}: 'void java.lang.invoke.DirectMethodHandle$Holder.invokeStatic(java.lang.Object, java.lang.Object)'> (0x0000000089bf5230) 
thrown [s\open\src\hotspot\share\interpreter\linkResolver.cpp, line 773]
Event: 0.168 Thread 0x0000021496a1bd90 Exception <a 'java/lang/NoSuchMethodError'{0x0000000089aeaa90}: 'void java.lang.System.load(java.lang.String, java.lang.Class)'> (0x0000000089aeaa90) 
thrown [s\open\src\hotspot\share\interpreter\linkResolver.cpp, line 773]
Event: 0.168 Thread 0x0000021496a1bd90 Exception <a 'java/lang/NoSuchMethodError'{0x0000000089aeb460}: 'void java.lang.invoke.DirectMethodHandle$Holder.invokeSpecial(java.lang.Object, java.lang.Object, java.lang.Object)'> (0x0000000089aeb460) 
thrown [s\open\src\hotspot\share\interpreter\linkResolver.cpp, line 773]
Event: 0.170 Thread 0x0000021496a1bd90 Exception <a 'java/lang/NoSuchMethodError'{0x0000000089af8fc0}: 'java.lang.Object java.lang.invoke.DirectMethodHandle$Holder.invokeStatic(java.lang.Object, java.lang.Object, int)'> (0x0000000089af8fc0) 
thrown [s\open\src\hotspot\share\interpreter\linkResolver.cpp, line 773]
Event: 0.171 Thread 0x0000021496a1bd90 Exception <a 'java/lang/NoSuchMethodError'{0x0000000089904ab0}: 'void java.lang.invoke.DelegatingMethodHandle$Holder.delegate(java.lang.Object, java.lang.Object, int, java.lang.Object)'> (0x0000000089904ab0) 
thrown [s\open\src\hotspot\share\interpreter\linkResolver.cpp, line 773]
Event: 0.172 Thread 0x0000021496a1bd90 Exception <a 'java/lang/NoSuchMethodError'{0x0000000089908790}: 'int java.lang.invoke.DirectMethodHandle$Holder.invokeSpecial(java.lang.Object, java.lang.Object, java.lang.Object)'> (0x0000000089908790) 
thrown [s\open\src\hotspot\share\interpreter\linkResolver.cpp, line 773]
Event: 0.176 Thread 0x0000021496a1bd90 Exception <a 'java/lang/NoSuchMethodError'{0x0000000089921e28}: 'void java.lang.System.loadLibrary(java.lang.String, java.lang.Class)'> (0x0000000089921e28) 
thrown [s\open\src\hotspot\share\interpreter\linkResolver.cpp, line 773]
Event: 0.202 Thread 0x0000021496a1bd90 Exception <a 'sun/nio/fs/WindowsException'{0x00000000899517e8}> (0x00000000899517e8) 
thrown [s\open\src\hotspot\share\prims\jni.cpp, line 519]
Event: 0.202 Thread 0x0000021496a1bd90 Exception <a 'sun/nio/fs/WindowsException'{0x0000000089951d10}> (0x0000000089951d10) 
thrown [s\open\src\hotspot\share\prims\jni.cpp, line 519]
Event: 0.220 Thread 0x0000021496a1bd90 Exception <a 'sun/nio/fs/WindowsException'{0x00000000899838b8}> (0x00000000899838b8) 
thrown [s\open\src\hotspot\share\prims\jni.cpp, line 519]
Event: 0.220 Thread 0x0000021496a1bd90 Exception <a 'sun/nio/fs/WindowsException'{0x0000000089983c18}> (0x0000000089983c18) 
thrown [s\open\src\hotspot\share\prims\jni.cpp, line 519]
Event: 0.237 Thread 0x0000021496a1bd90 Exception <a 'java/lang/NoSuchMethodError'{0x00000000899d4788}: 'int java.lang.invoke.DirectMethodHandle$Holder.invokeStaticInit(java.lang.Object, java.lang.Object, int, long)'> (0x00000000899d4788) 
thrown [s\open\src\hotspot\share\interpreter\linkResolver.cpp, line 773]
Event: 0.238 Thread 0x0000021496a1bd90 Exception <a 'java/lang/NoSuchMethodError'{0x00000000899d9dc0}: 'java.lang.Object java.lang.invoke.DirectMethodHandle$Holder.newInvokeSpecial(java.lang.Object, java.lang.Object, int)'> (0x00000000899d9dc0) 
thrown [s\open\src\hotspot\share\interpreter\linkResolver.cpp, line 773]
Event: 0.240 Thread 0x0000021496a1bd90 Exception <a 'java/lang/NoSuchMethodError'{0x00000000899e8870}: 'int java.lang.invoke.DirectMethodHandle$Holder.invokeStaticInit(java.lang.Object, java.lang.Object, long, long)'> (0x00000000899e8870) 
thrown [s\open\src\hotspot\share\interpreter\linkResolver.cpp, line 773]
Event: 0.241 Thread 0x0000021496a1bd90 Exception <a 'java/lang/NoSuchMethodError'{0x00000000899ee918}: 'java.lang.Object java.lang.invoke.DirectMethodHandle$Holder.newInvokeSpecial(java.lang.Object, java.lang.Object, long)'> (0x00000000899ee918) 
thrown [s\open\src\hotspot\share\interpreter\linkResolver.cpp, line 773]
Event: 0.242 Thread 0x0000021496a1bd90 Exception <a 'java/lang/NoSuchMethodError'{0x00000000899f2980}: 'java.lang.Object java.lang.invoke.Invokers$Holder.linkToTargetMethod(java.lang.Object, long, java.lang.Object)'> (0x00000000899f2980) 
thrown [s\open\src\hotspot\share\interpreter\linkResolver.cpp, line 773]
Event: 0.242 Thread 0x0000021496a1bd90 Exception <a 'java/lang/NoSuchMethodError'{0x00000000899f99b8}: 'int java.lang.invoke.DirectMethodHandle$Holder.invokeStaticInit(java.lang.Object, java.lang.Object, java.lang.Object, long)'> (0x00000000899f99b8) 
thrown [s\open\src\hotspot\share\interpreter\linkResolver.cpp, line 773]

VM Operations (4 events):
Event: 0.087 Executing VM operation: HandshakeAllThreads
Event: 0.087 Executing VM operation: HandshakeAllThreads done
Event: 0.136 Executing VM operation: HandshakeAllThreads
Event: 0.136 Executing VM operation: HandshakeAllThreads done

Events (12 events):
Event: 0.034 Thread 0x0000021496a1bd90 Thread added: 0x0000021496a1bd90
Event: 0.050 Thread 0x00000214b5356cc0 Thread added: 0x00000214b5356cc0
Event: 0.050 Thread 0x00000214b5357ac0 Thread added: 0x00000214b5357ac0
Event: 0.051 Thread 0x00000214b535ab50 Thread added: 0x00000214b535ab50
Event: 0.051 Thread 0x00000214b535f9c0 Thread added: 0x00000214b535f9c0
Event: 0.051 Thread 0x00000214b5360300 Thread added: 0x00000214b5360300
Event: 0.051 Thread 0x00000214b5360c40 Thread added: 0x00000214b5360c40
Event: 0.052 Thread 0x00000214b5364db0 Thread added: 0x00000214b5364db0
Event: 0.052 Thread 0x00000214b536f750 Thread added: 0x00000214b536f750
Event: 0.078 Thread 0x00000214fa58ad60 Thread added: 0x00000214fa58ad60
Event: 0.134 Thread 0x00000214fa773200 Thread added: 0x00000214fa773200
Event: 0.135 Thread 0x00000214fa775030 Thread added: 0x00000214fa775030


Dynamic libraries:
0x00007ff745ce0000 - 0x00007ff745cf0000 	D:\Nikita_WeW\coding\jdk20\bin\java.exe
0x00007ffdb2130000 - 0x00007ffdb2328000 	C:\Windows\SYSTEM32\ntdll.dll
0x00007ffdb0840000 - 0x00007ffdb08ff000 	C:\Windows\System32\KERNEL32.DLL
0x00007ffdaf860000 - 0x00007ffdafb56000 	C:\Windows\System32\KERNELBASE.dll
0x00007ffdafdc0000 - 0x00007ffdafec0000 	C:\Windows\System32\ucrtbase.dll
0x00007ffd8d460000 - 0x00007ffd8d479000 	D:\Nikita_WeW\coding\jdk20\bin\jli.dll
0x00007ffd93e10000 - 0x00007ffd93e2b000 	D:\Nikita_WeW\coding\jdk20\bin\VCRUNTIME140.dll
0x00007ffdb0900000 - 0x00007ffdb09af000 	C:\Windows\System32\ADVAPI32.dll
0x00007ffdb1400000 - 0x00007ffdb149e000 	C:\Windows\System32\msvcrt.dll
0x00007ffdb1160000 - 0x00007ffdb11fc000 	C:\Windows\System32\sechost.dll
0x00007ffdb1ee0000 - 0x00007ffdb2006000 	C:\Windows\System32\RPCRT4.dll
0x00007ffdb1200000 - 0x00007ffdb139d000 	C:\Windows\System32\USER32.dll
0x00007ffdafc00000 - 0x00007ffdafc22000 	C:\Windows\System32\win32u.dll
0x00007ffd94820000 - 0x00007ffd94aba000 	C:\Windows\WinSxS\amd64_microsoft.windows.common-controls_6595b64144ccf1df_6.0.19041.1110_none_60b5254171f9507e\COMCTL32.dll
0x00007ffdb14a0000 - 0x00007ffdb14cc000 	C:\Windows\System32\GDI32.dll
0x00007ffdb0070000 - 0x00007ffdb0185000 	C:\Windows\System32\gdi32full.dll
0x00007ffdafb60000 - 0x00007ffdafbfd000 	C:\Windows\System32\msvcp_win.dll
0x00007ffda9290000 - 0x00007ffda929a000 	C:\Windows\SYSTEM32\VERSION.dll
0x00007ffdb1120000 - 0x00007ffdb1150000 	C:\Windows\System32\IMM32.DLL
0x00007ffdaa120000 - 0x00007ffdaa12c000 	D:\Nikita_WeW\coding\jdk20\bin\vcruntime140_1.dll
0x00007ffd7d070000 - 0x00007ffd7d0fe000 	D:\Nikita_WeW\coding\jdk20\bin\msvcp140.dll
0x00007ffd3fc60000 - 0x00007ffd408f8000 	D:\Nikita_WeW\coding\jdk20\bin\server\jvm.dll
0x00007ffd9a750000 - 0x00007ffd9a759000 	C:\Windows\SYSTEM32\WSOCK32.dll
0x00007ffd91ea0000 - 0x00007ffd91ec7000 	C:\Windows\SYSTEM32\WINMM.dll
0x00007ffdb15f0000 - 0x00007ffdb165b000 	C:\Windows\System32\WS2_32.dll
0x00007ffdad6c0000 - 0x00007ffdad6d2000 	C:\Windows\SYSTEM32\kernel.appcore.dll
0x00007ffd93e40000 - 0x00007ffd93e4a000 	D:\Nikita_WeW\coding\jdk20\bin\jimage.dll
0x00007ffd91c90000 - 0x00007ffd91e74000 	C:\Windows\SYSTEM32\DBGHELP.DLL
0x00007ffd8dba0000 - 0x00007ffd8dbd4000 	C:\Windows\SYSTEM32\dbgcore.DLL
0x00007ffdaffe0000 - 0x00007ffdb0062000 	C:\Windows\System32\bcryptPrimitives.dll
0x00007ffd93a30000 - 0x00007ffd93a3e000 	D:\Nikita_WeW\coding\jdk20\bin\instrument.dll
0x00007ffd8d400000 - 0x00007ffd8d426000 	D:\Nikita_WeW\coding\jdk20\bin\java.dll
0x00007ffd79250000 - 0x00007ffd79327000 	D:\Nikita_WeW\coding\jdk20\bin\jsvml.dll
0x00007ffdb1660000 - 0x00007ffdb1da4000 	C:\Windows\System32\SHELL32.dll
0x00007ffdad8c0000 - 0x00007ffdae053000 	C:\Windows\SYSTEM32\windows.storage.dll
0x00007ffdb01c0000 - 0x00007ffdb0514000 	C:\Windows\System32\combase.dll
0x00007ffdaf260000 - 0x00007ffdaf28e000 	C:\Windows\SYSTEM32\Wldp.dll
0x00007ffdb0af0000 - 0x00007ffdb0b9d000 	C:\Windows\System32\SHCORE.dll
0x00007ffdb2010000 - 0x00007ffdb2065000 	C:\Windows\System32\shlwapi.dll
0x00007ffdaf750000 - 0x00007ffdaf76f000 	C:\Windows\SYSTEM32\profapi.dll
0x00007ffd8d390000 - 0x00007ffd8d3a8000 	D:\Nikita_WeW\coding\jdk20\bin\zip.dll
0x00007ffd8d3e0000 - 0x00007ffd8d3f3000 	D:\Nikita_WeW\coding\jdk20\bin\net.dll
0x00007ffda6a20000 - 0x00007ffda6b2a000 	C:\Windows\SYSTEM32\WINHTTP.dll
0x00007ffdaefc0000 - 0x00007ffdaf02a000 	C:\Windows\system32\mswsock.dll
0x00007ffd8d3c0000 - 0x00007ffd8d3d6000 	D:\Nikita_WeW\coding\jdk20\bin\nio.dll
0x00007ffd8d2e0000 - 0x00007ffd8d2fa000 	D:\Nikita_WeW\coding\intellij idea\bin\breakgen64.dll
0x00007ffd93940000 - 0x00007ffd93947000 	D:\Nikita_WeW\coding\jdk20\bin\extnet.dll
0x00007ffd79bb0000 - 0x00007ffd79c2a000 	C:\Users\User\AppData\Local\Temp\lwjgl_User\3.3.2+13\x64\lwjgl.dll
0x00007ffd791c0000 - 0x00007ffd79242000 	C:\Users\User\AppData\Local\Temp\lwjgl_User\3.3.2+13\x64\glfw.dll
0x00007ffd78800000 - 0x00007ffd78845000 	C:\Windows\SYSTEM32\dinput8.dll
0x00007ffd7fd00000 - 0x00007ffd7fd11000 	C:\Windows\SYSTEM32\xinput1_4.dll
0x00007ffdaf810000 - 0x00007ffdaf85e000 	C:\Windows\System32\cfgmgr32.dll
0x00007ffdaf5c0000 - 0x00007ffdaf5ec000 	C:\Windows\SYSTEM32\DEVOBJ.dll
0x00007ffdad3d0000 - 0x00007ffdad3ff000 	C:\Windows\SYSTEM32\dwmapi.dll
0x00007ffda95b0000 - 0x00007ffda9702000 	C:\Windows\SYSTEM32\inputhost.dll
0x00007ffdb0760000 - 0x00007ffdb082d000 	C:\Windows\System32\OLEAUT32.dll
0x00007ffdac3a0000 - 0x00007ffdac4f4000 	C:\Windows\SYSTEM32\wintypes.dll
0x00007ffdacdd0000 - 0x00007ffdacec2000 	C:\Windows\SYSTEM32\CoreMessaging.dll
0x00007ffdaad80000 - 0x00007ffdaae76000 	C:\Windows\SYSTEM32\PROPSYS.dll
0x00007ffdaca70000 - 0x00007ffdacdce000 	C:\Windows\SYSTEM32\CoreUIComponents.dll
0x00007ffdae990000 - 0x00007ffdae9c3000 	C:\Windows\SYSTEM32\ntmarta.dll
0x00007ffdad150000 - 0x00007ffdad1ee000 	C:\Windows\system32\uxtheme.dll
0x00007ffd99990000 - 0x00007ffd999b3000 	C:\Program Files (x86)\Yandex\Punto Switcher\PSHook64.dll
0x00007ffdb14d0000 - 0x00007ffdb15e4000 	C:\Windows\System32\MSCTF.dll

dbghelp: loaded successfully - version: 4.0.5 - missing functions: none
symbol engine: initialized successfully - sym options: 0x614 - pdb path: .;D:\Nikita_WeW\coding\jdk20\bin;C:\Windows\SYSTEM32;C:\Windows\WinSxS\amd64_microsoft.windows.common-controls_6595b64144ccf1df_6.0.19041.1110_none_60b5254171f9507e;D:\Nikita_WeW\coding\jdk20\bin\server;D:\Nikita_WeW\coding\intellij idea\bin;C:\Users\User\AppData\Local\Temp\lwjgl_User\3.3.2+13\x64;C:\Program Files (x86)\Yandex\Punto Switcher

VM Arguments:
jvm_args: -javaagent:D:\Nikita_WeW\coding\intellij idea\lib\idea_rt.jar=51519:D:\Nikita_WeW\coding\intellij idea\bin -Dfile.encoding=UTF-8 -Dsun.stdout.encoding=UTF-8 -Dsun.stderr.encoding=UTF-8 
java_command: Main
java_class_path (initial): D:\Nikita_WeW\coding\intellij idea\projects\Engine3D\out\production\Engine3D;D:\Nikita_WeW\coding\intellij idea\projects\Engine3D\libs\lwjgl-glfw-natives-windows.jar;D:\Nikita_WeW\coding\intellij idea\projects\Engine3D\libs\lwjgl-glfw.jar;D:\Nikita_WeW\coding\intellij idea\projects\Engine3D\libs\lwjgl-natives-windows.jar;D:\Nikita_WeW\coding\intellij idea\projects\Engine3D\libs\lwjgl-opengl-natives-windows.jar;D:\Nikita_WeW\coding\intellij idea\projects\Engine3D\libs\lwjgl-opengl.jar;D:\Nikita_WeW\coding\intellij idea\projects\Engine3D\libs\lwjgl-stb-natives-windows.jar;D:\Nikita_WeW\coding\intellij idea\projects\Engine3D\libs\lwjgl-stb.jar;D:\Nikita_WeW\coding\intellij idea\projects\Engine3D\libs\lwjgl.jar
Launcher Type: SUN_STANDARD

[Global flags]
     intx CICompilerCount                          = 4                                         {product} {ergonomic}
     uint ConcGCThreads                            = 2                                         {product} {ergonomic}
     uint G1ConcRefinementThreads                  = 8                                         {product} {ergonomic}
   size_t G1HeapRegionSize                         = 1048576                                   {product} {ergonomic}
    uintx GCDrainStackTargetSize                   = 64                                        {product} {ergonomic}
   size_t InitialHeapSize                          = 132120576                                 {product} {ergonomic}
   size_t MarkStackSize                            = 4194304                                   {product} {ergonomic}
   size_t MaxHeapSize                              = 2113929216                                {product} {ergonomic}
   size_t MaxNewSize                               = 1267728384                                {product} {ergonomic}
   size_t MinHeapDeltaBytes                        = 1048576                                   {product} {ergonomic}
   size_t MinHeapSize                              = 8388608                                   {product} {ergonomic}
    uintx NonNMethodCodeHeapSize                   = 5839372                                {pd product} {ergonomic}
    uintx NonProfiledCodeHeapSize                  = 122909434                              {pd product} {ergonomic}
    uintx ProfiledCodeHeapSize                     = 122909434                              {pd product} {ergonomic}
    uintx ReservedCodeCacheSize                    = 251658240                              {pd product} {ergonomic}
     bool SegmentedCodeCache                       = true                                      {product} {ergonomic}
   size_t SoftMaxHeapSize                          = 2113929216                             {manageable} {ergonomic}
     bool UseCompressedClassPointers               = true                           {product lp64_product} {ergonomic}
     bool UseCompressedOops                        = true                           {product lp64_product} {ergonomic}
     bool UseG1GC                                  = true                                      {product} {ergonomic}
     bool UseLargePagesIndividualAllocation        = false                                  {pd product} {ergonomic}

Logging:
Log output configuration:
 #0: stdout all=warning uptime,level,tags foldmultilines=false
 #1: stderr all=off uptime,level,tags foldmultilines=false

Environment Variables:
JAVA_HOME=D:\Nikita_WeW\coding\jdk17\
PATH=D:\Nikita_WeW\coding\jdk20\bin;D:\Nikita_WeW\coding\jdk17\bin;C:\Program Files (x86)\Common Files\Oracle\Java\javapath;D:\Nikita_WeW\modding\jdk8\bin;C:\Windows\system32;C:\Windows;C:\Windows\System32\Wbem;C:\Windows\System32\WindowsPowerShell\v1.0\;C:\Windows\System32\OpenSSH\;C:\Program Files\dotnet\;C:\Program Files\Git\cmd;C:\Users\User\AppData\Local\Microsoft\WindowsApps;
USERNAME=User
OS=Windows_NT
PROCESSOR_IDENTIFIER=Intel64 Family 6 Model 142 Stepping 12, GenuineIntel
TMP=C:\Users\User\AppData\Local\Temp
TEMP=C:\Users\User\AppData\Local\Temp




---------------  S Y S T E M  ---------------

OS:
 Windows 10 , 64 bit Build 19041 (10.0.19041.3031)
OS uptime: 41 days 14:32 hours

CPU: total 8 (initial active 8) (4 cores per cpu, 2 threads per core) family 6 model 142 stepping 12 microcode 0xf0, cx8, cmov, fxsr, ht, mmx, 3dnowpref, sse, sse2, sse3, ssse3, sse4.1, sse4.2, popcnt, lzcnt, tsc, tscinvbit, avx, avx2, aes, erms, clmul, bmi1, bmi2, adx, fma, vzeroupper, clflush, clflushopt, rdtscp, f16c

Memory: 4k page, system-wide physical 8062M (778M free)
TotalPageFile size 24178M (AvailPageFile size 6245M)
current process WorkingSet (physical memory assigned to process): 48M, peak: 48M
current process commit charge ("private bytes"): 212M, peak: 212M

vm_info: Java HotSpot(TM) 64-Bit Server VM (20.0.2+9-78) for windows-amd64 JRE (20.0.2+9-78), built on 2023-06-14T10:08:48Z by "mach5one" with MS VC++ 17.1 (VS2022)

END.
